<?xml version="1.0" encoding="UTF-8"?>
<coverage generated="1754996506515" clover="3.2.0">
  <project timestamp="1754996506515" name="All files">
    <metrics statements="1308" coveredstatements="1008" conditionals="452" coveredconditionals="288" methods="234" coveredmethods="180" elements="1994" coveredelements="1476" complexity="0" loc="1308" ncloc="1308" packages="1" files="10" classes="10"/>
    <file name="base.ts" path="C:\Users\dev\source\repos\shogun\shogun-message-plugin\src\base.ts">
      <metrics statements="10" coveredstatements="10" conditionals="1" coveredconditionals="1" methods="5" coveredmethods="5"/>
      <line num="6" count="3" type="stmt"/>
      <line num="7" count="61" type="stmt"/>
      <line num="8" count="61" type="stmt"/>
      <line num="20" count="54" type="stmt"/>
      <line num="21" count="54" type="stmt"/>
      <line num="28" count="6" type="stmt"/>
      <line num="29" count="6" type="stmt"/>
      <line num="36" count="15" type="stmt"/>
      <line num="43" count="3" type="cond" truecount="1" falsecount="0"/>
      <line num="44" count="2" type="stmt"/>
    </file>
    <file name="encryption.ts" path="C:\Users\dev\source\repos\shogun\shogun-message-plugin\src\encryption.ts">
      <metrics statements="134" coveredstatements="116" conditionals="47" coveredconditionals="36" methods="21" coveredmethods="16"/>
      <line num="7" count="3" type="stmt"/>
      <line num="11" count="61" type="stmt"/>
      <line num="18" count="21" type="stmt"/>
      <line num="22" count="21" type="stmt"/>
      <line num="24" count="21" type="stmt"/>
      <line num="25" count="21" type="cond" truecount="3" falsecount="0"/>
      <line num="26" count="7" type="stmt"/>
      <line num="29" count="7" type="stmt"/>
      <line num="33" count="14" type="stmt"/>
      <line num="35" count="14" type="stmt"/>
      <line num="36" count="14" type="stmt"/>
      <line num="37" count="0" type="stmt"/>
      <line num="40" count="14" type="stmt"/>
      <line num="41" count="13" type="stmt"/>
      <line num="42" count="13" type="stmt"/>
      <line num="43" count="13" type="stmt"/>
      <line num="47" count="13" type="cond" truecount="3" falsecount="0"/>
      <line num="48" count="11" type="stmt"/>
      <line num="51" count="11" type="stmt"/>
      <line num="55" count="2" type="stmt"/>
      <line num="56" count="2" type="stmt"/>
      <line num="57" count="2" type="stmt"/>
      <line num="58" count="0" type="stmt"/>
      <line num="61" count="2" type="stmt"/>
      <line num="62" count="2" type="stmt"/>
      <line num="63" count="2" type="stmt"/>
      <line num="64" count="2" type="stmt"/>
      <line num="68" count="2" type="cond" truecount="3" falsecount="0"/>
      <line num="69" count="1" type="stmt"/>
      <line num="72" count="1" type="stmt"/>
      <line num="76" count="1" type="stmt"/>
      <line num="77" count="1" type="stmt"/>
      <line num="78" count="1" type="stmt"/>
      <line num="79" count="0" type="stmt"/>
      <line num="82" count="1" type="stmt"/>
      <line num="83" count="1" type="stmt"/>
      <line num="84" count="1" type="stmt"/>
      <line num="85" count="1" type="stmt"/>
      <line num="89" count="1" type="cond" truecount="1" falsecount="2"/>
      <line num="90" count="0" type="stmt"/>
      <line num="93" count="0" type="stmt"/>
      <line num="97" count="1" type="stmt"/>
      <line num="98" count="1" type="stmt"/>
      <line num="99" count="1" type="stmt"/>
      <line num="100" count="0" type="stmt"/>
      <line num="103" count="1" type="stmt"/>
      <line num="104" count="1" type="stmt"/>
      <line num="105" count="1" type="stmt"/>
      <line num="106" count="1" type="stmt"/>
      <line num="110" count="1" type="cond" truecount="1" falsecount="2"/>
      <line num="111" count="0" type="stmt"/>
      <line num="114" count="0" type="stmt"/>
      <line num="118" count="1" type="stmt"/>
      <line num="119" count="1" type="stmt"/>
      <line num="120" count="1" type="stmt"/>
      <line num="121" count="0" type="stmt"/>
      <line num="124" count="1" type="stmt"/>
      <line num="125" count="1" type="stmt"/>
      <line num="126" count="1" type="stmt"/>
      <line num="127" count="1" type="stmt"/>
      <line num="131" count="1" type="cond" truecount="1" falsecount="2"/>
      <line num="132" count="0" type="stmt"/>
      <line num="135" count="0" type="stmt"/>
      <line num="139" count="1" type="stmt"/>
      <line num="142" count="1" type="stmt"/>
      <line num="146" count="1" type="stmt"/>
      <line num="150" count="1" type="stmt"/>
      <line num="156" count="1" type="stmt"/>
      <line num="157" count="1" type="cond" truecount="2" falsecount="1"/>
      <line num="158" count="0" type="stmt"/>
      <line num="161" count="0" type="stmt"/>
      <line num="164" count="1" type="stmt"/>
      <line num="175" count="3" type="stmt"/>
      <line num="176" count="3" type="cond" truecount="1" falsecount="0"/>
      <line num="177" count="1" type="stmt"/>
      <line num="181" count="2" type="stmt"/>
      <line num="184" count="2" type="stmt"/>
      <line num="189" count="2" type="cond" truecount="1" falsecount="0"/>
      <line num="190" count="1" type="stmt"/>
      <line num="193" count="1" type="stmt"/>
      <line num="198" count="1" type="cond" truecount="2" falsecount="1"/>
      <line num="199" count="0" type="stmt"/>
      <line num="202" count="1" type="stmt"/>
      <line num="214" count="4" type="stmt"/>
      <line num="217" count="4" type="stmt"/>
      <line num="221" count="4" type="cond" truecount="1" falsecount="0"/>
      <line num="222" count="1" type="stmt"/>
      <line num="226" count="3" type="stmt"/>
      <line num="233" count="3" type="cond" truecount="2" falsecount="0"/>
      <line num="235" count="2" type="stmt"/>
      <line num="236" count="2" type="stmt"/>
      <line num="238" count="0" type="stmt"/>
      <line num="240" count="1" type="cond" truecount="3" falsecount="1"/>
      <line num="242" count="0" type="stmt"/>
      <line num="244" count="1" type="stmt"/>
      <line num="247" count="2" type="stmt"/>
      <line num="258" count="5" type="stmt"/>
      <line num="259" count="5" type="stmt"/>
      <line num="260" count="5" type="stmt"/>
      <line num="261" count="5" type="stmt"/>
      <line num="262" count="5" type="stmt"/>
      <line num="265" count="5" type="stmt"/>
      <line num="267" count="4" type="stmt"/>
      <line num="268" count="4" type="stmt"/>
      <line num="272" count="4" type="cond" truecount="1" falsecount="0"/>
      <line num="273" count="2" type="stmt"/>
      <line num="274" count="2" type="stmt"/>
      <line num="275" count="2" type="stmt"/>
      <line num="278" count="2" type="cond" truecount="3" falsecount="0"/>
      <line num="279" count="1" type="stmt"/>
      <line num="280" count="1" type="stmt"/>
      <line num="281" count="1" type="stmt"/>
      <line num="282" count="1" type="stmt"/>
      <line num="283" count="1" type="stmt"/>
      <line num="284" count="1" type="stmt"/>
      <line num="286" count="0" type="stmt"/>
      <line num="287" count="0" type="stmt"/>
      <line num="291" count="1" type="stmt"/>
      <line num="292" count="1" type="stmt"/>
      <line num="294" count="1" type="stmt"/>
      <line num="295" count="1" type="stmt"/>
      <line num="303" count="5" type="cond" truecount="3" falsecount="0"/>
      <line num="304" count="1" type="stmt"/>
      <line num="307" count="4" type="stmt"/>
      <line num="308" count="4" type="stmt"/>
      <line num="309" count="4" type="cond" truecount="3" falsecount="0"/>
      <line num="310" count="1" type="stmt"/>
      <line num="313" count="1" type="stmt"/>
      <line num="316" count="3" type="stmt"/>
      <line num="319" count="3" type="stmt"/>
      <line num="322" count="3" type="stmt"/>
      <line num="330" count="1" type="stmt"/>
      <line num="337" count="1" type="stmt"/>
      <line num="339" count="2" type="stmt"/>
    </file>
    <file name="groupManager.ts" path="C:\Users\dev\source\repos\shogun\shogun-message-plugin\src\groupManager.ts">
      <metrics statements="212" coveredstatements="189" conditionals="84" coveredconditionals="53" methods="41" coveredmethods="35"/>
      <line num="8" count="3" type="stmt"/>
      <line num="13" count="64" type="stmt"/>
      <line num="14" count="64" type="stmt"/>
      <line num="24" count="8" type="cond" truecount="3" falsecount="0"/>
      <line num="25" count="1" type="stmt"/>
      <line num="31" count="7" type="stmt"/>
      <line num="32" count="7" type="cond" truecount="1" falsecount="0"/>
      <line num="33" count="1" type="stmt"/>
      <line num="38" count="6" type="stmt"/>
      <line num="41" count="6" type="stmt"/>
      <line num="42" count="6" type="cond" truecount="1" falsecount="0"/>
      <line num="43" count="1" type="stmt"/>
      <line num="48" count="5" type="stmt"/>
      <line num="49" count="5" type="stmt"/>
      <line num="50" count="5" type="stmt"/>
      <line num="51" count="160" type="stmt"/>
      <line num="54" count="5" type="cond" truecount="0" falsecount="1"/>
      <line num="55" count="0" type="stmt"/>
      <line num="61" count="5" type="stmt"/>
      <line num="62" count="5" type="stmt"/>
      <line num="68" count="5" type="stmt"/>
      <line num="69" count="5" type="stmt"/>
      <line num="70" count="12" type="stmt"/>
      <line num="71" count="12" type="stmt"/>
      <line num="73" count="5" type="stmt"/>
      <line num="74" count="5" type="stmt"/>
      <line num="77" count="5" type="stmt"/>
      <line num="78" count="12" type="stmt"/>
      <line num="80" count="12" type="stmt"/>
      <line num="81" count="10" type="stmt"/>
      <line num="85" count="10" type="cond" truecount="0" falsecount="1"/>
      <line num="86" count="0" type="stmt"/>
      <line num="88" count="10" type="stmt"/>
      <line num="92" count="10" type="cond" truecount="1" falsecount="1"/>
      <line num="93" count="10" type="stmt"/>
      <line num="95" count="0" type="stmt"/>
      <line num="98" count="2" type="stmt"/>
      <line num="102" count="2" type="stmt"/>
      <line num="106" count="5" type="cond" truecount="1" falsecount="0"/>
      <line num="107" count="1" type="stmt"/>
      <line num="113" count="4" type="stmt"/>
      <line num="114" count="32" type="stmt"/>
      <line num="117" count="32" type="stmt"/>
      <line num="118" count="32" type="stmt"/>
      <line num="119" count="32" type="stmt"/>
      <line num="122" count="4" type="stmt"/>
      <line num="132" count="4" type="stmt"/>
      <line num="142" count="4" type="stmt"/>
      <line num="143" count="4" type="stmt"/>
      <line num="144" count="4" type="cond" truecount="1" falsecount="1"/>
      <line num="145" count="0" type="stmt"/>
      <line num="147" count="4" type="stmt"/>
      <line num="154" count="4" type="stmt"/>
      <line num="156" count="4" type="stmt"/>
      <line num="158" count="10" type="stmt"/>
      <line num="159" count="10" type="stmt"/>
      <line num="164" count="5" type="cond" truecount="3" falsecount="1"/>
      <line num="165" count="5" type="stmt"/>
      <line num="171" count="4" type="stmt"/>
      <line num="173" count="10" type="stmt"/>
      <line num="174" count="10" type="stmt"/>
      <line num="179" count="5" type="cond" truecount="3" falsecount="1"/>
      <line num="180" count="5" type="stmt"/>
      <line num="185" count="4" type="stmt"/>
      <line num="188" count="2" type="stmt"/>
      <line num="194" count="4" type="stmt"/>
      <line num="204" count="8" type="cond" truecount="3" falsecount="0"/>
      <line num="205" count="1" type="stmt"/>
      <line num="211" count="7" type="stmt"/>
      <line num="212" count="7" type="cond" truecount="0" falsecount="1"/>
      <line num="213" count="0" type="stmt"/>
      <line num="218" count="7" type="stmt"/>
      <line num="220" count="7" type="stmt"/>
      <line num="221" count="7" type="cond" truecount="1" falsecount="0"/>
      <line num="222" count="4" type="stmt"/>
      <line num="226" count="3" type="stmt"/>
      <line num="227" count="3" type="cond" truecount="0" falsecount="1"/>
      <line num="228" count="0" type="stmt"/>
      <line num="231" count="3" type="stmt"/>
      <line num="233" count="3" type="stmt"/>
      <line num="238" count="3" type="cond" truecount="1" falsecount="0"/>
      <line num="239" count="2" type="stmt"/>
      <line num="246" count="1" type="stmt"/>
      <line num="252" count="1" type="stmt"/>
      <line num="257" count="1" type="stmt"/>
      <line num="258" count="8" type="stmt"/>
      <line num="261" count="8" type="stmt"/>
      <line num="262" count="8" type="stmt"/>
      <line num="263" count="8" type="stmt"/>
      <line num="266" count="1" type="stmt"/>
      <line num="276" count="1" type="stmt"/>
      <line num="277" count="1" type="stmt"/>
      <line num="282" count="0" type="stmt"/>
      <line num="284" count="1" type="stmt"/>
      <line num="285" count="1" type="stmt"/>
      <line num="298" count="7" type="stmt"/>
      <line num="299" count="7" type="stmt"/>
      <line num="300" count="7" type="stmt"/>
      <line num="301" count="6" type="cond" truecount="2" falsecount="0"/>
      <line num="302" count="5" type="stmt"/>
      <line num="304" count="1" type="stmt"/>
      <line num="309" count="6" type="cond" truecount="1" falsecount="0"/>
      <line num="310" count="5" type="stmt"/>
      <line num="312" count="5" type="stmt"/>
      <line num="314" count="5" type="stmt"/>
      <line num="315" count="5" type="stmt"/>
      <line num="316" count="5" type="stmt"/>
      <line num="317" count="5" type="stmt"/>
      <line num="318" count="2" type="cond" truecount="1" falsecount="0"/>
      <line num="320" count="2" type="stmt"/>
      <line num="324" count="1" type="stmt"/>
      <line num="325" count="1" type="stmt"/>
      <line num="326" count="1" type="stmt"/>
      <line num="329" count="1" type="stmt"/>
      <line num="334" count="1" type="stmt"/>
      <line num="336" count="1" type="stmt"/>
      <line num="339" count="1" type="stmt"/>
      <line num="340" count="1" type="stmt"/>
      <line num="341" count="1" type="stmt"/>
      <line num="342" count="2" type="cond" truecount="0" falsecount="1"/>
      <line num="343" count="0" type="stmt"/>
      <line num="347" count="1" type="stmt"/>
      <line num="348" count="1" type="stmt"/>
      <line num="349" count="1" type="stmt"/>
      <line num="352" count="1" type="stmt"/>
      <line num="357" count="1" type="stmt"/>
      <line num="365" count="1" type="stmt"/>
      <line num="373" count="1" type="stmt"/>
      <line num="375" count="1" type="stmt"/>
      <line num="377" count="5" type="stmt"/>
      <line num="381" count="5" type="stmt"/>
      <line num="392" count="7" type="stmt"/>
      <line num="393" count="20" type="cond" truecount="1" falsecount="1"/>
      <line num="394" count="7" type="stmt"/>
      <line num="395" count="7" type="stmt"/>
      <line num="398" count="7" type="cond" truecount="3" falsecount="0"/>
      <line num="399" count="4" type="stmt"/>
      <line num="403" count="3" type="cond" truecount="1" falsecount="1"/>
      <line num="404" count="3" type="stmt"/>
      <line num="405" count="3" type="stmt"/>
      <line num="406" count="3" type="cond" truecount="2" falsecount="0"/>
      <line num="408" count="3" type="cond" truecount="1" falsecount="0"/>
      <line num="409" count="1" type="stmt"/>
      <line num="413" count="2" type="cond" truecount="1" falsecount="1"/>
      <line num="414" count="2" type="stmt"/>
      <line num="415" count="3" type="stmt"/>
      <line num="416" count="3" type="cond" truecount="2" falsecount="0"/>
      <line num="428" count="6" type="stmt"/>
      <line num="429" count="15" type="cond" truecount="1" falsecount="1"/>
      <line num="430" count="6" type="stmt"/>
      <line num="431" count="6" type="stmt"/>
      <line num="433" count="6" type="stmt"/>
      <line num="436" count="6" type="stmt"/>
      <line num="443" count="6" type="stmt"/>
      <line num="444" count="6" type="cond" truecount="1" falsecount="0"/>
      <line num="446" count="2" type="cond" truecount="1" falsecount="1"/>
      <line num="447" count="2" type="stmt"/>
      <line num="448" count="3" type="stmt"/>
      <line num="450" count="2" type="cond" truecount="0" falsecount="1"/>
      <line num="454" count="6" type="cond" truecount="1" falsecount="0"/>
      <line num="455" count="2" type="stmt"/>
      <line num="456" count="2" type="stmt"/>
      <line num="457" count="2" type="stmt"/>
      <line num="458" count="2" type="stmt"/>
      <line num="459" count="2" type="stmt"/>
      <line num="461" count="0" type="stmt"/>
      <line num="462" count="0" type="stmt"/>
      <line num="463" count="0" type="cond" truecount="0" falsecount="2"/>
      <line num="465" count="0" type="stmt"/>
      <line num="471" count="6" type="cond" truecount="3" falsecount="0"/>
      <line num="472" count="2" type="stmt"/>
      <line num="475" count="2" type="stmt"/>
      <line num="479" count="2" type="cond" truecount="0" falsecount="1"/>
      <line num="480" count="0" type="stmt"/>
      <line num="482" count="0" type="stmt"/>
      <line num="483" count="0" type="stmt"/>
      <line num="484" count="0" type="stmt"/>
      <line num="489" count="0" type="cond" truecount="0" falsecount="2"/>
      <line num="490" count="0" type="stmt"/>
      <line num="493" count="0" type="stmt"/>
      <line num="497" count="0" type="stmt"/>
      <line num="505" count="6" type="cond" truecount="1" falsecount="0"/>
      <line num="506" count="2" type="stmt"/>
      <line num="510" count="4" type="stmt"/>
      <line num="513" count="4" type="stmt"/>
      <line num="517" count="4" type="cond" truecount="1" falsecount="0"/>
      <line num="518" count="1" type="stmt"/>
      <line num="521" count="3" type="stmt"/>
      <line num="526" count="3" type="cond" truecount="2" falsecount="0"/>
      <line num="536" count="4" type="stmt"/>
      <line num="537" count="9" type="cond" truecount="1" falsecount="1"/>
      <line num="538" count="4" type="stmt"/>
      <line num="541" count="4" type="stmt"/>
      <line num="544" count="5" type="stmt"/>
      <line num="545" count="5" type="cond" truecount="2" falsecount="1"/>
      <line num="547" count="5" type="stmt"/>
      <line num="550" count="5" type="stmt"/>
      <line num="551" count="5" type="stmt"/>
      <line num="555" count="5" type="cond" truecount="0" falsecount="1"/>
      <line num="557" count="5" type="stmt"/>
      <line num="561" count="5" type="cond" truecount="1" falsecount="0"/>
      <line num="564" count="4" type="stmt"/>
      <line num="567" count="4" type="stmt"/>
      <line num="571" count="4" type="cond" truecount="0" falsecount="1"/>
      <line num="573" count="4" type="stmt"/>
      <line num="577" count="4" type="cond" truecount="1" falsecount="0"/>
      <line num="579" count="4" type="stmt"/>
      <line num="580" count="4" type="stmt"/>
      <line num="585" count="0" type="cond" truecount="0" falsecount="4"/>
      <line num="586" count="0" type="stmt"/>
      <line num="589" count="0" type="stmt"/>
      <line num="593" count="4" type="stmt"/>
    </file>
    <file name="index.ts" path="C:\Users\dev\source\repos\shogun\shogun-message-plugin\src\index.ts">
      <metrics statements="2" coveredstatements="0" conditionals="0" coveredconditionals="0" methods="2" coveredmethods="0"/>
      <line num="19" count="0" type="stmt"/>
      <line num="20" count="0" type="stmt"/>
    </file>
    <file name="messageProcessor.ts" path="C:\Users\dev\source\repos\shogun\shogun-message-plugin\src\messageProcessor.ts">
      <metrics statements="178" coveredstatements="114" conditionals="60" coveredconditionals="32" methods="29" coveredmethods="17"/>
      <line num="3" count="3" type="stmt"/>
      <line num="10" count="3" type="stmt"/>
      <line num="16" count="69" type="stmt"/>
      <line num="17" count="69" type="stmt"/>
      <line num="18" count="69" type="stmt"/>
      <line num="19" count="69" type="stmt"/>
      <line num="20" count="69" type="stmt"/>
      <line num="21" count="69" type="stmt"/>
      <line num="24" count="69" type="stmt"/>
      <line num="25" count="69" type="stmt"/>
      <line num="26" count="69" type="stmt"/>
      <line num="33" count="69" type="stmt"/>
      <line num="34" count="69" type="stmt"/>
      <line num="35" count="69" type="stmt"/>
      <line num="42" count="10" type="cond" truecount="4" falsecount="0"/>
      <line num="43" count="2" type="stmt"/>
      <line num="46" count="8" type="stmt"/>
      <line num="47" count="8" type="cond" truecount="1" falsecount="0"/>
      <line num="48" count="1" type="stmt"/>
      <line num="51" count="1" type="stmt"/>
      <line num="54" count="7" type="stmt"/>
      <line num="55" count="7" type="stmt"/>
      <line num="58" count="7" type="stmt"/>
      <line num="59" count="7" type="stmt"/>
      <line num="60" count="7" type="stmt"/>
      <line num="62" count="0" type="stmt"/>
      <line num="78" count="8" type="cond" truecount="3" falsecount="0"/>
      <line num="80" count="7" type="stmt"/>
      <line num="81" count="7" type="cond" truecount="1" falsecount="0"/>
      <line num="82" count="1" type="stmt"/>
      <line num="85" count="1" type="stmt"/>
      <line num="88" count="6" type="stmt"/>
      <line num="89" count="6" type="stmt"/>
      <line num="90" count="6" type="stmt"/>
      <line num="92" count="0" type="stmt"/>
      <line num="100" count="6" type="stmt"/>
      <line num="107" count="3" type="stmt"/>
      <line num="108" count="3" type="cond" truecount="3" falsecount="0"/>
      <line num="109" count="2" type="stmt"/>
      <line num="110" count="2" type="stmt"/>
      <line num="113" count="3" type="stmt"/>
      <line num="120" count="5" type="cond" truecount="1" falsecount="0"/>
      <line num="123" count="4" type="cond" truecount="1" falsecount="0"/>
      <line num="124" count="4" type="stmt"/>
      <line num="125" count="4" type="stmt"/>
      <line num="129" count="4" type="stmt"/>
      <line num="130" count="1" type="stmt"/>
      <line num="132" count="4" type="stmt"/>
      <line num="134" count="4" type="stmt"/>
      <line num="135" count="4" type="stmt"/>
      <line num="143" count="9" type="stmt"/>
      <line num="144" count="9" type="stmt"/>
      <line num="145" count="8" type="stmt"/>
      <line num="146" count="8" type="stmt"/>
      <line num="149" count="8" type="cond" truecount="2" falsecount="1"/>
      <line num="150" count="0" type="stmt"/>
      <line num="153" count="8" type="cond" truecount="1" falsecount="0"/>
      <line num="154" count="1" type="stmt"/>
      <line num="156" count="7" type="stmt"/>
      <line num="158" count="7" type="stmt"/>
      <line num="159" count="7" type="cond" truecount="1" falsecount="0"/>
      <line num="160" count="1" type="stmt"/>
      <line num="163" count="1" type="stmt"/>
      <line num="164" count="1" type="stmt"/>
      <line num="168" count="6" type="stmt"/>
      <line num="174" count="6" type="cond" truecount="1" falsecount="0"/>
      <line num="175" count="1" type="stmt"/>
      <line num="178" count="1" type="stmt"/>
      <line num="179" count="1" type="stmt"/>
      <line num="183" count="5" type="stmt"/>
      <line num="190" count="5" type="cond" truecount="2" falsecount="2"/>
      <line num="191" count="0" type="cond" truecount="0" falsecount="2"/>
      <line num="192" count="0" type="stmt"/>
      <line num="194" count="0" type="stmt"/>
      <line num="197" count="5" type="stmt"/>
      <line num="201" count="5" type="stmt"/>
      <line num="206" count="5" type="cond" truecount="1" falsecount="0"/>
      <line num="207" count="1" type="stmt"/>
      <line num="210" count="1" type="stmt"/>
      <line num="211" count="1" type="stmt"/>
      <line num="214" count="4" type="stmt"/>
      <line num="223" count="4" type="stmt"/>
      <line num="224" count="4" type="stmt"/>
      <line num="225" count="4" type="stmt"/>
      <line num="228" count="1" type="stmt"/>
      <line num="233" count="13" type="cond" truecount="1" falsecount="0"/>
      <line num="234" count="3" type="stmt"/>
      <line num="236" count="10" type="stmt"/>
      <line num="249" count="0" type="cond" truecount="0" falsecount="1"/>
      <line num="254" count="0" type="stmt"/>
      <line num="258" count="0" type="cond" truecount="0" falsecount="1"/>
      <line num="259" count="0" type="stmt"/>
      <line num="262" count="0" type="stmt"/>
      <line num="265" count="0" type="stmt"/>
      <line num="266" count="0" type="stmt"/>
      <line num="268" count="0" type="stmt"/>
      <line num="270" count="0" type="stmt"/>
      <line num="277" count="0" type="cond" truecount="0" falsecount="2"/>
      <line num="279" count="0" type="stmt"/>
      <line num="288" count="0" type="stmt"/>
      <line num="291" count="0" type="stmt"/>
      <line num="292" count="0" type="stmt"/>
      <line num="295" count="0" type="stmt"/>
      <line num="299" count="0" type="stmt"/>
      <line num="305" count="0" type="cond" truecount="0" falsecount="2"/>
      <line num="306" count="0" type="stmt"/>
      <line num="309" count="0" type="stmt"/>
      <line num="310" count="0" type="stmt"/>
      <line num="312" count="0" type="stmt"/>
      <line num="318" count="0" type="stmt"/>
      <line num="324" count="0" type="cond" truecount="0" falsecount="1"/>
      <line num="325" count="0" type="stmt"/>
      <line num="328" count="0" type="stmt"/>
      <line num="329" count="0" type="stmt"/>
      <line num="333" count="0" type="cond" truecount="0" falsecount="2"/>
      <line num="334" count="0" type="stmt"/>
      <line num="337" count="0" type="stmt"/>
      <line num="338" count="0" type="stmt"/>
      <line num="339" count="0" type="stmt"/>
      <line num="340" count="0" type="stmt"/>
      <line num="344" count="0" type="stmt"/>
      <line num="351" count="0" type="stmt"/>
      <line num="356" count="0" type="stmt"/>
      <line num="365" count="0" type="stmt"/>
      <line num="366" count="0" type="stmt"/>
      <line num="373" count="7" type="cond" truecount="1" falsecount="0"/>
      <line num="374" count="3" type="stmt"/>
      <line num="377" count="4" type="stmt"/>
      <line num="386" count="4" type="cond" truecount="3" falsecount="0"/>
      <line num="387" count="1" type="stmt"/>
      <line num="393" count="3" type="cond" truecount="3" falsecount="0"/>
      <line num="394" count="1" type="stmt"/>
      <line num="400" count="2" type="stmt"/>
      <line num="401" count="2" type="stmt"/>
      <line num="402" count="2" type="cond" truecount="1" falsecount="0"/>
      <line num="403" count="1" type="stmt"/>
      <line num="409" count="1" type="stmt"/>
      <line num="412" count="1" type="stmt"/>
      <line num="418" count="1" type="stmt"/>
      <line num="421" count="1" type="stmt"/>
      <line num="422" count="1" type="stmt"/>
      <line num="425" count="1" type="stmt"/>
      <line num="426" count="1" type="stmt"/>
      <line num="427" count="1" type="stmt"/>
      <line num="428" count="1" type="stmt"/>
      <line num="429" count="0" type="cond" truecount="0" falsecount="1"/>
      <line num="434" count="0" type="stmt"/>
      <line num="435" count="0" type="cond" truecount="0" falsecount="1"/>
      <line num="436" count="0" type="stmt"/>
      <line num="444" count="0" type="stmt"/>
      <line num="446" count="1" type="stmt"/>
      <line num="451" count="0" type="stmt"/>
      <line num="452" count="0" type="stmt"/>
      <line num="453" count="0" type="stmt"/>
      <line num="454" count="0" type="stmt"/>
      <line num="455" count="0" type="cond" truecount="0" falsecount="1"/>
      <line num="460" count="0" type="stmt"/>
      <line num="461" count="0" type="cond" truecount="0" falsecount="1"/>
      <line num="462" count="0" type="stmt"/>
      <line num="470" count="0" type="stmt"/>
      <line num="472" count="0" type="stmt"/>
      <line num="477" count="0" type="stmt"/>
      <line num="478" count="0" type="stmt"/>
      <line num="481" count="0" type="stmt"/>
      <line num="485" count="0" type="stmt"/>
      <line num="487" count="1" type="stmt"/>
      <line num="491" count="1" type="stmt"/>
      <line num="504" count="1" type="stmt"/>
      <line num="505" count="1" type="stmt"/>
      <line num="512" count="0" type="stmt"/>
      <line num="513" count="0" type="stmt"/>
      <line num="520" count="1" type="stmt"/>
      <line num="521" count="1" type="stmt"/>
      <line num="522" count="1" type="stmt"/>
      <line num="531" count="23" type="stmt"/>
      <line num="538" count="11" type="stmt"/>
      <line num="545" count="9" type="stmt"/>
      <line num="552" count="3" type="stmt"/>
    </file>
    <file name="messagingPlugin.ts" path="C:\Users\dev\source\repos\shogun\shogun-message-plugin\src\messagingPlugin.ts">
      <metrics statements="119" coveredstatements="111" conditionals="41" coveredconditionals="29" methods="37" coveredmethods="35"/>
      <line num="3" count="2" type="stmt"/>
      <line num="4" count="2" type="stmt"/>
      <line num="5" count="2" type="stmt"/>
      <line num="6" count="2" type="stmt"/>
      <line num="7" count="2" type="stmt"/>
      <line num="8" count="2" type="stmt"/>
      <line num="9" count="2" type="stmt"/>
      <line num="15" count="2" type="stmt"/>
      <line num="16" count="41" type="stmt"/>
      <line num="17" count="41" type="stmt"/>
      <line num="18" count="41" type="stmt"/>
      <line num="19" count="41" type="stmt"/>
      <line num="29" count="41" type="stmt"/>
      <line num="30" count="41" type="stmt"/>
      <line num="31" count="41" type="stmt"/>
      <line num="32" count="41" type="stmt"/>
      <line num="33" count="41" type="stmt"/>
      <line num="34" count="41" type="stmt"/>
      <line num="35" count="41" type="stmt"/>
      <line num="42" count="40" type="stmt"/>
      <line num="43" count="40" type="stmt"/>
      <line num="44" count="40" type="stmt"/>
      <line num="45" count="40" type="stmt"/>
      <line num="46" count="40" type="stmt"/>
      <line num="50" count="40" type="stmt"/>
      <line num="51" count="40" type="stmt"/>
      <line num="57" count="40" type="stmt"/>
      <line num="73" count="10" type="cond" truecount="3" falsecount="0"/>
      <line num="74" count="2" type="stmt"/>
      <line num="80" count="8" type="cond" truecount="3" falsecount="0"/>
      <line num="81" count="3" type="stmt"/>
      <line num="87" count="5" type="stmt"/>
      <line num="88" count="5" type="stmt"/>
      <line num="89" count="5" type="cond" truecount="1" falsecount="0"/>
      <line num="90" count="1" type="stmt"/>
      <line num="96" count="4" type="stmt"/>
      <line num="97" count="4" type="stmt"/>
      <line num="98" count="4" type="stmt"/>
      <line num="99" count="4" type="stmt"/>
      <line num="100" count="4" type="stmt"/>
      <line num="101" count="32" type="stmt"/>
      <line num="103" count="4" type="stmt"/>
      <line num="107" count="4" type="stmt"/>
      <line num="115" count="4" type="stmt"/>
      <line num="124" count="4" type="stmt"/>
      <line num="127" count="4" type="stmt"/>
      <line num="128" count="4" type="stmt"/>
      <line num="132" count="4" type="stmt"/>
      <line num="137" count="4" type="stmt"/>
      <line num="143" count="4" type="stmt"/>
      <line num="144" count="4" type="stmt"/>
      <line num="148" count="4" type="stmt"/>
      <line num="154" count="4" type="stmt"/>
      <line num="162" count="4" type="stmt"/>
      <line num="170" count="3" type="stmt"/>
      <line num="172" count="1" type="stmt"/>
      <line num="176" count="1" type="stmt"/>
      <line num="191" count="3" type="stmt"/>
      <line num="202" count="2" type="stmt"/>
      <line num="216" count="2" type="stmt"/>
      <line num="227" count="2" type="stmt"/>
      <line num="228" count="2" type="stmt"/>
      <line num="236" count="2" type="stmt"/>
      <line num="237" count="2" type="stmt"/>
      <line num="245" count="2" type="stmt"/>
      <line num="246" count="2" type="stmt"/>
      <line num="257" count="5" type="stmt"/>
      <line num="258" count="5" type="cond" truecount="2" falsecount="1"/>
      <line num="259" count="0" type="stmt"/>
      <line num="262" count="5" type="cond" truecount="1" falsecount="0"/>
      <line num="264" count="1" type="stmt"/>
      <line num="265" count="1" type="stmt"/>
      <line num="271" count="4" type="cond" truecount="1" falsecount="0"/>
      <line num="273" count="1" type="stmt"/>
      <line num="274" count="1" type="stmt"/>
      <line num="275" count="1" type="stmt"/>
      <line num="282" count="3" type="cond" truecount="1" falsecount="0"/>
      <line num="284" count="1" type="stmt"/>
      <line num="287" count="2" type="stmt"/>
      <line num="289" count="0" type="cond" truecount="0" falsecount="2"/>
      <line num="302" count="7" type="cond" truecount="2" falsecount="0"/>
      <line num="304" count="7" type="cond" truecount="2" falsecount="0"/>
      <line num="306" count="7" type="cond" truecount="2" falsecount="0"/>
      <line num="308" count="7" type="cond" truecount="2" falsecount="0"/>
      <line num="309" count="7" type="stmt"/>
      <line num="328" count="2" type="stmt"/>
      <line num="339" count="1" type="stmt"/>
      <line num="350" count="0" type="stmt"/>
      <line num="357" count="0" type="stmt"/>
      <line num="367" count="1" type="stmt"/>
      <line num="374" count="1" type="stmt"/>
      <line num="384" count="1" type="stmt"/>
      <line num="385" count="1" type="stmt"/>
      <line num="386" count="1" type="stmt"/>
      <line num="388" count="0" type="stmt"/>
      <line num="389" count="0" type="stmt"/>
      <line num="404" count="1" type="stmt"/>
      <line num="405" count="1" type="stmt"/>
      <line num="406" count="1" type="stmt"/>
      <line num="408" count="0" type="stmt"/>
      <line num="419" count="1" type="cond" truecount="3" falsecount="1"/>
      <line num="420" count="0" type="stmt"/>
      <line num="422" count="1" type="stmt"/>
      <line num="423" count="1" type="cond" truecount="1" falsecount="1"/>
      <line num="434" count="1" type="stmt"/>
      <line num="441" count="2" type="stmt"/>
      <line num="448" count="1" type="stmt"/>
      <line num="455" count="1" type="stmt"/>
      <line num="462" count="1" type="stmt"/>
      <line num="469" count="1" type="stmt"/>
      <line num="476" count="1" type="stmt"/>
      <line num="483" count="1" type="stmt"/>
      <line num="490" count="1" type="stmt"/>
      <line num="497" count="1" type="stmt"/>
      <line num="504" count="1" type="stmt"/>
      <line num="511" count="2" type="stmt"/>
      <line num="518" count="1" type="stmt"/>
      <line num="525" count="9" type="stmt"/>
      <line num="537" count="1" type="stmt"/>
    </file>
    <file name="publicRoomManager.ts" path="C:\Users\dev\source\repos\shogun\shogun-message-plugin\src\publicRoomManager.ts">
      <metrics statements="106" coveredstatements="69" conditionals="40" coveredconditionals="24" methods="19" coveredmethods="13"/>
      <line num="3" count="3" type="stmt"/>
      <line num="9" count="3" type="stmt"/>
      <line num="12" count="69" type="stmt"/>
      <line num="13" count="69" type="stmt"/>
      <line num="14" count="69" type="stmt"/>
      <line num="15" count="69" type="stmt"/>
      <line num="16" count="69" type="stmt"/>
      <line num="17" count="69" type="stmt"/>
      <line num="20" count="69" type="stmt"/>
      <line num="21" count="69" type="stmt"/>
      <line num="31" count="9" type="cond" truecount="3" falsecount="0"/>
      <line num="32" count="1" type="stmt"/>
      <line num="38" count="8" type="cond" truecount="1" falsecount="0"/>
      <line num="44" count="3" type="stmt"/>
      <line num="51" count="5" type="stmt"/>
      <line num="52" count="5" type="stmt"/>
      <line num="53" count="5" type="cond" truecount="1" falsecount="0"/>
      <line num="54" count="1" type="stmt"/>
      <line num="60" count="4" type="stmt"/>
      <line num="61" count="4" type="stmt"/>
      <line num="63" count="4" type="cond" truecount="2" falsecount="0"/>
      <line num="67" count="4" type="stmt"/>
      <line num="77" count="4" type="stmt"/>
      <line num="83" count="4" type="stmt"/>
      <line num="89" count="4" type="stmt"/>
      <line num="91" count="1" type="stmt"/>
      <line num="93" count="1" type="stmt"/>
      <line num="95" count="3" type="stmt"/>
      <line num="99" count="3" type="stmt"/>
      <line num="112" count="7" type="cond" truecount="1" falsecount="0"/>
      <line num="117" count="1" type="stmt"/>
      <line num="120" count="6" type="stmt"/>
      <line num="121" count="6" type="cond" truecount="0" falsecount="1"/>
      <line num="122" count="0" type="stmt"/>
      <line num="125" count="0" type="stmt"/>
      <line num="128" count="6" type="stmt"/>
      <line num="129" count="6" type="stmt"/>
      <line num="131" count="6" type="stmt"/>
      <line num="136" count="6" type="stmt"/>
      <line num="138" count="6" type="stmt"/>
      <line num="140" count="0" type="stmt"/>
      <line num="154" count="5" type="stmt"/>
      <line num="155" count="5" type="cond" truecount="1" falsecount="0"/>
      <line num="156" count="4" type="stmt"/>
      <line num="157" count="4" type="stmt"/>
      <line num="165" count="3" type="cond" truecount="1" falsecount="0"/>
      <line num="167" count="2" type="cond" truecount="1" falsecount="0"/>
      <line num="168" count="2" type="stmt"/>
      <line num="169" count="2" type="stmt"/>
      <line num="172" count="2" type="stmt"/>
      <line num="173" count="2" type="stmt"/>
      <line num="174" count="2" type="stmt"/>
      <line num="187" count="108" type="cond" truecount="1" falsecount="0"/>
      <line num="193" count="108" type="stmt"/>
      <line num="197" count="0" type="cond" truecount="0" falsecount="1"/>
      <line num="198" count="0" type="stmt"/>
      <line num="201" count="0" type="stmt"/>
      <line num="204" count="0" type="stmt"/>
      <line num="205" count="0" type="stmt"/>
      <line num="207" count="0" type="stmt"/>
      <line num="209" count="0" type="cond" truecount="0" falsecount="1"/>
      <line num="210" count="0" type="stmt"/>
      <line num="215" count="0" type="cond" truecount="0" falsecount="1"/>
      <line num="216" count="0" type="stmt"/>
      <line num="223" count="0" type="cond" truecount="0" falsecount="2"/>
      <line num="224" count="0" type="stmt"/>
      <line num="225" count="0" type="stmt"/>
      <line num="226" count="0" type="stmt"/>
      <line num="228" count="0" type="stmt"/>
      <line num="235" count="0" type="stmt"/>
      <line num="240" count="0" type="stmt"/>
      <line num="241" count="0" type="stmt"/>
      <line num="252" count="0" type="stmt"/>
      <line num="253" count="0" type="stmt"/>
      <line num="256" count="0" type="stmt"/>
      <line num="260" count="0" type="cond" truecount="0" falsecount="1"/>
      <line num="261" count="0" type="stmt"/>
      <line num="265" count="0" type="stmt"/>
      <line num="268" count="0" type="cond" truecount="0" falsecount="1"/>
      <line num="269" count="0" type="stmt"/>
      <line num="271" count="0" type="stmt"/>
      <line num="273" count="0" type="stmt"/>
      <line num="277" count="0" type="stmt"/>
      <line num="292" count="7" type="cond" truecount="1" falsecount="1"/>
      <line num="293" count="7" type="stmt"/>
      <line num="294" count="0" type="cond" truecount="0" falsecount="2"/>
      <line num="295" count="0" type="stmt"/>
      <line num="297" count="0" type="stmt"/>
      <line num="300" count="7" type="stmt"/>
      <line num="302" count="7" type="stmt"/>
      <line num="306" count="7" type="stmt"/>
      <line num="307" count="7" type="stmt"/>
      <line num="308" count="7" type="stmt"/>
      <line num="309" count="1" type="cond" truecount="1" falsecount="1"/>
      <line num="310" count="0" type="stmt"/>
      <line num="314" count="0" type="stmt"/>
      <line num="316" count="1" type="stmt"/>
      <line num="319" count="1" type="stmt"/>
      <line num="323" count="6" type="stmt"/>
      <line num="327" count="6" type="stmt"/>
      <line num="336" count="16" type="cond" truecount="1" falsecount="0"/>
      <line num="337" count="3" type="stmt"/>
      <line num="340" count="13" type="stmt"/>
      <line num="347" count="5" type="stmt"/>
      <line num="354" count="8" type="stmt"/>
      <line num="361" count="3" type="stmt"/>
    </file>
    <file name="tokenRoomManager.ts" path="C:\Users\dev\source\repos\shogun\shogun-message-plugin\src\tokenRoomManager.ts">
      <metrics statements="463" coveredstatements="316" conditionals="145" coveredconditionals="84" methods="61" coveredmethods="40"/>
      <line num="8" count="3" type="stmt"/>
      <line num="29" count="3" type="stmt"/>
      <line num="32" count="77" type="stmt"/>
      <line num="33" count="77" type="stmt"/>
      <line num="34" count="77" type="stmt"/>
      <line num="37" count="77" type="stmt"/>
      <line num="38" count="77" type="stmt"/>
      <line num="40" count="77" type="stmt"/>
      <line num="47" count="77" type="stmt"/>
      <line num="48" count="77" type="stmt"/>
      <line num="49" count="77" type="cond" truecount="1" falsecount="1"/>
      <line num="50" count="77" type="stmt"/>
      <line num="54" count="77" type="stmt"/>
      <line num="64" count="48" type="stmt"/>
      <line num="65" count="48" type="cond" truecount="1" falsecount="0"/>
      <line num="66" count="38" type="stmt"/>
      <line num="81" count="7" type="cond" truecount="3" falsecount="0"/>
      <line num="82" count="1" type="stmt"/>
      <line num="88" count="6" type="cond" truecount="3" falsecount="0"/>
      <line num="89" count="1" type="stmt"/>
      <line num="95" count="5" type="stmt"/>
      <line num="96" count="5" type="stmt"/>
      <line num="97" count="5" type="stmt"/>
      <line num="101" count="5" type="stmt"/>
      <line num="102" count="5" type="cond" truecount="1" falsecount="0"/>
      <line num="103" count="1" type="stmt"/>
      <line num="106" count="1" type="stmt"/>
      <line num="113" count="4" type="stmt"/>
      <line num="114" count="4" type="stmt"/>
      <line num="115" count="4" type="stmt"/>
      <line num="118" count="3" type="stmt"/>
      <line num="125" count="3" type="cond" truecount="1" falsecount="0"/>
      <line num="126" count="2" type="stmt"/>
      <line num="127" count="3" type="cond" truecount="1" falsecount="0"/>
      <line num="128" count="1" type="stmt"/>
      <line num="129" count="3" type="stmt"/>
      <line num="132" count="3" type="stmt"/>
      <line num="133" count="3" type="stmt"/>
      <line num="134" count="3" type="stmt"/>
      <line num="136" count="3" type="stmt"/>
      <line num="140" count="3" type="stmt"/>
      <line num="141" count="3" type="stmt"/>
      <line num="142" count="3" type="stmt"/>
      <line num="147" count="3" type="stmt"/>
      <line num="151" count="3" type="stmt"/>
      <line num="152" count="3" type="stmt"/>
      <line num="153" count="0" type="stmt"/>
      <line num="156" count="0" type="stmt"/>
      <line num="163" count="3" type="stmt"/>
      <line num="166" count="3" type="stmt"/>
      <line num="167" count="3" type="stmt"/>
      <line num="168" count="3" type="stmt"/>
      <line num="172" count="3" type="cond" truecount="3" falsecount="1"/>
      <line num="173" count="0" type="stmt"/>
      <line num="177" count="0" type="stmt"/>
      <line num="179" count="3" type="stmt"/>
      <line num="182" count="3" type="stmt"/>
      <line num="187" count="3" type="stmt"/>
      <line num="190" count="3" type="stmt"/>
      <line num="192" count="0" type="stmt"/>
      <line num="193" count="0" type="stmt"/>
      <line num="194" count="0" type="stmt"/>
      <line num="199" count="0" type="stmt"/>
      <line num="204" count="0" type="cond" truecount="0" falsecount="1"/>
      <line num="205" count="0" type="stmt"/>
      <line num="208" count="0" type="stmt"/>
      <line num="214" count="0" type="stmt"/>
      <line num="215" count="0" type="stmt"/>
      <line num="218" count="0" type="stmt"/>
      <line num="223" count="3" type="stmt"/>
      <line num="227" count="3" type="stmt"/>
      <line num="228" count="3" type="stmt"/>
      <line num="230" count="3" type="stmt"/>
      <line num="231" count="3" type="stmt"/>
      <line num="232" count="3" type="stmt"/>
      <line num="236" count="3" type="stmt"/>
      <line num="237" count="3" type="stmt"/>
      <line num="238" count="0" type="stmt"/>
      <line num="241" count="0" type="stmt"/>
      <line num="246" count="3" type="stmt"/>
      <line num="247" count="3" type="stmt"/>
      <line num="248" count="3" type="stmt"/>
      <line num="252" count="3" type="cond" truecount="3" falsecount="1"/>
      <line num="253" count="0" type="stmt"/>
      <line num="257" count="0" type="stmt"/>
      <line num="259" count="3" type="stmt"/>
      <line num="262" count="3" type="stmt"/>
      <line num="267" count="3" type="stmt"/>
      <line num="270" count="3" type="stmt"/>
      <line num="272" count="0" type="stmt"/>
      <line num="273" count="0" type="stmt"/>
      <line num="278" count="0" type="cond" truecount="0" falsecount="1"/>
      <line num="279" count="0" type="stmt"/>
      <line num="283" count="0" type="stmt"/>
      <line num="286" count="0" type="stmt"/>
      <line num="289" count="0" type="stmt"/>
      <line num="293" count="0" type="stmt"/>
      <line num="296" count="0" type="stmt"/>
      <line num="301" count="3" type="stmt"/>
      <line num="303" count="3" type="stmt"/>
      <line num="304" count="3" type="stmt"/>
      <line num="307" count="3" type="stmt"/>
      <line num="308" count="3" type="stmt"/>
      <line num="310" count="1" type="stmt"/>
      <line num="314" count="1" type="stmt"/>
      <line num="315" count="1" type="stmt"/>
      <line num="332" count="8" type="cond" truecount="3" falsecount="0"/>
      <line num="333" count="1" type="stmt"/>
      <line num="339" count="7" type="cond" truecount="4" falsecount="0"/>
      <line num="340" count="3" type="stmt"/>
      <line num="346" count="4" type="stmt"/>
      <line num="347" count="4" type="stmt"/>
      <line num="348" count="4" type="stmt"/>
      <line num="349" count="4" type="cond" truecount="0" falsecount="1"/>
      <line num="350" count="0" type="stmt"/>
      <line num="356" count="4" type="stmt"/>
      <line num="357" count="4" type="stmt"/>
      <line num="359" count="4" type="cond" truecount="2" falsecount="0"/>
      <line num="363" count="4" type="stmt"/>
      <line num="369" count="4" type="stmt"/>
      <line num="378" count="4" type="stmt"/>
      <line num="388" count="4" type="stmt"/>
      <line num="392" count="4" type="stmt"/>
      <line num="395" count="4" type="stmt"/>
      <line num="397" count="4" type="stmt"/>
      <line num="399" count="4" type="stmt"/>
      <line num="400" count="4" type="stmt"/>
      <line num="401" count="4" type="stmt"/>
      <line num="402" count="4" type="stmt"/>
      <line num="403" count="4" type="cond" truecount="3" falsecount="0"/>
      <line num="404" count="4" type="stmt"/>
      <line num="412" count="0" type="stmt"/>
      <line num="418" count="4" type="stmt"/>
      <line num="419" count="4" type="stmt"/>
      <line num="421" count="0" type="stmt"/>
      <line num="426" count="0" type="stmt"/>
      <line num="430" count="0" type="stmt"/>
      <line num="442" count="6" type="stmt"/>
      <line num="443" count="6" type="stmt"/>
      <line num="447" count="6" type="stmt"/>
      <line num="448" count="6" type="stmt"/>
      <line num="449" count="0" type="stmt"/>
      <line num="452" count="0" type="stmt"/>
      <line num="457" count="6" type="stmt"/>
      <line num="458" count="5" type="stmt"/>
      <line num="459" count="5" type="stmt"/>
      <line num="463" count="5" type="stmt"/>
      <line num="467" count="5" type="cond" truecount="4" falsecount="0"/>
      <line num="468" count="4" type="stmt"/>
      <line num="472" count="4" type="stmt"/>
      <line num="475" count="1" type="stmt"/>
      <line num="485" count="1" type="stmt"/>
      <line num="489" count="1" type="stmt"/>
      <line num="491" count="1" type="stmt"/>
      <line num="495" count="1" type="stmt"/>
      <line num="506" count="6" type="stmt"/>
      <line num="507" count="6" type="stmt"/>
      <line num="509" count="6" type="cond" truecount="0" falsecount="1"/>
      <line num="510" count="0" type="stmt"/>
      <line num="513" count="6" type="stmt"/>
      <line num="514" count="6" type="stmt"/>
      <line num="518" count="6" type="stmt"/>
      <line num="520" count="6" type="stmt"/>
      <line num="521" count="6" type="stmt"/>
      <line num="522" count="6" type="stmt"/>
      <line num="524" count="6" type="stmt"/>
      <line num="525" count="10" type="stmt"/>
      <line num="526" count="10" type="stmt"/>
      <line num="527" count="10" type="cond" truecount="1" falsecount="0"/>
      <line num="528" count="4" type="stmt"/>
      <line num="531" count="4" type="stmt"/>
      <line num="534" count="0" type="stmt"/>
      <line num="540" count="6" type="stmt"/>
      <line num="541" count="6" type="cond" truecount="1" falsecount="0"/>
      <line num="542" count="2" type="stmt"/>
      <line num="545" count="2" type="stmt"/>
      <line num="550" count="2" type="stmt"/>
      <line num="558" count="4" type="stmt"/>
      <line num="559" count="4" type="stmt"/>
      <line num="562" count="4" type="stmt"/>
      <line num="565" count="4" type="cond" truecount="0" falsecount="1"/>
      <line num="566" count="0" type="stmt"/>
      <line num="567" count="0" type="stmt"/>
      <line num="572" count="0" type="stmt"/>
      <line num="579" count="4" type="stmt"/>
      <line num="580" count="4" type="stmt"/>
      <line num="582" count="4" type="cond" truecount="1" falsecount="0"/>
      <line num="587" count="3" type="stmt"/>
      <line num="588" count="3" type="stmt"/>
      <line num="594" count="3" type="stmt"/>
      <line num="599" count="3" type="stmt"/>
      <line num="606" count="1" type="stmt"/>
      <line num="607" count="1" type="stmt"/>
      <line num="610" count="1" type="stmt"/>
      <line num="611" count="1" type="stmt"/>
      <line num="612" count="1" type="stmt"/>
      <line num="614" count="1" type="cond" truecount="2" falsecount="0"/>
      <line num="615" count="1" type="stmt"/>
      <line num="616" count="1" type="stmt"/>
      <line num="617" count="1" type="stmt"/>
      <line num="618" count="0" type="stmt"/>
      <line num="621" count="0" type="stmt"/>
      <line num="624" count="1" type="stmt"/>
      <line num="629" count="1" type="stmt"/>
      <line num="630" count="1" type="stmt"/>
      <line num="633" count="1" type="stmt"/>
      <line num="636" count="1" type="stmt"/>
      <line num="638" count="0" type="stmt"/>
      <line num="639" count="0" type="stmt"/>
      <line num="644" count="0" type="cond" truecount="0" falsecount="1"/>
      <line num="645" count="0" type="stmt"/>
      <line num="650" count="0" type="stmt"/>
      <line num="653" count="0" type="stmt"/>
      <line num="654" count="0" type="stmt"/>
      <line num="657" count="0" type="stmt"/>
      <line num="662" count="1" type="stmt"/>
      <line num="665" count="1" type="stmt"/>
      <line num="666" count="1" type="stmt"/>
      <line num="667" count="1" type="stmt"/>
      <line num="669" count="1" type="stmt"/>
      <line num="673" count="1" type="stmt"/>
      <line num="674" count="1" type="stmt"/>
      <line num="679" count="1" type="stmt"/>
      <line num="682" count="1" type="stmt"/>
      <line num="684" count="0" type="stmt"/>
      <line num="685" count="0" type="stmt"/>
      <line num="690" count="0" type="cond" truecount="0" falsecount="1"/>
      <line num="691" count="0" type="stmt"/>
      <line num="696" count="0" type="stmt"/>
      <line num="701" count="0" type="stmt"/>
      <line num="708" count="0" type="stmt"/>
      <line num="712" count="0" type="stmt"/>
      <line num="715" count="0" type="stmt"/>
      <line num="719" count="1" type="cond" truecount="0" falsecount="1"/>
      <line num="720" count="0" type="stmt"/>
      <line num="723" count="0" type="stmt"/>
      <line num="728" count="0" type="stmt"/>
      <line num="735" count="1" type="stmt"/>
      <line num="738" count="1" type="stmt"/>
      <line num="741" count="1" type="stmt"/>
      <line num="744" count="1" type="stmt"/>
      <line num="747" count="1" type="stmt"/>
      <line num="748" count="1" type="stmt"/>
      <line num="749" count="0" type="stmt"/>
      <line num="754" count="1" type="stmt"/>
      <line num="759" count="1" type="stmt"/>
      <line num="760" count="1" type="stmt"/>
      <line num="761" count="1" type="cond" truecount="3" falsecount="1"/>
      <line num="762" count="0" type="stmt"/>
      <line num="766" count="1" type="stmt"/>
      <line num="772" count="0" type="stmt"/>
      <line num="779" count="1" type="stmt"/>
      <line num="780" count="1" type="stmt"/>
      <line num="781" count="1" type="cond" truecount="1" falsecount="1"/>
      <line num="782" count="1" type="stmt"/>
      <line num="788" count="1" type="stmt"/>
      <line num="792" count="0" type="stmt"/>
      <line num="797" count="0" type="stmt"/>
      <line num="804" count="1" type="stmt"/>
      <line num="805" count="1" type="stmt"/>
      <line num="808" count="1" type="stmt"/>
      <line num="810" count="0" type="stmt"/>
      <line num="815" count="0" type="stmt"/>
      <line num="816" count="0" type="stmt"/>
      <line num="824" count="5" type="cond" truecount="1" falsecount="0"/>
      <line num="829" count="1" type="stmt"/>
      <line num="834" count="1" type="stmt"/>
      <line num="837" count="4" type="stmt"/>
      <line num="838" count="4" type="cond" truecount="0" falsecount="1"/>
      <line num="839" count="0" type="stmt"/>
      <line num="842" count="0" type="stmt"/>
      <line num="846" count="4" type="stmt"/>
      <line num="848" count="4" type="stmt"/>
      <line num="849" count="4" type="stmt"/>
      <line num="851" count="4" type="stmt"/>
      <line num="852" count="4" type="stmt"/>
      <line num="855" count="4" type="stmt"/>
      <line num="858" count="4" type="stmt"/>
      <line num="863" count="4" type="stmt"/>
      <line num="865" count="0" type="cond" truecount="0" falsecount="4"/>
      <line num="867" count="0" type="cond" truecount="0" falsecount="1"/>
      <line num="868" count="0" type="stmt"/>
      <line num="871" count="0" type="stmt"/>
      <line num="874" count="0" type="stmt"/>
      <line num="885" count="4" type="cond" truecount="0" falsecount="1"/>
      <line num="886" count="0" type="stmt"/>
      <line num="889" count="0" type="stmt"/>
      <line num="890" count="0" type="stmt"/>
      <line num="892" count="0" type="cond" truecount="0" falsecount="1"/>
      <line num="893" count="0" type="stmt"/>
      <line num="896" count="0" type="stmt"/>
      <line num="899" count="0" type="stmt"/>
      <line num="906" count="0" type="stmt"/>
      <line num="914" count="4" type="stmt"/>
      <line num="924" count="7" type="cond" truecount="1" falsecount="0"/>
      <line num="926" count="2" type="stmt"/>
      <line num="929" count="2" type="cond" truecount="1" falsecount="0"/>
      <line num="930" count="2" type="stmt"/>
      <line num="931" count="2" type="stmt"/>
      <line num="932" count="2" type="stmt"/>
      <line num="934" count="0" type="stmt"/>
      <line num="936" count="2" type="stmt"/>
      <line num="940" count="2" type="stmt"/>
      <line num="941" count="2" type="stmt"/>
      <line num="943" count="2" type="stmt"/>
      <line num="944" count="0" type="stmt"/>
      <line num="945" count="0" type="stmt"/>
      <line num="946" count="0" type="cond" truecount="0" falsecount="3"/>
      <line num="947" count="0" type="stmt"/>
      <line num="948" count="0" type="stmt"/>
      <line num="951" count="0" type="stmt"/>
      <line num="956" count="2" type="stmt"/>
      <line num="957" count="2" type="stmt"/>
      <line num="959" count="2" type="stmt"/>
      <line num="960" count="2" type="stmt"/>
      <line num="961" count="2" type="stmt"/>
      <line num="973" count="5" type="stmt"/>
      <line num="975" count="5" type="stmt"/>
      <line num="977" count="5" type="stmt"/>
      <line num="979" count="0" type="stmt"/>
      <line num="989" count="5" type="stmt"/>
      <line num="1004" count="5" type="cond" truecount="1" falsecount="0"/>
      <line num="1010" count="2" type="stmt"/>
      <line num="1016" count="2" type="stmt"/>
      <line num="1020" count="3" type="cond" truecount="1" falsecount="0"/>
      <line num="1021" count="1" type="stmt"/>
      <line num="1022" count="1" type="stmt"/>
      <line num="1025" count="1" type="stmt"/>
      <line num="1029" count="2" type="stmt"/>
      <line num="1032" count="2" type="stmt"/>
      <line num="1034" count="2" type="stmt"/>
      <line num="1036" count="2" type="stmt"/>
      <line num="1038" count="2" type="stmt"/>
      <line num="1039" count="2" type="cond" truecount="2" falsecount="1"/>
      <line num="1040" count="0" type="stmt"/>
      <line num="1041" count="0" type="cond" truecount="0" falsecount="1"/>
      <line num="1042" count="0" type="stmt"/>
      <line num="1043" count="0" type="stmt"/>
      <line num="1050" count="2" type="cond" truecount="0" falsecount="1"/>
      <line num="1051" count="0" type="stmt"/>
      <line num="1054" count="0" type="stmt"/>
      <line num="1059" count="0" type="stmt"/>
      <line num="1060" count="0" type="stmt"/>
      <line num="1064" count="2" type="stmt"/>
      <line num="1067" count="2" type="stmt"/>
      <line num="1070" count="2" type="stmt"/>
      <line num="1073" count="2" type="stmt"/>
      <line num="1076" count="2" type="stmt"/>
      <line num="1079" count="2" type="stmt"/>
      <line num="1085" count="2" type="stmt"/>
      <line num="1094" count="2" type="stmt"/>
      <line num="1099" count="2" type="cond" truecount="0" falsecount="1"/>
      <line num="1100" count="0" type="stmt"/>
      <line num="1105" count="0" type="stmt"/>
      <line num="1108" count="0" type="stmt"/>
      <line num="1111" count="0" type="stmt"/>
      <line num="1114" count="0" type="stmt"/>
      <line num="1119" count="2" type="cond" truecount="1" falsecount="1"/>
      <line num="1124" count="2" type="stmt"/>
      <line num="1131" count="2" type="cond" truecount="1" falsecount="0"/>
      <line num="1132" count="2" type="stmt"/>
      <line num="1137" count="2" type="cond" truecount="0" falsecount="1"/>
      <line num="1138" count="0" type="stmt"/>
      <line num="1145" count="2" type="stmt"/>
      <line num="1151" count="2" type="cond" truecount="1" falsecount="1"/>
      <line num="1152" count="2" type="stmt"/>
      <line num="1153" count="2" type="stmt"/>
      <line num="1154" count="2" type="stmt"/>
      <line num="1156" count="0" type="stmt"/>
      <line num="1163" count="0" type="stmt"/>
      <line num="1167" count="2" type="stmt"/>
      <line num="1169" count="0" type="stmt"/>
      <line num="1170" count="0" type="stmt"/>
      <line num="1176" count="0" type="stmt"/>
      <line num="1187" count="2" type="stmt"/>
      <line num="1188" count="2" type="stmt"/>
      <line num="1191" count="2" type="stmt"/>
      <line num="1194" count="2" type="stmt"/>
      <line num="1198" count="0" type="cond" truecount="0" falsecount="1"/>
      <line num="1199" count="0" type="stmt"/>
      <line num="1203" count="2" type="cond" truecount="0" falsecount="1"/>
      <line num="1204" count="0" type="stmt"/>
      <line num="1205" count="0" type="stmt"/>
      <line num="1209" count="2" type="stmt"/>
      <line num="1210" count="2" type="cond" truecount="0" falsecount="1"/>
      <line num="1211" count="0" type="stmt"/>
      <line num="1213" count="0" type="stmt"/>
      <line num="1215" count="0" type="stmt"/>
      <line num="1219" count="0" type="stmt"/>
      <line num="1221" count="0" type="stmt"/>
      <line num="1225" count="2" type="cond" truecount="0" falsecount="1"/>
      <line num="1226" count="0" type="stmt"/>
      <line num="1241" count="4" type="cond" truecount="1" falsecount="1"/>
      <line num="1242" count="0" type="stmt"/>
      <line num="1243" count="4" type="cond" truecount="1" falsecount="1"/>
      <line num="1244" count="0" type="stmt"/>
      <line num="1245" count="4" type="cond" truecount="1" falsecount="1"/>
      <line num="1246" count="4" type="stmt"/>
      <line num="1248" count="0" type="stmt"/>
      <line num="1251" count="4" type="stmt"/>
      <line num="1253" count="4" type="stmt"/>
      <line num="1257" count="4" type="stmt"/>
      <line num="1258" count="4" type="stmt"/>
      <line num="1259" count="4" type="stmt"/>
      <line num="1260" count="4" type="cond" truecount="1" falsecount="1"/>
      <line num="1261" count="0" type="stmt"/>
      <line num="1265" count="0" type="stmt"/>
      <line num="1267" count="4" type="stmt"/>
      <line num="1270" count="4" type="stmt"/>
      <line num="1274" count="0" type="stmt"/>
      <line num="1278" count="0" type="stmt"/>
      <line num="1292" count="1" type="stmt"/>
      <line num="1293" count="1" type="stmt"/>
      <line num="1304" count="1" type="stmt"/>
      <line num="1311" count="1" type="stmt"/>
      <line num="1318" count="1" type="stmt"/>
      <line num="1321" count="1" type="stmt"/>
      <line num="1322" count="1" type="stmt"/>
      <line num="1323" count="0" type="stmt"/>
      <line num="1326" count="1" type="stmt"/>
      <line num="1332" count="0" type="stmt"/>
      <line num="1333" count="0" type="cond" truecount="0" falsecount="1"/>
      <line num="1334" count="0" type="stmt"/>
      <line num="1340" count="0" type="stmt"/>
      <line num="1344" count="0" type="stmt"/>
      <line num="1349" count="0" type="stmt"/>
      <line num="1350" count="0" type="stmt"/>
      <line num="1351" count="0" type="stmt"/>
      <line num="1352" count="0" type="stmt"/>
      <line num="1355" count="0" type="stmt"/>
      <line num="1361" count="0" type="stmt"/>
      <line num="1362" count="0" type="stmt"/>
      <line num="1366" count="0" type="stmt"/>
      <line num="1371" count="0" type="cond" truecount="0" falsecount="4"/>
      <line num="1372" count="0" type="stmt"/>
      <line num="1376" count="0" type="stmt"/>
      <line num="1381" count="0" type="stmt"/>
      <line num="1387" count="1" type="stmt"/>
      <line num="1398" count="11" type="cond" truecount="1" falsecount="0"/>
      <line num="1399" count="3" type="stmt"/>
      <line num="1402" count="8" type="stmt"/>
      <line num="1411" count="2" type="stmt"/>
      <line num="1412" count="2" type="cond" truecount="1" falsecount="0"/>
      <line num="1413" count="2" type="stmt"/>
      <line num="1414" count="2" type="stmt"/>
      <line num="1424" count="1" type="stmt"/>
      <line num="1425" count="1" type="stmt"/>
      <line num="1432" count="4" type="stmt"/>
      <line num="1439" count="7" type="stmt"/>
      <line num="1446" count="1" type="stmt"/>
      <line num="1453" count="1" type="stmt"/>
      <line num="1458" count="1" type="stmt"/>
      <line num="1463" count="1" type="cond" truecount="2" falsecount="1"/>
      <line num="1464" count="1" type="stmt"/>
      <line num="1465" count="1" type="stmt"/>
      <line num="1470" count="1" type="stmt"/>
      <line num="1471" count="1" type="stmt"/>
      <line num="1472" count="1" type="cond" truecount="1" falsecount="2"/>
      <line num="1473" count="0" type="stmt"/>
      <line num="1476" count="1" type="stmt"/>
      <line num="1477" count="1" type="stmt"/>
      <line num="1478" count="1" type="stmt"/>
      <line num="1490" count="1" type="stmt"/>
    </file>
    <file name="types.ts" path="C:\Users\dev\source\repos\shogun\shogun-message-plugin\src\types.ts">
      <metrics statements="5" coveredstatements="5" conditionals="2" coveredconditionals="2" methods="1" coveredmethods="1"/>
      <line num="166" count="1" type="cond" truecount="2" falsecount="0"/>
      <line num="167" count="1" type="stmt"/>
      <line num="168" count="1" type="stmt"/>
      <line num="169" count="1" type="stmt"/>
      <line num="170" count="1" type="stmt"/>
    </file>
    <file name="utils.ts" path="C:\Users\dev\source\repos\shogun\shogun-message-plugin\src\utils.ts">
      <metrics statements="79" coveredstatements="78" conditionals="32" coveredconditionals="27" methods="18" coveredmethods="18"/>
      <line num="11" count="15" type="stmt"/>
      <line num="13" count="15" type="cond" truecount="2" falsecount="0"/>
      <line num="14" count="14" type="stmt"/>
      <line num="17" count="1" type="stmt"/>
      <line num="18" count="8" type="stmt"/>
      <line num="21" count="120" type="stmt"/>
      <line num="27" count="7" type="stmt"/>
      <line num="28" count="10" type="stmt"/>
      <line num="29" count="10" type="stmt"/>
      <line num="30" count="10" type="stmt"/>
      <line num="36" count="7" type="stmt"/>
      <line num="37" count="1" type="stmt"/>
      <line num="38" count="1" type="stmt"/>
      <line num="39" count="1" type="stmt"/>
      <line num="45" count="7" type="cond" truecount="1" falsecount="0"/>
      <line num="46" count="18" type="cond" truecount="3" falsecount="0"/>
      <line num="47" count="1" type="stmt"/>
      <line num="51" count="17" type="stmt"/>
      <line num="52" count="17" type="stmt"/>
      <line num="58" count="7" type="stmt"/>
      <line num="59" count="21" type="stmt"/>
      <line num="60" count="21" type="stmt"/>
      <line num="61" count="295" type="stmt"/>
      <line num="62" count="295" type="stmt"/>
      <line num="63" count="295" type="stmt"/>
      <line num="65" count="21" type="stmt"/>
      <line num="71" count="7" type="stmt"/>
      <line num="73" count="2" type="stmt"/>
      <line num="74" count="2" type="stmt"/>
      <line num="80" count="7" type="stmt"/>
      <line num="81" count="1" type="cond" truecount="1" falsecount="0"/>
      <line num="82" count="1" type="stmt"/>
      <line num="83" count="1" type="stmt"/>
      <line num="84" count="5" type="stmt"/>
      <line num="91" count="7" type="stmt"/>
      <line num="95" count="1" type="stmt"/>
      <line num="96" count="1" type="stmt"/>
      <line num="98" count="1" type="stmt"/>
      <line num="99" count="2" type="cond" truecount="1" falsecount="0"/>
      <line num="100" count="1" type="stmt"/>
      <line num="104" count="1" type="stmt"/>
      <line num="110" count="7" type="stmt"/>
      <line num="118" count="1" type="cond" truecount="2" falsecount="0"/>
      <line num="122" count="1" type="stmt"/>
      <line num="123" count="1" type="stmt"/>
      <line num="124" count="1" type="cond" truecount="1" falsecount="1"/>
      <line num="125" count="1" type="cond" truecount="1" falsecount="1"/>
      <line num="127" count="1" type="stmt"/>
      <line num="129" count="1" type="stmt"/>
      <line num="130" count="1" type="cond" truecount="1" falsecount="0"/>
      <line num="131" count="1" type="cond" truecount="1" falsecount="0"/>
      <line num="133" count="1" type="stmt"/>
      <line num="134" count="1" type="cond" truecount="1" falsecount="0"/>
      <line num="135" count="1" type="stmt"/>
      <line num="138" count="1" type="stmt"/>
      <line num="144" count="7" type="stmt"/>
      <line num="145" count="5" type="stmt"/>
      <line num="146" count="5" type="stmt"/>
      <line num="147" count="128" type="stmt"/>
      <line num="155" count="7" type="stmt"/>
      <line num="156" count="4" type="stmt"/>
      <line num="157" count="4" type="stmt"/>
      <line num="158" count="4" type="stmt"/>
      <line num="164" count="7" type="stmt"/>
      <line num="171" count="8" type="cond" truecount="4" falsecount="0"/>
      <line num="172" count="1" type="stmt"/>
      <line num="177" count="7" type="cond" truecount="2" falsecount="0"/>
      <line num="178" count="1" type="stmt"/>
      <line num="179" count="6" type="cond" truecount="1" falsecount="1"/>
      <line num="180" count="0" type="stmt"/>
      <line num="182" count="6" type="stmt"/>
      <line num="185" count="7" type="stmt"/>
      <line num="187" count="7" type="stmt"/>
      <line num="188" count="7" type="stmt"/>
      <line num="189" count="7" type="stmt"/>
      <line num="190" count="6" type="cond" truecount="2" falsecount="0"/>
      <line num="191" count="1" type="stmt"/>
      <line num="193" count="5" type="stmt"/>
      <line num="197" count="1" type="stmt"/>
    </file>
  </project>
</coverage>
