{"C:\\Users\\dev\\source\\repos\\shogun\\shogun-message-plugin\\src\\base.ts": {"path":"C:\\Users\\dev\\source\\repos\\shogun\\shogun-message-plugin\\src\\base.ts","statementMap":{"0":{"start":{"line":7,"column":12},"end":{"line":7,"column":43}},"1":{"start":{"line":8,"column":12},"end":{"line":8,"column":32}},"2":{"start":{"line":20,"column":4},"end":{"line":20,"column":21}},"3":{"start":{"line":21,"column":4},"end":{"line":21,"column":28}},"4":{"start":{"line":28,"column":4},"end":{"line":28,"column":21}},"5":{"start":{"line":29,"column":4},"end":{"line":29,"column":29}},"6":{"start":{"line":36,"column":4},"end":{"line":36,"column":28}},"7":{"start":{"line":43,"column":4},"end":{"line":45,"column":5}},"8":{"start":{"line":44,"column":6},"end":{"line":44,"column":64}},"9":{"start":{"line":6,"column":0},"end":{"line":6,"column":22}}},"fnMap":{"0":{"name":"(anonymous_0)","decl":{"start":{"line":6,"column":0},"end":{"line":6,"column":22}},"loc":{"start":{"line":6,"column":0},"end":{"line":47,"column":1}}},"1":{"name":"(anonymous_1)","decl":{"start":{"line":19,"column":2},"end":{"line":19,"column":12}},"loc":{"start":{"line":19,"column":29},"end":{"line":22,"column":3}}},"2":{"name":"(anonymous_2)","decl":{"start":{"line":27,"column":2},"end":{"line":27,"column":9}},"loc":{"start":{"line":27,"column":9},"end":{"line":30,"column":3}}},"3":{"name":"(anonymous_3)","decl":{"start":{"line":35,"column":2},"end":{"line":35,"column":15}},"loc":{"start":{"line":35,"column":15},"end":{"line":37,"column":3}}},"4":{"name":"(anonymous_4)","decl":{"start":{"line":42,"column":12},"end":{"line":42,"column":29}},"loc":{"start":{"line":42,"column":29},"end":{"line":46,"column":3}}}},"branchMap":{"0":{"loc":{"start":{"line":43,"column":4},"end":{"line":45,"column":5}},"type":"if","locations":[{"start":{"line":43,"column":4},"end":{"line":45,"column":5}}]}},"s":{"0":61,"1":61,"2":54,"3":54,"4":6,"5":6,"6":15,"7":3,"8":2,"9":3},"f":{"0":61,"1":54,"2":6,"3":15,"4":3},"b":{"0":[2]}}
,"C:\\Users\\dev\\source\\repos\\shogun\\shogun-message-plugin\\src\\encryption.ts": {"path":"C:\\Users\\dev\\source\\repos\\shogun\\shogun-message-plugin\\src\\encryption.ts","statementMap":{"0":{"start":{"line":11,"column":4},"end":{"line":11,"column":21}},"1":{"start":{"line":18,"column":4},"end":{"line":20,"column":6}},"2":{"start":{"line":22,"column":4},"end":{"line":165,"column":5}},"3":{"start":{"line":24,"column":31},"end":{"line":24,"column":63}},"4":{"start":{"line":25,"column":6},"end":{"line":30,"column":7}},"5":{"start":{"line":26,"column":8},"end":{"line":28,"column":10}},"6":{"start":{"line":29,"column":8},"end":{"line":29,"column":36}},"7":{"start":{"line":33,"column":28},"end":{"line":33,"column":63}},"8":{"start":{"line":35,"column":23},"end":{"line":45,"column":8}},"9":{"start":{"line":36,"column":24},"end":{"line":38,"column":16}},"10":{"start":{"line":37,"column":10},"end":{"line":37,"column":62}},"11":{"start":{"line":40,"column":8},"end":{"line":44,"column":11}},"12":{"start":{"line":41,"column":10},"end":{"line":41,"column":32}},"13":{"start":{"line":42,"column":10},"end":{"line":42,"column":74}},"14":{"start":{"line":43,"column":10},"end":{"line":43,"column":24}},"15":{"start":{"line":47,"column":6},"end":{"line":52,"column":7}},"16":{"start":{"line":48,"column":8},"end":{"line":50,"column":10}},"17":{"start":{"line":51,"column":8},"end":{"line":51,"column":29}},"18":{"start":{"line":55,"column":6},"end":{"line":55,"column":76}},"19":{"start":{"line":56,"column":25},"end":{"line":66,"column":8}},"20":{"start":{"line":57,"column":24},"end":{"line":59,"column":16}},"21":{"start":{"line":58,"column":10},"end":{"line":58,"column":64}},"22":{"start":{"line":61,"column":8},"end":{"line":65,"column":11}},"23":{"start":{"line":62,"column":10},"end":{"line":62,"column":32}},"24":{"start":{"line":63,"column":10},"end":{"line":63,"column":76}},"25":{"start":{"line":64,"column":10},"end":{"line":64,"column":24}},"26":{"start":{"line":68,"column":6},"end":{"line":73,"column":7}},"27":{"start":{"line":69,"column":8},"end":{"line":71,"column":10}},"28":{"start":{"line":72,"column":8},"end":{"line":72,"column":31}},"29":{"start":{"line":76,"column":6},"end":{"line":76,"column":76}},"30":{"start":{"line":77,"column":26},"end":{"line":87,"column":8}},"31":{"start":{"line":78,"column":24},"end":{"line":80,"column":16}},"32":{"start":{"line":79,"column":10},"end":{"line":79,"column":65}},"33":{"start":{"line":82,"column":8},"end":{"line":86,"column":11}},"34":{"start":{"line":83,"column":10},"end":{"line":83,"column":32}},"35":{"start":{"line":84,"column":10},"end":{"line":84,"column":77}},"36":{"start":{"line":85,"column":10},"end":{"line":85,"column":24}},"37":{"start":{"line":89,"column":6},"end":{"line":94,"column":7}},"38":{"start":{"line":90,"column":8},"end":{"line":92,"column":10}},"39":{"start":{"line":93,"column":8},"end":{"line":93,"column":32}},"40":{"start":{"line":97,"column":6},"end":{"line":97,"column":73}},"41":{"start":{"line":98,"column":23},"end":{"line":108,"column":8}},"42":{"start":{"line":99,"column":24},"end":{"line":101,"column":16}},"43":{"start":{"line":100,"column":10},"end":{"line":100,"column":62}},"44":{"start":{"line":103,"column":8},"end":{"line":107,"column":11}},"45":{"start":{"line":104,"column":10},"end":{"line":104,"column":32}},"46":{"start":{"line":105,"column":10},"end":{"line":105,"column":74}},"47":{"start":{"line":106,"column":10},"end":{"line":106,"column":24}},"48":{"start":{"line":110,"column":6},"end":{"line":115,"column":7}},"49":{"start":{"line":111,"column":8},"end":{"line":113,"column":10}},"50":{"start":{"line":114,"column":8},"end":{"line":114,"column":29}},"51":{"start":{"line":118,"column":6},"end":{"line":118,"column":78}},"52":{"start":{"line":119,"column":25},"end":{"line":129,"column":8}},"53":{"start":{"line":120,"column":24},"end":{"line":122,"column":16}},"54":{"start":{"line":121,"column":10},"end":{"line":121,"column":64}},"55":{"start":{"line":124,"column":8},"end":{"line":128,"column":11}},"56":{"start":{"line":125,"column":10},"end":{"line":125,"column":32}},"57":{"start":{"line":126,"column":10},"end":{"line":126,"column":76}},"58":{"start":{"line":127,"column":10},"end":{"line":127,"column":24}},"59":{"start":{"line":131,"column":6},"end":{"line":136,"column":7}},"60":{"start":{"line":132,"column":8},"end":{"line":134,"column":10}},"61":{"start":{"line":135,"column":8},"end":{"line":135,"column":31}},"62":{"start":{"line":139,"column":6},"end":{"line":141,"column":8}},"63":{"start":{"line":142,"column":6},"end":{"line":144,"column":8}},"64":{"start":{"line":146,"column":6},"end":{"line":148,"column":8}},"65":{"start":{"line":150,"column":6},"end":{"line":153,"column":8}},"66":{"start":{"line":156,"column":31},"end":{"line":156,"column":63}},"67":{"start":{"line":157,"column":6},"end":{"line":162,"column":7}},"68":{"start":{"line":158,"column":8},"end":{"line":160,"column":10}},"69":{"start":{"line":161,"column":8},"end":{"line":161,"column":36}},"70":{"start":{"line":164,"column":6},"end":{"line":164,"column":79}},"71":{"start":{"line":175,"column":29},"end":{"line":175,"column":61}},"72":{"start":{"line":176,"column":4},"end":{"line":178,"column":5}},"73":{"start":{"line":177,"column":6},"end":{"line":177,"column":65}},"74":{"start":{"line":181,"column":26},"end":{"line":181,"column":67}},"75":{"start":{"line":184,"column":25},"end":{"line":186,"column":null}},"76":{"start":{"line":189,"column":4},"end":{"line":191,"column":5}},"77":{"start":{"line":190,"column":6},"end":{"line":190,"column":66}},"78":{"start":{"line":193,"column":26},"end":{"line":195,"column":null}},"79":{"start":{"line":198,"column":4},"end":{"line":200,"column":5}},"80":{"start":{"line":199,"column":6},"end":{"line":199,"column":62}},"81":{"start":{"line":202,"column":4},"end":{"line":202,"column":25}},"82":{"start":{"line":214,"column":23},"end":{"line":214,"column":61}},"83":{"start":{"line":217,"column":25},"end":{"line":219,"column":null}},"84":{"start":{"line":221,"column":4},"end":{"line":223,"column":5}},"85":{"start":{"line":222,"column":6},"end":{"line":222,"column":79}},"86":{"start":{"line":226,"column":26},"end":{"line":228,"column":null}},"87":{"start":{"line":233,"column":4},"end":{"line":245,"column":5}},"88":{"start":{"line":235,"column":6},"end":{"line":239,"column":7}},"89":{"start":{"line":236,"column":8},"end":{"line":236,"column":63}},"90":{"start":{"line":238,"column":8},"end":{"line":238,"column":70}},"91":{"start":{"line":240,"column":11},"end":{"line":245,"column":5}},"92":{"start":{"line":242,"column":6},"end":{"line":242,"column":49}},"93":{"start":{"line":244,"column":6},"end":{"line":244,"column":72}},"94":{"start":{"line":247,"column":4},"end":{"line":247,"column":23}},"95":{"start":{"line":258,"column":4},"end":{"line":296,"column":5}},"96":{"start":{"line":259,"column":6},"end":{"line":259,"column":65}},"97":{"start":{"line":260,"column":6},"end":{"line":260,"column":73}},"98":{"start":{"line":261,"column":6},"end":{"line":261,"column":84}},"99":{"start":{"line":262,"column":6},"end":{"line":262,"column":84}},"100":{"start":{"line":265,"column":24},"end":{"line":265,"column":75}},"101":{"start":{"line":267,"column":6},"end":{"line":267,"column":71}},"102":{"start":{"line":268,"column":6},"end":{"line":268,"column":80}},"103":{"start":{"line":272,"column":6},"end":{"line":276,"column":7}},"104":{"start":{"line":273,"column":24},"end":{"line":273,"column":45}},"105":{"start":{"line":274,"column":8},"end":{"line":274,"column":82}},"106":{"start":{"line":275,"column":8},"end":{"line":275,"column":23}},"107":{"start":{"line":278,"column":6},"end":{"line":289,"column":7}},"108":{"start":{"line":279,"column":8},"end":{"line":288,"column":9}},"109":{"start":{"line":280,"column":32},"end":{"line":280,"column":57}},"110":{"start":{"line":281,"column":26},"end":{"line":281,"column":51}},"111":{"start":{"line":282,"column":10},"end":{"line":282,"column":81}},"112":{"start":{"line":283,"column":10},"end":{"line":283,"column":82}},"113":{"start":{"line":284,"column":10},"end":{"line":284,"column":25}},"114":{"start":{"line":286,"column":10},"end":{"line":286,"column":79}},"115":{"start":{"line":287,"column":10},"end":{"line":287,"column":23}},"116":{"start":{"line":291,"column":6},"end":{"line":291,"column":67}},"117":{"start":{"line":292,"column":6},"end":{"line":292,"column":19}},"118":{"start":{"line":294,"column":6},"end":{"line":294,"column":75}},"119":{"start":{"line":295,"column":6},"end":{"line":295,"column":19}},"120":{"start":{"line":303,"column":4},"end":{"line":305,"column":5}},"121":{"start":{"line":304,"column":6},"end":{"line":304,"column":13}},"122":{"start":{"line":307,"column":4},"end":{"line":343,"column":5}},"123":{"start":{"line":308,"column":31},"end":{"line":308,"column":63}},"124":{"start":{"line":309,"column":6},"end":{"line":314,"column":7}},"125":{"start":{"line":310,"column":8},"end":{"line":312,"column":10}},"126":{"start":{"line":313,"column":8},"end":{"line":313,"column":15}},"127":{"start":{"line":316,"column":6},"end":{"line":316,"column":79}},"128":{"start":{"line":319,"column":19},"end":{"line":319,"column":61}},"129":{"start":{"line":322,"column":6},"end":{"line":327,"column":9}},"130":{"start":{"line":330,"column":6},"end":{"line":335,"column":9}},"131":{"start":{"line":337,"column":6},"end":{"line":337,"column":76}},"132":{"start":{"line":339,"column":6},"end":{"line":342,"column":8}},"133":{"start":{"line":7,"column":0},"end":{"line":7,"column":13}}},"fnMap":{"0":{"name":"(anonymous_0)","decl":{"start":{"line":10,"column":2},"end":{"line":10,"column":14}},"loc":{"start":{"line":10,"column":30},"end":{"line":12,"column":3}}},"1":{"name":"(anonymous_1)","decl":{"start":{"line":17,"column":9},"end":{"line":17,"column":14}},"loc":{"start":{"line":17,"column":52},"end":{"line":166,"column":3}}},"2":{"name":"(anonymous_2)","decl":{"start":{"line":35,"column":46},"end":{"line":35,"column":47}},"loc":{"start":{"line":35,"column":66},"end":{"line":45,"column":7}}},"3":{"name":"(anonymous_3)","decl":{"start":{"line":36,"column":35},"end":{"line":36,"column":38}},"loc":{"start":{"line":36,"column":40},"end":{"line":38,"column":9}}},"4":{"name":"(anonymous_4)","decl":{"start":{"line":40,"column":37},"end":{"line":40,"column":38}},"loc":{"start":{"line":40,"column":51},"end":{"line":44,"column":9}}},"5":{"name":"(anonymous_5)","decl":{"start":{"line":56,"column":48},"end":{"line":56,"column":49}},"loc":{"start":{"line":56,"column":68},"end":{"line":66,"column":7}}},"6":{"name":"(anonymous_6)","decl":{"start":{"line":57,"column":35},"end":{"line":57,"column":38}},"loc":{"start":{"line":57,"column":40},"end":{"line":59,"column":9}}},"7":{"name":"(anonymous_7)","decl":{"start":{"line":61,"column":54},"end":{"line":61,"column":55}},"loc":{"start":{"line":61,"column":68},"end":{"line":65,"column":9}}},"8":{"name":"(anonymous_8)","decl":{"start":{"line":77,"column":49},"end":{"line":77,"column":50}},"loc":{"start":{"line":77,"column":69},"end":{"line":87,"column":7}}},"9":{"name":"(anonymous_9)","decl":{"start":{"line":78,"column":35},"end":{"line":78,"column":38}},"loc":{"start":{"line":78,"column":40},"end":{"line":80,"column":9}}},"10":{"name":"(anonymous_10)","decl":{"start":{"line":82,"column":42},"end":{"line":82,"column":43}},"loc":{"start":{"line":82,"column":56},"end":{"line":86,"column":9}}},"11":{"name":"(anonymous_11)","decl":{"start":{"line":98,"column":46},"end":{"line":98,"column":47}},"loc":{"start":{"line":98,"column":66},"end":{"line":108,"column":7}}},"12":{"name":"(anonymous_12)","decl":{"start":{"line":99,"column":35},"end":{"line":99,"column":38}},"loc":{"start":{"line":99,"column":40},"end":{"line":101,"column":9}}},"13":{"name":"(anonymous_13)","decl":{"start":{"line":103,"column":36},"end":{"line":103,"column":37}},"loc":{"start":{"line":103,"column":50},"end":{"line":107,"column":9}}},"14":{"name":"(anonymous_14)","decl":{"start":{"line":119,"column":48},"end":{"line":119,"column":49}},"loc":{"start":{"line":119,"column":68},"end":{"line":129,"column":7}}},"15":{"name":"(anonymous_15)","decl":{"start":{"line":120,"column":35},"end":{"line":120,"column":38}},"loc":{"start":{"line":120,"column":40},"end":{"line":122,"column":9}}},"16":{"name":"(anonymous_16)","decl":{"start":{"line":124,"column":48},"end":{"line":124,"column":49}},"loc":{"start":{"line":124,"column":62},"end":{"line":128,"column":9}}},"17":{"name":"(anonymous_17)","decl":{"start":{"line":171,"column":9},"end":{"line":171,"column":14}},"loc":{"start":{"line":173,"column":24},"end":{"line":203,"column":3}}},"18":{"name":"(anonymous_18)","decl":{"start":{"line":208,"column":9},"end":{"line":208,"column":14}},"loc":{"start":{"line":211,"column":21},"end":{"line":248,"column":3}}},"19":{"name":"(anonymous_19)","decl":{"start":{"line":253,"column":9},"end":{"line":253,"column":14}},"loc":{"start":{"line":256,"column":21},"end":{"line":297,"column":3}}},"20":{"name":"(anonymous_20)","decl":{"start":{"line":302,"column":9},"end":{"line":302,"column":14}},"loc":{"start":{"line":302,"column":38},"end":{"line":344,"column":3}}}},"branchMap":{"0":{"loc":{"start":{"line":25,"column":6},"end":{"line":30,"column":7}},"type":"if","locations":[{"start":{"line":25,"column":6},"end":{"line":30,"column":7}}]},"1":{"loc":{"start":{"line":25,"column":10},"end":{"line":25,"column":65}},"type":"binary-expr","locations":[{"start":{"line":25,"column":10},"end":{"line":25,"column":25}},{"start":{"line":25,"column":29},"end":{"line":25,"column":65}}]},"2":{"loc":{"start":{"line":47,"column":6},"end":{"line":52,"column":7}},"type":"if","locations":[{"start":{"line":47,"column":6},"end":{"line":52,"column":7}}]},"3":{"loc":{"start":{"line":47,"column":10},"end":{"line":47,"column":35}},"type":"binary-expr","locations":[{"start":{"line":47,"column":10},"end":{"line":47,"column":18}},{"start":{"line":47,"column":22},"end":{"line":47,"column":35}}]},"4":{"loc":{"start":{"line":68,"column":6},"end":{"line":73,"column":7}},"type":"if","locations":[{"start":{"line":68,"column":6},"end":{"line":73,"column":7}}]},"5":{"loc":{"start":{"line":68,"column":10},"end":{"line":68,"column":39}},"type":"binary-expr","locations":[{"start":{"line":68,"column":10},"end":{"line":68,"column":20}},{"start":{"line":68,"column":24},"end":{"line":68,"column":39}}]},"6":{"loc":{"start":{"line":89,"column":6},"end":{"line":94,"column":7}},"type":"if","locations":[{"start":{"line":89,"column":6},"end":{"line":94,"column":7}}]},"7":{"loc":{"start":{"line":89,"column":10},"end":{"line":89,"column":41}},"type":"binary-expr","locations":[{"start":{"line":89,"column":10},"end":{"line":89,"column":21}},{"start":{"line":89,"column":25},"end":{"line":89,"column":41}}]},"8":{"loc":{"start":{"line":110,"column":6},"end":{"line":115,"column":7}},"type":"if","locations":[{"start":{"line":110,"column":6},"end":{"line":115,"column":7}}]},"9":{"loc":{"start":{"line":110,"column":10},"end":{"line":110,"column":35}},"type":"binary-expr","locations":[{"start":{"line":110,"column":10},"end":{"line":110,"column":18}},{"start":{"line":110,"column":22},"end":{"line":110,"column":35}}]},"10":{"loc":{"start":{"line":131,"column":6},"end":{"line":136,"column":7}},"type":"if","locations":[{"start":{"line":131,"column":6},"end":{"line":136,"column":7}}]},"11":{"loc":{"start":{"line":131,"column":10},"end":{"line":131,"column":39}},"type":"binary-expr","locations":[{"start":{"line":131,"column":10},"end":{"line":131,"column":20}},{"start":{"line":131,"column":24},"end":{"line":131,"column":39}}]},"12":{"loc":{"start":{"line":157,"column":6},"end":{"line":162,"column":7}},"type":"if","locations":[{"start":{"line":157,"column":6},"end":{"line":162,"column":7}}]},"13":{"loc":{"start":{"line":157,"column":10},"end":{"line":157,"column":65}},"type":"binary-expr","locations":[{"start":{"line":157,"column":10},"end":{"line":157,"column":25}},{"start":{"line":157,"column":29},"end":{"line":157,"column":65}}]},"14":{"loc":{"start":{"line":176,"column":4},"end":{"line":178,"column":5}},"type":"if","locations":[{"start":{"line":176,"column":4},"end":{"line":178,"column":5}}]},"15":{"loc":{"start":{"line":189,"column":4},"end":{"line":191,"column":5}},"type":"if","locations":[{"start":{"line":189,"column":4},"end":{"line":191,"column":5}}]},"16":{"loc":{"start":{"line":198,"column":4},"end":{"line":200,"column":5}},"type":"if","locations":[{"start":{"line":198,"column":4},"end":{"line":200,"column":5}}]},"17":{"loc":{"start":{"line":198,"column":8},"end":{"line":198,"column":59}},"type":"binary-expr","locations":[{"start":{"line":198,"column":8},"end":{"line":198,"column":22}},{"start":{"line":198,"column":26},"end":{"line":198,"column":59}}]},"18":{"loc":{"start":{"line":221,"column":4},"end":{"line":223,"column":5}},"type":"if","locations":[{"start":{"line":221,"column":4},"end":{"line":223,"column":5}}]},"19":{"loc":{"start":{"line":233,"column":4},"end":{"line":245,"column":5}},"type":"if","locations":[{"start":{"line":233,"column":4},"end":{"line":245,"column":5}},{"start":{"line":240,"column":11},"end":{"line":245,"column":5}}]},"20":{"loc":{"start":{"line":240,"column":11},"end":{"line":245,"column":5}},"type":"if","locations":[{"start":{"line":240,"column":11},"end":{"line":245,"column":5}},{"start":{"line":243,"column":11},"end":{"line":245,"column":5}}]},"21":{"loc":{"start":{"line":240,"column":15},"end":{"line":240,"column":74}},"type":"binary-expr","locations":[{"start":{"line":240,"column":15},"end":{"line":240,"column":48}},{"start":{"line":240,"column":52},"end":{"line":240,"column":74}}]},"22":{"loc":{"start":{"line":272,"column":6},"end":{"line":276,"column":7}},"type":"if","locations":[{"start":{"line":272,"column":6},"end":{"line":276,"column":7}}]},"23":{"loc":{"start":{"line":278,"column":6},"end":{"line":289,"column":7}},"type":"if","locations":[{"start":{"line":278,"column":6},"end":{"line":289,"column":7}}]},"24":{"loc":{"start":{"line":278,"column":10},"end":{"line":278,"column":52}},"type":"binary-expr","locations":[{"start":{"line":278,"column":10},"end":{"line":278,"column":19}},{"start":{"line":278,"column":23},"end":{"line":278,"column":52}}]},"25":{"loc":{"start":{"line":303,"column":4},"end":{"line":305,"column":5}},"type":"if","locations":[{"start":{"line":303,"column":4},"end":{"line":305,"column":5}}]},"26":{"loc":{"start":{"line":303,"column":8},"end":{"line":303,"column":53}},"type":"binary-expr","locations":[{"start":{"line":303,"column":8},"end":{"line":303,"column":31}},{"start":{"line":303,"column":35},"end":{"line":303,"column":53}}]},"27":{"loc":{"start":{"line":309,"column":6},"end":{"line":314,"column":7}},"type":"if","locations":[{"start":{"line":309,"column":6},"end":{"line":314,"column":7}}]},"28":{"loc":{"start":{"line":309,"column":10},"end":{"line":309,"column":51}},"type":"binary-expr","locations":[{"start":{"line":309,"column":10},"end":{"line":309,"column":26}},{"start":{"line":309,"column":30},"end":{"line":309,"column":51}}]},"29":{"loc":{"start":{"line":326,"column":10},"end":{"line":326,"column":76}},"type":"binary-expr","locations":[{"start":{"line":326,"column":10},"end":{"line":326,"column":31}},{"start":{"line":326,"column":35},"end":{"line":326,"column":76}}]},"30":{"loc":{"start":{"line":334,"column":10},"end":{"line":334,"column":76}},"type":"binary-expr","locations":[{"start":{"line":334,"column":10},"end":{"line":334,"column":31}},{"start":{"line":334,"column":35},"end":{"line":334,"column":76}}]}},"s":{"0":61,"1":21,"2":21,"3":21,"4":21,"5":7,"6":7,"7":14,"8":14,"9":14,"10":0,"11":14,"12":13,"13":13,"14":13,"15":13,"16":11,"17":11,"18":2,"19":2,"20":2,"21":0,"22":2,"23":2,"24":2,"25":2,"26":2,"27":1,"28":1,"29":1,"30":1,"31":1,"32":0,"33":1,"34":1,"35":1,"36":1,"37":1,"38":0,"39":0,"40":1,"41":1,"42":1,"43":0,"44":1,"45":1,"46":1,"47":1,"48":1,"49":0,"50":0,"51":1,"52":1,"53":1,"54":0,"55":1,"56":1,"57":1,"58":1,"59":1,"60":0,"61":0,"62":1,"63":1,"64":1,"65":1,"66":1,"67":1,"68":0,"69":0,"70":1,"71":3,"72":3,"73":1,"74":2,"75":2,"76":2,"77":1,"78":1,"79":1,"80":0,"81":1,"82":4,"83":4,"84":4,"85":1,"86":3,"87":3,"88":2,"89":2,"90":0,"91":1,"92":0,"93":1,"94":2,"95":5,"96":5,"97":5,"98":5,"99":5,"100":5,"101":4,"102":4,"103":4,"104":2,"105":2,"106":2,"107":2,"108":1,"109":1,"110":1,"111":1,"112":1,"113":1,"114":0,"115":0,"116":1,"117":1,"118":1,"119":1,"120":5,"121":1,"122":4,"123":4,"124":4,"125":1,"126":1,"127":3,"128":3,"129":3,"130":1,"131":1,"132":2,"133":3},"f":{"0":61,"1":21,"2":14,"3":0,"4":13,"5":2,"6":0,"7":2,"8":1,"9":0,"10":1,"11":1,"12":0,"13":1,"14":1,"15":0,"16":1,"17":3,"18":4,"19":5,"20":5},"b":{"0":[7],"1":[21,21],"2":[11],"3":[13,11],"4":[1],"5":[2,1],"6":[0],"7":[1,0],"8":[0],"9":[1,0],"10":[0],"11":[1,0],"12":[0],"13":[1,1],"14":[1],"15":[1],"16":[0],"17":[1,1],"18":[1],"19":[2,1],"20":[0,1],"21":[1,1],"22":[2],"23":[1],"24":[2,1],"25":[1],"26":[5,4],"27":[1],"28":[4,3],"29":[3,0],"30":[1,0]}}
,"C:\\Users\\dev\\source\\repos\\shogun\\shogun-message-plugin\\src\\groupManager.ts": {"path":"C:\\Users\\dev\\source\\repos\\shogun\\shogun-message-plugin\\src\\groupManager.ts","statementMap":{"0":{"start":{"line":13,"column":4},"end":{"line":13,"column":21}},"1":{"start":{"line":14,"column":4},"end":{"line":14,"column":47}},"2":{"start":{"line":24,"column":4},"end":{"line":29,"column":5}},"3":{"start":{"line":25,"column":6},"end":{"line":28,"column":8}},"4":{"start":{"line":31,"column":29},"end":{"line":31,"column":61}},"5":{"start":{"line":32,"column":4},"end":{"line":37,"column":5}},"6":{"start":{"line":33,"column":6},"end":{"line":36,"column":8}},"7":{"start":{"line":38,"column":23},"end":{"line":38,"column":42}},"8":{"start":{"line":41,"column":43},"end":{"line":41,"column":69}},"9":{"start":{"line":42,"column":4},"end":{"line":47,"column":5}},"10":{"start":{"line":43,"column":6},"end":{"line":46,"column":8}},"11":{"start":{"line":48,"column":24},"end":{"line":48,"column":42}},"12":{"start":{"line":49,"column":4},"end":{"line":49,"column":43}},"13":{"start":{"line":50,"column":21},"end":{"line":52,"column":15}},"14":{"start":{"line":51,"column":18},"end":{"line":51,"column":49}},"15":{"start":{"line":54,"column":4},"end":{"line":59,"column":5}},"16":{"start":{"line":55,"column":6},"end":{"line":58,"column":8}},"17":{"start":{"line":61,"column":26},"end":{"line":61,"column":74}},"18":{"start":{"line":62,"column":4},"end":{"line":65,"column":6}},"19":{"start":{"line":68,"column":51},"end":{"line":68,"column":53}},"20":{"start":{"line":69,"column":4},"end":{"line":72,"column":5}},"21":{"start":{"line":70,"column":6},"end":{"line":70,"column":29}},"22":{"start":{"line":71,"column":6},"end":{"line":71,"column":66}},"23":{"start":{"line":73,"column":53},"end":{"line":73,"column":55}},"24":{"start":{"line":74,"column":36},"end":{"line":74,"column":38}},"25":{"start":{"line":77,"column":4},"end":{"line":104,"column":5}},"26":{"start":{"line":78,"column":6},"end":{"line":103,"column":7}},"27":{"start":{"line":80,"column":10},"end":{"line":80,"column":66}},"28":{"start":{"line":81,"column":29},"end":{"line":83,"column":null}},"29":{"start":{"line":85,"column":8},"end":{"line":87,"column":9}},"30":{"start":{"line":86,"column":10},"end":{"line":86,"column":62}},"31":{"start":{"line":88,"column":29},"end":{"line":90,"column":null}},"32":{"start":{"line":92,"column":8},"end":{"line":96,"column":9}},"33":{"start":{"line":93,"column":10},"end":{"line":93,"column":50}},"34":{"start":{"line":95,"column":10},"end":{"line":95,"column":66}},"35":{"start":{"line":98,"column":8},"end":{"line":101,"column":10}},"36":{"start":{"line":102,"column":8},"end":{"line":102,"column":38}},"37":{"start":{"line":106,"column":4},"end":{"line":111,"column":5}},"38":{"start":{"line":107,"column":6},"end":{"line":110,"column":8}},"39":{"start":{"line":113,"column":20},"end":{"line":121,"column":17}},"40":{"start":{"line":114,"column":38},"end":{"line":114,"column":39}},"41":{"start":{"line":117,"column":18},"end":{"line":117,"column":35}},"42":{"start":{"line":118,"column":9},"end":{"line":118,"column":58}},"43":{"start":{"line":119,"column":8},"end":{"line":119,"column":50}},"44":{"start":{"line":122,"column":33},"end":{"line":129,"column":6}},"45":{"start":{"line":132,"column":34},"end":{"line":140,"column":6}},"46":{"start":{"line":142,"column":4},"end":{"line":150,"column":7}},"47":{"start":{"line":143,"column":6},"end":{"line":149,"column":9}},"48":{"start":{"line":144,"column":8},"end":{"line":148,"column":9}},"49":{"start":{"line":145,"column":10},"end":{"line":145,"column":67}},"50":{"start":{"line":147,"column":10},"end":{"line":147,"column":20}},"51":{"start":{"line":154,"column":4},"end":{"line":192,"column":5}},"52":{"start":{"line":156,"column":27},"end":{"line":167,"column":null}},"53":{"start":{"line":158,"column":10},"end":{"line":167,"column":12}},"54":{"start":{"line":159,"column":12},"end":{"line":166,"column":17}},"55":{"start":{"line":164,"column":16},"end":{"line":165,"column":31}},"56":{"start":{"line":164,"column":36},"end":{"line":164,"column":63}},"57":{"start":{"line":165,"column":21},"end":{"line":165,"column":31}},"58":{"start":{"line":171,"column":24},"end":{"line":182,"column":null}},"59":{"start":{"line":173,"column":10},"end":{"line":182,"column":12}},"60":{"start":{"line":174,"column":12},"end":{"line":181,"column":17}},"61":{"start":{"line":179,"column":16},"end":{"line":180,"column":31}},"62":{"start":{"line":179,"column":36},"end":{"line":179,"column":63}},"63":{"start":{"line":180,"column":21},"end":{"line":180,"column":31}},"64":{"start":{"line":185,"column":6},"end":{"line":185,"column":57}},"65":{"start":{"line":188,"column":6},"end":{"line":191,"column":8}},"66":{"start":{"line":194,"column":4},"end":{"line":194,"column":40}},"67":{"start":{"line":204,"column":4},"end":{"line":209,"column":5}},"68":{"start":{"line":205,"column":6},"end":{"line":208,"column":8}},"69":{"start":{"line":211,"column":29},"end":{"line":211,"column":61}},"70":{"start":{"line":212,"column":4},"end":{"line":217,"column":5}},"71":{"start":{"line":213,"column":6},"end":{"line":216,"column":8}},"72":{"start":{"line":218,"column":22},"end":{"line":218,"column":41}},"73":{"start":{"line":220,"column":20},"end":{"line":220,"column":52}},"74":{"start":{"line":221,"column":4},"end":{"line":223,"column":5}},"75":{"start":{"line":222,"column":6},"end":{"line":222,"column":62}},"76":{"start":{"line":226,"column":21},"end":{"line":226,"column":75}},"77":{"start":{"line":227,"column":4},"end":{"line":229,"column":5}},"78":{"start":{"line":228,"column":6},"end":{"line":228,"column":75}},"79":{"start":{"line":231,"column":4},"end":{"line":291,"column":5}},"80":{"start":{"line":233,"column":23},"end":{"line":236,"column":null}},"81":{"start":{"line":238,"column":6},"end":{"line":243,"column":7}},"82":{"start":{"line":239,"column":8},"end":{"line":242,"column":10}},"83":{"start":{"line":246,"column":24},"end":{"line":248,"column":null}},"84":{"start":{"line":252,"column":31},"end":{"line":254,"column":null}},"85":{"start":{"line":257,"column":24},"end":{"line":265,"column":19}},"86":{"start":{"line":258,"column":40},"end":{"line":258,"column":41}},"87":{"start":{"line":261,"column":20},"end":{"line":261,"column":37}},"88":{"start":{"line":262,"column":11},"end":{"line":262,"column":60}},"89":{"start":{"line":263,"column":10},"end":{"line":263,"column":52}},"90":{"start":{"line":266,"column":22},"end":{"line":273,"column":8}},"91":{"start":{"line":276,"column":26},"end":{"line":276,"column":53}},"92":{"start":{"line":277,"column":6},"end":{"line":280,"column":38}},"93":{"start":{"line":282,"column":6},"end":{"line":282,"column":42}},"94":{"start":{"line":284,"column":6},"end":{"line":284,"column":76}},"95":{"start":{"line":285,"column":6},"end":{"line":290,"column":8}},"96":{"start":{"line":298,"column":4},"end":{"line":382,"column":5}},"97":{"start":{"line":299,"column":19},"end":{"line":307,"column":8}},"98":{"start":{"line":300,"column":8},"end":{"line":306,"column":11}},"99":{"start":{"line":301,"column":10},"end":{"line":305,"column":11}},"100":{"start":{"line":302,"column":12},"end":{"line":302,"column":26}},"101":{"start":{"line":304,"column":12},"end":{"line":304,"column":26}},"102":{"start":{"line":309,"column":6},"end":{"line":374,"column":7}},"103":{"start":{"line":310,"column":8},"end":{"line":310,"column":78}},"104":{"start":{"line":312,"column":42},"end":{"line":312,"column":44}},"105":{"start":{"line":314,"column":28},"end":{"line":314,"column":72}},"106":{"start":{"line":315,"column":8},"end":{"line":328,"column":11}},"107":{"start":{"line":316,"column":43},"end":{"line":316,"column":45}},"108":{"start":{"line":317,"column":10},"end":{"line":322,"column":13}},"109":{"start":{"line":318,"column":12},"end":{"line":321,"column":13}},"110":{"start":{"line":320,"column":14},"end":{"line":320,"column":41}},"111":{"start":{"line":324,"column":10},"end":{"line":327,"column":19}},"112":{"start":{"line":325,"column":12},"end":{"line":325,"column":70}},"113":{"start":{"line":326,"column":12},"end":{"line":326,"column":22}},"114":{"start":{"line":329,"column":8},"end":{"line":332,"column":10}},"115":{"start":{"line":334,"column":62},"end":{"line":334,"column":64}},"116":{"start":{"line":336,"column":34},"end":{"line":338,"column":31}},"117":{"start":{"line":339,"column":8},"end":{"line":351,"column":11}},"118":{"start":{"line":340,"column":54},"end":{"line":340,"column":56}},"119":{"start":{"line":341,"column":10},"end":{"line":345,"column":13}},"120":{"start":{"line":342,"column":12},"end":{"line":344,"column":13}},"121":{"start":{"line":343,"column":14},"end":{"line":343,"column":41}},"122":{"start":{"line":347,"column":10},"end":{"line":350,"column":19}},"123":{"start":{"line":348,"column":12},"end":{"line":348,"column":52}},"124":{"start":{"line":349,"column":12},"end":{"line":349,"column":22}},"125":{"start":{"line":352,"column":8},"end":{"line":355,"column":10}},"126":{"start":{"line":357,"column":37},"end":{"line":364,"column":10}},"127":{"start":{"line":365,"column":8},"end":{"line":372,"column":11}},"128":{"start":{"line":373,"column":8},"end":{"line":373,"column":25}},"129":{"start":{"line":375,"column":6},"end":{"line":375,"column":18}},"130":{"start":{"line":377,"column":6},"end":{"line":380,"column":8}},"131":{"start":{"line":381,"column":6},"end":{"line":381,"column":18}},"132":{"start":{"line":392,"column":22},"end":{"line":393,"column":50}},"133":{"start":{"line":393,"column":6},"end":{"line":393,"column":50}},"134":{"start":{"line":394,"column":24},"end":{"line":394,"column":42}},"135":{"start":{"line":395,"column":26},"end":{"line":395,"column":56}},"136":{"start":{"line":398,"column":4},"end":{"line":400,"column":5}},"137":{"start":{"line":399,"column":6},"end":{"line":399,"column":18}},"138":{"start":{"line":403,"column":26},"end":{"line":403,"column":55}},"139":{"start":{"line":404,"column":28},"end":{"line":407,"column":6}},"140":{"start":{"line":405,"column":17},"end":{"line":405,"column":29}},"141":{"start":{"line":406,"column":6},"end":{"line":406,"column":49}},"142":{"start":{"line":408,"column":4},"end":{"line":410,"column":5}},"143":{"start":{"line":409,"column":6},"end":{"line":409,"column":18}},"144":{"start":{"line":413,"column":20},"end":{"line":413,"column":77}},"145":{"start":{"line":414,"column":4},"end":{"line":417,"column":7}},"146":{"start":{"line":415,"column":25},"end":{"line":415,"column":42}},"147":{"start":{"line":416,"column":6},"end":{"line":416,"column":62}},"148":{"start":{"line":428,"column":22},"end":{"line":429,"column":50}},"149":{"start":{"line":429,"column":6},"end":{"line":429,"column":50}},"150":{"start":{"line":430,"column":24},"end":{"line":430,"column":42}},"151":{"start":{"line":431,"column":26},"end":{"line":431,"column":56}},"152":{"start":{"line":433,"column":4},"end":{"line":435,"column":6}},"153":{"start":{"line":436,"column":4},"end":{"line":439,"column":6}},"154":{"start":{"line":443,"column":6},"end":{"line":443,"column":38}},"155":{"start":{"line":444,"column":4},"end":{"line":451,"column":5}},"156":{"start":{"line":446,"column":34},"end":{"line":446,"column":79}},"157":{"start":{"line":447,"column":20},"end":{"line":448,"column":null}},"158":{"start":{"line":448,"column":17},"end":{"line":448,"column":45}},"159":{"start":{"line":450,"column":6},"end":{"line":450,"column":46}},"160":{"start":{"line":450,"column":17},"end":{"line":450,"column":46}},"161":{"start":{"line":454,"column":4},"end":{"line":468,"column":5}},"162":{"start":{"line":455,"column":6},"end":{"line":467,"column":16}},"163":{"start":{"line":456,"column":25},"end":{"line":456,"column":43}},"164":{"start":{"line":457,"column":19},"end":{"line":457,"column":74}},"165":{"start":{"line":458,"column":8},"end":{"line":460,"column":9}},"166":{"start":{"line":459,"column":10},"end":{"line":459,"column":31}},"167":{"start":{"line":461,"column":8},"end":{"line":466,"column":11}},"168":{"start":{"line":462,"column":10},"end":{"line":464,"column":13}},"169":{"start":{"line":463,"column":12},"end":{"line":463,"column":63}},"170":{"start":{"line":465,"column":10},"end":{"line":465,"column":53}},"171":{"start":{"line":465,"column":27},"end":{"line":465,"column":45}},"172":{"start":{"line":471,"column":4},"end":{"line":503,"column":5}},"173":{"start":{"line":472,"column":6},"end":{"line":474,"column":8}},"174":{"start":{"line":475,"column":6},"end":{"line":478,"column":8}},"175":{"start":{"line":479,"column":6},"end":{"line":502,"column":7}},"176":{"start":{"line":480,"column":8},"end":{"line":480,"column":65}},"177":{"start":{"line":482,"column":8},"end":{"line":501,"column":9}},"178":{"start":{"line":483,"column":10},"end":{"line":492,"column":13}},"179":{"start":{"line":484,"column":12},"end":{"line":491,"column":17}},"180":{"start":{"line":489,"column":16},"end":{"line":490,"column":31}},"181":{"start":{"line":489,"column":29},"end":{"line":489,"column":56}},"182":{"start":{"line":490,"column":21},"end":{"line":490,"column":31}},"183":{"start":{"line":493,"column":10},"end":{"line":495,"column":12}},"184":{"start":{"line":497,"column":10},"end":{"line":500,"column":12}},"185":{"start":{"line":505,"column":4},"end":{"line":507,"column":5}},"186":{"start":{"line":506,"column":6},"end":{"line":506,"column":23}},"187":{"start":{"line":510,"column":24},"end":{"line":511,"column":null}},"188":{"start":{"line":513,"column":25},"end":{"line":515,"column":null}},"189":{"start":{"line":517,"column":4},"end":{"line":519,"column":5}},"190":{"start":{"line":518,"column":6},"end":{"line":518,"column":23}},"191":{"start":{"line":521,"column":21},"end":{"line":523,"column":null}},"192":{"start":{"line":526,"column":4},"end":{"line":526,"column":33}},"193":{"start":{"line":536,"column":22},"end":{"line":537,"column":50}},"194":{"start":{"line":537,"column":6},"end":{"line":537,"column":50}},"195":{"start":{"line":538,"column":27},"end":{"line":538,"column":57}},"196":{"start":{"line":541,"column":4},"end":{"line":592,"column":5}},"197":{"start":{"line":544,"column":28},"end":{"line":544,"column":48}},"198":{"start":{"line":545,"column":6},"end":{"line":545,"column":64}},"199":{"start":{"line":545,"column":55},"end":{"line":545,"column":64}},"200":{"start":{"line":547,"column":6},"end":{"line":591,"column":16}},"201":{"start":{"line":550,"column":10},"end":{"line":550,"column":66}},"202":{"start":{"line":551,"column":33},"end":{"line":553,"column":null}},"203":{"start":{"line":555,"column":8},"end":{"line":555,"column":40}},"204":{"start":{"line":555,"column":31},"end":{"line":555,"column":40}},"205":{"start":{"line":557,"column":34},"end":{"line":559,"column":null}},"206":{"start":{"line":561,"column":8},"end":{"line":561,"column":41}},"207":{"start":{"line":561,"column":32},"end":{"line":561,"column":41}},"208":{"start":{"line":564,"column":28},"end":{"line":565,"column":null}},"209":{"start":{"line":567,"column":30},"end":{"line":569,"column":null}},"210":{"start":{"line":571,"column":8},"end":{"line":571,"column":37}},"211":{"start":{"line":571,"column":28},"end":{"line":571,"column":37}},"212":{"start":{"line":573,"column":27},"end":{"line":575,"column":null}},"213":{"start":{"line":577,"column":8},"end":{"line":590,"column":9}},"214":{"start":{"line":579,"column":10},"end":{"line":588,"column":13}},"215":{"start":{"line":580,"column":12},"end":{"line":587,"column":17}},"216":{"start":{"line":585,"column":16},"end":{"line":586,"column":31}},"217":{"start":{"line":585,"column":36},"end":{"line":585,"column":63}},"218":{"start":{"line":586,"column":21},"end":{"line":586,"column":31}},"219":{"start":{"line":589,"column":10},"end":{"line":589,"column":28}},"220":{"start":{"line":593,"column":4},"end":{"line":593,"column":21}},"221":{"start":{"line":8,"column":0},"end":{"line":8,"column":13}}},"fnMap":{"0":{"name":"(anonymous_0)","decl":{"start":{"line":12,"column":2},"end":{"line":12,"column":14}},"loc":{"start":{"line":12,"column":68},"end":{"line":15,"column":3}}},"1":{"name":"(anonymous_1)","decl":{"start":{"line":20,"column":9},"end":{"line":20,"column":14}},"loc":{"start":{"line":22,"column":24},"end":{"line":195,"column":3}}},"2":{"name":"(anonymous_2)","decl":{"start":{"line":51,"column":11},"end":{"line":51,"column":12}},"loc":{"start":{"line":51,"column":18},"end":{"line":51,"column":49}}},"3":{"name":"(anonymous_3)","decl":{"start":{"line":114,"column":28},"end":{"line":114,"column":29}},"loc":{"start":{"line":114,"column":38},"end":{"line":114,"column":39}}},"4":{"name":"(anonymous_4)","decl":{"start":{"line":116,"column":11},"end":{"line":116,"column":14}},"loc":{"start":{"line":116,"column":16},"end":{"line":120,"column":7}}},"5":{"name":"(anonymous_5)","decl":{"start":{"line":142,"column":28},"end":{"line":142,"column":29}},"loc":{"start":{"line":142,"column":48},"end":{"line":150,"column":5}}},"6":{"name":"(anonymous_6)","decl":{"start":{"line":143,"column":58},"end":{"line":143,"column":59}},"loc":{"start":{"line":143,"column":71},"end":{"line":149,"column":7}}},"7":{"name":"(anonymous_7)","decl":{"start":{"line":157,"column":8},"end":{"line":157,"column":9}},"loc":{"start":{"line":158,"column":10},"end":{"line":167,"column":12}}},"8":{"name":"(anonymous_8)","decl":{"start":{"line":158,"column":28},"end":{"line":158,"column":29}},"loc":{"start":{"line":158,"column":48},"end":{"line":167,"column":11}}},"9":{"name":"(anonymous_9)","decl":{"start":{"line":163,"column":25},"end":{"line":163,"column":26}},"loc":{"start":{"line":163,"column":38},"end":{"line":166,"column":15}}},"10":{"name":"(anonymous_10)","decl":{"start":{"line":172,"column":8},"end":{"line":172,"column":9}},"loc":{"start":{"line":173,"column":10},"end":{"line":182,"column":12}}},"11":{"name":"(anonymous_11)","decl":{"start":{"line":173,"column":28},"end":{"line":173,"column":29}},"loc":{"start":{"line":173,"column":48},"end":{"line":182,"column":11}}},"12":{"name":"(anonymous_12)","decl":{"start":{"line":178,"column":24},"end":{"line":178,"column":25}},"loc":{"start":{"line":178,"column":37},"end":{"line":181,"column":15}}},"13":{"name":"(anonymous_13)","decl":{"start":{"line":200,"column":9},"end":{"line":200,"column":14}},"loc":{"start":{"line":202,"column":26},"end":{"line":292,"column":3}}},"14":{"name":"(anonymous_14)","decl":{"start":{"line":258,"column":30},"end":{"line":258,"column":31}},"loc":{"start":{"line":258,"column":40},"end":{"line":258,"column":41}}},"15":{"name":"(anonymous_15)","decl":{"start":{"line":260,"column":13},"end":{"line":260,"column":16}},"loc":{"start":{"line":260,"column":18},"end":{"line":264,"column":9}}},"16":{"name":"(anonymous_16)","decl":{"start":{"line":297,"column":9},"end":{"line":297,"column":14}},"loc":{"start":{"line":297,"column":43},"end":{"line":383,"column":3}}},"17":{"name":"(anonymous_17)","decl":{"start":{"line":299,"column":49},"end":{"line":299,"column":50}},"loc":{"start":{"line":299,"column":69},"end":{"line":307,"column":7}}},"18":{"name":"(anonymous_18)","decl":{"start":{"line":300,"column":43},"end":{"line":300,"column":44}},"loc":{"start":{"line":300,"column":57},"end":{"line":306,"column":9}}},"19":{"name":"(anonymous_19)","decl":{"start":{"line":315,"column":32},"end":{"line":315,"column":33}},"loc":{"start":{"line":315,"column":44},"end":{"line":328,"column":9}}},"20":{"name":"(anonymous_20)","decl":{"start":{"line":317,"column":33},"end":{"line":317,"column":34}},"loc":{"start":{"line":317,"column":61},"end":{"line":322,"column":11}}},"21":{"name":"(anonymous_21)","decl":{"start":{"line":324,"column":21},"end":{"line":324,"column":24}},"loc":{"start":{"line":324,"column":26},"end":{"line":327,"column":11}}},"22":{"name":"(anonymous_22)","decl":{"start":{"line":339,"column":32},"end":{"line":339,"column":33}},"loc":{"start":{"line":339,"column":44},"end":{"line":351,"column":9}}},"23":{"name":"(anonymous_23)","decl":{"start":{"line":341,"column":39},"end":{"line":341,"column":40}},"loc":{"start":{"line":341,"column":67},"end":{"line":345,"column":11}}},"24":{"name":"(anonymous_24)","decl":{"start":{"line":347,"column":21},"end":{"line":347,"column":24}},"loc":{"start":{"line":347,"column":26},"end":{"line":350,"column":11}}},"25":{"name":"(anonymous_25)","decl":{"start":{"line":388,"column":10},"end":{"line":388,"column":15}},"loc":{"start":{"line":390,"column":19},"end":{"line":418,"column":3}}},"26":{"name":"(anonymous_26)","decl":{"start":{"line":392,"column":22},"end":{"line":392,"column":23}},"loc":{"start":{"line":393,"column":6},"end":{"line":393,"column":50}}},"27":{"name":"(anonymous_27)","decl":{"start":{"line":404,"column":60},"end":{"line":404,"column":61}},"loc":{"start":{"line":404,"column":66},"end":{"line":407,"column":5}}},"28":{"name":"(anonymous_28)","decl":{"start":{"line":414,"column":24},"end":{"line":414,"column":25}},"loc":{"start":{"line":414,"column":35},"end":{"line":417,"column":5}}},"29":{"name":"(anonymous_29)","decl":{"start":{"line":423,"column":9},"end":{"line":423,"column":14}},"loc":{"start":{"line":426,"column":24},"end":{"line":527,"column":3}}},"30":{"name":"(anonymous_30)","decl":{"start":{"line":428,"column":22},"end":{"line":428,"column":23}},"loc":{"start":{"line":429,"column":6},"end":{"line":429,"column":50}}},"31":{"name":"(anonymous_31)","decl":{"start":{"line":448,"column":8},"end":{"line":448,"column":9}},"loc":{"start":{"line":448,"column":17},"end":{"line":448,"column":45}}},"32":{"name":"(anonymous_32)","decl":{"start":{"line":461,"column":66},"end":{"line":461,"column":67}},"loc":{"start":{"line":461,"column":78},"end":{"line":466,"column":9}}},"33":{"name":"(anonymous_33)","decl":{"start":{"line":462,"column":20},"end":{"line":462,"column":21}},"loc":{"start":{"line":462,"column":33},"end":{"line":464,"column":11}}},"34":{"name":"(anonymous_34)","decl":{"start":{"line":465,"column":21},"end":{"line":465,"column":24}},"loc":{"start":{"line":465,"column":27},"end":{"line":465,"column":45}}},"35":{"name":"(anonymous_35)","decl":{"start":{"line":483,"column":34},"end":{"line":483,"column":35}},"loc":{"start":{"line":483,"column":54},"end":{"line":492,"column":11}}},"36":{"name":"(anonymous_36)","decl":{"start":{"line":488,"column":38},"end":{"line":488,"column":39}},"loc":{"start":{"line":488,"column":51},"end":{"line":491,"column":15}}},"37":{"name":"(anonymous_37)","decl":{"start":{"line":532,"column":10},"end":{"line":532,"column":15}},"loc":{"start":{"line":534,"column":24},"end":{"line":594,"column":3}}},"38":{"name":"(anonymous_38)","decl":{"start":{"line":536,"column":22},"end":{"line":536,"column":23}},"loc":{"start":{"line":537,"column":6},"end":{"line":537,"column":50}}},"39":{"name":"(anonymous_39)","decl":{"start":{"line":579,"column":34},"end":{"line":579,"column":35}},"loc":{"start":{"line":579,"column":54},"end":{"line":588,"column":11}}},"40":{"name":"(anonymous_40)","decl":{"start":{"line":584,"column":31},"end":{"line":584,"column":32}},"loc":{"start":{"line":584,"column":44},"end":{"line":587,"column":15}}}},"branchMap":{"0":{"loc":{"start":{"line":24,"column":4},"end":{"line":29,"column":5}},"type":"if","locations":[{"start":{"line":24,"column":4},"end":{"line":29,"column":5}}]},"1":{"loc":{"start":{"line":24,"column":8},"end":{"line":24,"column":53}},"type":"binary-expr","locations":[{"start":{"line":24,"column":8},"end":{"line":24,"column":31}},{"start":{"line":24,"column":35},"end":{"line":24,"column":53}}]},"2":{"loc":{"start":{"line":32,"column":4},"end":{"line":37,"column":5}},"type":"if","locations":[{"start":{"line":32,"column":4},"end":{"line":37,"column":5}}]},"3":{"loc":{"start":{"line":42,"column":4},"end":{"line":47,"column":5}},"type":"if","locations":[{"start":{"line":42,"column":4},"end":{"line":47,"column":5}}]},"4":{"loc":{"start":{"line":54,"column":4},"end":{"line":59,"column":5}},"type":"if","locations":[{"start":{"line":54,"column":4},"end":{"line":59,"column":5}}]},"5":{"loc":{"start":{"line":85,"column":8},"end":{"line":87,"column":9}},"type":"if","locations":[{"start":{"line":85,"column":8},"end":{"line":87,"column":9}}]},"6":{"loc":{"start":{"line":92,"column":8},"end":{"line":96,"column":9}},"type":"if","locations":[{"start":{"line":92,"column":8},"end":{"line":96,"column":9}},{"start":{"line":94,"column":15},"end":{"line":96,"column":9}}]},"7":{"loc":{"start":{"line":106,"column":4},"end":{"line":111,"column":5}},"type":"if","locations":[{"start":{"line":106,"column":4},"end":{"line":111,"column":5}}]},"8":{"loc":{"start":{"line":144,"column":8},"end":{"line":148,"column":9}},"type":"if","locations":[{"start":{"line":144,"column":8},"end":{"line":148,"column":9}},{"start":{"line":146,"column":15},"end":{"line":148,"column":9}}]},"9":{"loc":{"start":{"line":164,"column":16},"end":{"line":165,"column":31}},"type":"if","locations":[{"start":{"line":164,"column":16},"end":{"line":165,"column":31}},{"start":{"line":165,"column":21},"end":{"line":165,"column":31}}]},"10":{"loc":{"start":{"line":164,"column":20},"end":{"line":164,"column":34}},"type":"binary-expr","locations":[{"start":{"line":164,"column":20},"end":{"line":164,"column":23}},{"start":{"line":164,"column":27},"end":{"line":164,"column":34}}]},"11":{"loc":{"start":{"line":179,"column":16},"end":{"line":180,"column":31}},"type":"if","locations":[{"start":{"line":179,"column":16},"end":{"line":180,"column":31}},{"start":{"line":180,"column":21},"end":{"line":180,"column":31}}]},"12":{"loc":{"start":{"line":179,"column":20},"end":{"line":179,"column":34}},"type":"binary-expr","locations":[{"start":{"line":179,"column":20},"end":{"line":179,"column":23}},{"start":{"line":179,"column":27},"end":{"line":179,"column":34}}]},"13":{"loc":{"start":{"line":204,"column":4},"end":{"line":209,"column":5}},"type":"if","locations":[{"start":{"line":204,"column":4},"end":{"line":209,"column":5}}]},"14":{"loc":{"start":{"line":204,"column":8},"end":{"line":204,"column":53}},"type":"binary-expr","locations":[{"start":{"line":204,"column":8},"end":{"line":204,"column":31}},{"start":{"line":204,"column":35},"end":{"line":204,"column":53}}]},"15":{"loc":{"start":{"line":212,"column":4},"end":{"line":217,"column":5}},"type":"if","locations":[{"start":{"line":212,"column":4},"end":{"line":217,"column":5}}]},"16":{"loc":{"start":{"line":221,"column":4},"end":{"line":223,"column":5}},"type":"if","locations":[{"start":{"line":221,"column":4},"end":{"line":223,"column":5}}]},"17":{"loc":{"start":{"line":227,"column":4},"end":{"line":229,"column":5}},"type":"if","locations":[{"start":{"line":227,"column":4},"end":{"line":229,"column":5}}]},"18":{"loc":{"start":{"line":238,"column":6},"end":{"line":243,"column":7}},"type":"if","locations":[{"start":{"line":238,"column":6},"end":{"line":243,"column":7}}]},"19":{"loc":{"start":{"line":288,"column":10},"end":{"line":289,"column":70}},"type":"binary-expr","locations":[{"start":{"line":288,"column":10},"end":{"line":288,"column":23}},{"start":{"line":289,"column":10},"end":{"line":289,"column":70}}]},"20":{"loc":{"start":{"line":301,"column":10},"end":{"line":305,"column":11}},"type":"if","locations":[{"start":{"line":301,"column":10},"end":{"line":305,"column":11}},{"start":{"line":303,"column":17},"end":{"line":305,"column":11}}]},"21":{"loc":{"start":{"line":309,"column":6},"end":{"line":374,"column":7}},"type":"if","locations":[{"start":{"line":309,"column":6},"end":{"line":374,"column":7}}]},"22":{"loc":{"start":{"line":318,"column":12},"end":{"line":321,"column":13}},"type":"if","locations":[{"start":{"line":318,"column":12},"end":{"line":321,"column":13}}]},"23":{"loc":{"start":{"line":342,"column":12},"end":{"line":344,"column":13}},"type":"if","locations":[{"start":{"line":342,"column":12},"end":{"line":344,"column":13}}]},"24":{"loc":{"start":{"line":393,"column":6},"end":{"line":393,"column":50}},"type":"cond-expr","locations":[{"start":{"line":393,"column":30},"end":{"line":393,"column":45}},{"start":{"line":393,"column":48},"end":{"line":393,"column":50}}]},"25":{"loc":{"start":{"line":398,"column":4},"end":{"line":400,"column":5}},"type":"if","locations":[{"start":{"line":398,"column":4},"end":{"line":400,"column":5}}]},"26":{"loc":{"start":{"line":398,"column":8},"end":{"line":398,"column":72}},"type":"binary-expr","locations":[{"start":{"line":398,"column":8},"end":{"line":398,"column":37}},{"start":{"line":398,"column":41},"end":{"line":398,"column":72}}]},"27":{"loc":{"start":{"line":403,"column":26},"end":{"line":403,"column":55}},"type":"binary-expr","locations":[{"start":{"line":403,"column":26},"end":{"line":403,"column":49}},{"start":{"line":403,"column":53},"end":{"line":403,"column":55}}]},"28":{"loc":{"start":{"line":406,"column":13},"end":{"line":406,"column":48}},"type":"binary-expr","locations":[{"start":{"line":406,"column":13},"end":{"line":406,"column":31}},{"start":{"line":406,"column":35},"end":{"line":406,"column":48}}]},"29":{"loc":{"start":{"line":408,"column":4},"end":{"line":410,"column":5}},"type":"if","locations":[{"start":{"line":408,"column":4},"end":{"line":410,"column":5}}]},"30":{"loc":{"start":{"line":413,"column":20},"end":{"line":413,"column":77}},"type":"cond-expr","locations":[{"start":{"line":413,"column":55},"end":{"line":413,"column":72}},{"start":{"line":413,"column":75},"end":{"line":413,"column":77}}]},"31":{"loc":{"start":{"line":416,"column":13},"end":{"line":416,"column":61}},"type":"binary-expr","locations":[{"start":{"line":416,"column":13},"end":{"line":416,"column":39}},{"start":{"line":416,"column":43},"end":{"line":416,"column":61}}]},"32":{"loc":{"start":{"line":429,"column":6},"end":{"line":429,"column":50}},"type":"cond-expr","locations":[{"start":{"line":429,"column":30},"end":{"line":429,"column":45}},{"start":{"line":429,"column":48},"end":{"line":429,"column":50}}]},"33":{"loc":{"start":{"line":438,"column":18},"end":{"line":438,"column":47}},"type":"binary-expr","locations":[{"start":{"line":438,"column":18},"end":{"line":438,"column":41}},{"start":{"line":438,"column":45},"end":{"line":438,"column":47}}]},"34":{"loc":{"start":{"line":444,"column":4},"end":{"line":451,"column":5}},"type":"if","locations":[{"start":{"line":444,"column":4},"end":{"line":451,"column":5}}]},"35":{"loc":{"start":{"line":446,"column":49},"end":{"line":446,"column":78}},"type":"binary-expr","locations":[{"start":{"line":446,"column":49},"end":{"line":446,"column":72}},{"start":{"line":446,"column":76},"end":{"line":446,"column":78}}]},"36":{"loc":{"start":{"line":450,"column":6},"end":{"line":450,"column":46}},"type":"if","locations":[{"start":{"line":450,"column":6},"end":{"line":450,"column":46}}]},"37":{"loc":{"start":{"line":454,"column":4},"end":{"line":468,"column":5}},"type":"if","locations":[{"start":{"line":454,"column":4},"end":{"line":468,"column":5}}]},"38":{"loc":{"start":{"line":463,"column":20},"end":{"line":463,"column":61}},"type":"cond-expr","locations":[{"start":{"line":463,"column":46},"end":{"line":463,"column":49}},{"start":{"line":463,"column":52},"end":{"line":463,"column":61}}]},"39":{"loc":{"start":{"line":471,"column":4},"end":{"line":503,"column":5}},"type":"if","locations":[{"start":{"line":471,"column":4},"end":{"line":503,"column":5}}]},"40":{"loc":{"start":{"line":471,"column":8},"end":{"line":471,"column":59}},"type":"binary-expr","locations":[{"start":{"line":471,"column":8},"end":{"line":471,"column":26}},{"start":{"line":471,"column":30},"end":{"line":471,"column":59}}]},"41":{"loc":{"start":{"line":479,"column":6},"end":{"line":502,"column":7}},"type":"if","locations":[{"start":{"line":479,"column":6},"end":{"line":502,"column":7}}]},"42":{"loc":{"start":{"line":489,"column":16},"end":{"line":490,"column":31}},"type":"if","locations":[{"start":{"line":489,"column":16},"end":{"line":490,"column":31}},{"start":{"line":490,"column":21},"end":{"line":490,"column":31}}]},"43":{"loc":{"start":{"line":505,"column":4},"end":{"line":507,"column":5}},"type":"if","locations":[{"start":{"line":505,"column":4},"end":{"line":507,"column":5}}]},"44":{"loc":{"start":{"line":517,"column":4},"end":{"line":519,"column":5}},"type":"if","locations":[{"start":{"line":517,"column":4},"end":{"line":519,"column":5}}]},"45":{"loc":{"start":{"line":526,"column":11},"end":{"line":526,"column":32}},"type":"binary-expr","locations":[{"start":{"line":526,"column":11},"end":{"line":526,"column":19}},{"start":{"line":526,"column":23},"end":{"line":526,"column":32}}]},"46":{"loc":{"start":{"line":537,"column":6},"end":{"line":537,"column":50}},"type":"cond-expr","locations":[{"start":{"line":537,"column":30},"end":{"line":537,"column":45}},{"start":{"line":537,"column":48},"end":{"line":537,"column":50}}]},"47":{"loc":{"start":{"line":542,"column":6},"end":{"line":542,"column":35}},"type":"binary-expr","locations":[{"start":{"line":542,"column":6},"end":{"line":542,"column":29}},{"start":{"line":542,"column":33},"end":{"line":542,"column":35}}]},"48":{"loc":{"start":{"line":545,"column":6},"end":{"line":545,"column":64}},"type":"if","locations":[{"start":{"line":545,"column":6},"end":{"line":545,"column":64}}]},"49":{"loc":{"start":{"line":545,"column":10},"end":{"line":545,"column":53}},"type":"binary-expr","locations":[{"start":{"line":545,"column":10},"end":{"line":545,"column":17}},{"start":{"line":545,"column":21},"end":{"line":545,"column":53}}]},"50":{"loc":{"start":{"line":555,"column":8},"end":{"line":555,"column":40}},"type":"if","locations":[{"start":{"line":555,"column":8},"end":{"line":555,"column":40}}]},"51":{"loc":{"start":{"line":561,"column":8},"end":{"line":561,"column":41}},"type":"if","locations":[{"start":{"line":561,"column":8},"end":{"line":561,"column":41}}]},"52":{"loc":{"start":{"line":571,"column":8},"end":{"line":571,"column":37}},"type":"if","locations":[{"start":{"line":571,"column":8},"end":{"line":571,"column":37}}]},"53":{"loc":{"start":{"line":577,"column":8},"end":{"line":590,"column":9}},"type":"if","locations":[{"start":{"line":577,"column":8},"end":{"line":590,"column":9}}]},"54":{"loc":{"start":{"line":585,"column":16},"end":{"line":586,"column":31}},"type":"if","locations":[{"start":{"line":585,"column":16},"end":{"line":586,"column":31}},{"start":{"line":586,"column":21},"end":{"line":586,"column":31}}]},"55":{"loc":{"start":{"line":585,"column":20},"end":{"line":585,"column":34}},"type":"binary-expr","locations":[{"start":{"line":585,"column":20},"end":{"line":585,"column":23}},{"start":{"line":585,"column":27},"end":{"line":585,"column":34}}]}},"s":{"0":64,"1":64,"2":8,"3":1,"4":7,"5":7,"6":1,"7":6,"8":6,"9":6,"10":1,"11":5,"12":5,"13":5,"14":160,"15":5,"16":0,"17":5,"18":5,"19":5,"20":5,"21":12,"22":12,"23":5,"24":5,"25":5,"26":12,"27":12,"28":10,"29":10,"30":0,"31":10,"32":10,"33":10,"34":0,"35":2,"36":2,"37":5,"38":1,"39":4,"40":32,"41":32,"42":32,"43":32,"44":4,"45":4,"46":4,"47":4,"48":4,"49":0,"50":4,"51":4,"52":4,"53":10,"54":10,"55":5,"56":0,"57":5,"58":4,"59":10,"60":10,"61":5,"62":0,"63":5,"64":4,"65":2,"66":4,"67":8,"68":1,"69":7,"70":7,"71":0,"72":7,"73":7,"74":7,"75":4,"76":3,"77":3,"78":0,"79":3,"80":3,"81":3,"82":2,"83":1,"84":1,"85":1,"86":8,"87":8,"88":8,"89":8,"90":1,"91":1,"92":1,"93":0,"94":1,"95":1,"96":7,"97":7,"98":7,"99":6,"100":5,"101":1,"102":6,"103":5,"104":5,"105":5,"106":5,"107":5,"108":5,"109":2,"110":2,"111":1,"112":1,"113":1,"114":1,"115":1,"116":1,"117":1,"118":1,"119":1,"120":2,"121":0,"122":1,"123":1,"124":1,"125":1,"126":1,"127":1,"128":1,"129":1,"130":5,"131":5,"132":7,"133":20,"134":7,"135":7,"136":7,"137":4,"138":3,"139":3,"140":3,"141":3,"142":3,"143":1,"144":2,"145":2,"146":3,"147":3,"148":6,"149":15,"150":6,"151":6,"152":6,"153":6,"154":6,"155":6,"156":2,"157":2,"158":3,"159":2,"160":0,"161":6,"162":2,"163":2,"164":2,"165":2,"166":2,"167":0,"168":0,"169":0,"170":0,"171":0,"172":6,"173":2,"174":2,"175":2,"176":0,"177":0,"178":0,"179":0,"180":0,"181":0,"182":0,"183":0,"184":0,"185":6,"186":2,"187":4,"188":4,"189":4,"190":1,"191":3,"192":3,"193":4,"194":9,"195":4,"196":4,"197":5,"198":5,"199":0,"200":5,"201":5,"202":5,"203":5,"204":0,"205":5,"206":5,"207":1,"208":4,"209":4,"210":4,"211":0,"212":4,"213":4,"214":4,"215":4,"216":0,"217":0,"218":0,"219":0,"220":4,"221":3},"f":{"0":64,"1":8,"2":160,"3":32,"4":32,"5":4,"6":4,"7":10,"8":10,"9":5,"10":10,"11":10,"12":5,"13":8,"14":8,"15":8,"16":7,"17":7,"18":6,"19":5,"20":2,"21":1,"22":1,"23":2,"24":1,"25":7,"26":20,"27":3,"28":3,"29":6,"30":15,"31":3,"32":0,"33":0,"34":0,"35":0,"36":0,"37":4,"38":9,"39":4,"40":0},"b":{"0":[1],"1":[8,7],"2":[1],"3":[1],"4":[0],"5":[0],"6":[10,0],"7":[1],"8":[0,4],"9":[0,5],"10":[5,5],"11":[0,5],"12":[5,5],"13":[1],"14":[8,7],"15":[0],"16":[4],"17":[0],"18":[2],"19":[1,0],"20":[5,1],"21":[5],"22":[2],"23":[0],"24":[20,0],"25":[4],"26":[7,3],"27":[3,0],"28":[3,2],"29":[1],"30":[2,0],"31":[3,2],"32":[15,0],"33":[6,0],"34":[2],"35":[2,0],"36":[0],"37":[2],"38":[0,0],"39":[2],"40":[6,2],"41":[0],"42":[0,0],"43":[2],"44":[1],"45":[3,1],"46":[9,0],"47":[4,0],"48":[0],"49":[5,5],"50":[0],"51":[1],"52":[0],"53":[4],"54":[0,0],"55":[0,0]}}
,"C:\\Users\\dev\\source\\repos\\shogun\\shogun-message-plugin\\src\\index.ts": {"path":"C:\\Users\\dev\\source\\repos\\shogun\\shogun-message-plugin\\src\\index.ts","statementMap":{"0":{"start":{"line":19,"column":0},"end":{"line":19,"column":9}},"1":{"start":{"line":19,"column":9},"end":{"line":19,"column":52}},"2":{"start":{"line":20,"column":0},"end":{"line":20,"column":9}},"3":{"start":{"line":20,"column":9},"end":{"line":20,"column":36}}},"fnMap":{"0":{"name":"(anonymous_0)","decl":{"start":{"line":19,"column":9},"end":{"line":19,"column":24}},"loc":{"start":{"line":19,"column":9},"end":{"line":19,"column":52}}},"1":{"name":"(anonymous_1)","decl":{"start":{"line":20,"column":9},"end":{"line":20,"column":19}},"loc":{"start":{"line":20,"column":9},"end":{"line":20,"column":36}}}},"branchMap":{},"s":{"0":0,"1":0,"2":0,"3":0},"f":{"0":0,"1":0},"b":{}}
,"C:\\Users\\dev\\source\\repos\\shogun\\shogun-message-plugin\\src\\messageProcessor.ts": {"path":"C:\\Users\\dev\\source\\repos\\shogun\\shogun-message-plugin\\src\\messageProcessor.ts","statementMap":{"0":{"start":{"line":3,"column":0},"end":{"line":3,"column":78}},"1":{"start":{"line":16,"column":10},"end":{"line":16,"column":51}},"2":{"start":{"line":17,"column":10},"end":{"line":17,"column":69}},"3":{"start":{"line":18,"column":10},"end":{"line":18,"column":31}},"4":{"start":{"line":19,"column":10},"end":{"line":19,"column":58}},"5":{"start":{"line":20,"column":10},"end":{"line":20,"column":45}},"6":{"start":{"line":21,"column":10},"end":{"line":21,"column":57}},"7":{"start":{"line":24,"column":19},"end":{"line":24,"column":49}},"8":{"start":{"line":25,"column":19},"end":{"line":25,"column":53}},"9":{"start":{"line":26,"column":10},"end":{"line":26,"column":51}},"10":{"start":{"line":33,"column":4},"end":{"line":33,"column":21}},"11":{"start":{"line":34,"column":4},"end":{"line":34,"column":47}},"12":{"start":{"line":35,"column":4},"end":{"line":35,"column":37}},"13":{"start":{"line":42,"column":4},"end":{"line":44,"column":5}},"14":{"start":{"line":43,"column":6},"end":{"line":43,"column":13}},"15":{"start":{"line":46,"column":29},"end":{"line":46,"column":61}},"16":{"start":{"line":47,"column":4},"end":{"line":52,"column":5}},"17":{"start":{"line":48,"column":6},"end":{"line":50,"column":8}},"18":{"start":{"line":51,"column":6},"end":{"line":51,"column":13}},"19":{"start":{"line":54,"column":4},"end":{"line":54,"column":29}},"20":{"start":{"line":55,"column":27},"end":{"line":55,"column":46}},"21":{"start":{"line":58,"column":32},"end":{"line":58,"column":62}},"22":{"start":{"line":59,"column":31},"end":{"line":59,"column":78}},"23":{"start":{"line":60,"column":4},"end":{"line":69,"column":6}},"24":{"start":{"line":62,"column":8},"end":{"line":67,"column":10}},"25":{"start":{"line":78,"column":4},"end":{"line":78,"column":68}},"26":{"start":{"line":78,"column":61},"end":{"line":78,"column":68}},"27":{"start":{"line":80,"column":29},"end":{"line":80,"column":62}},"28":{"start":{"line":81,"column":4},"end":{"line":86,"column":5}},"29":{"start":{"line":82,"column":6},"end":{"line":84,"column":8}},"30":{"start":{"line":85,"column":6},"end":{"line":85,"column":13}},"31":{"start":{"line":88,"column":29},"end":{"line":88,"column":56}},"32":{"start":{"line":89,"column":22},"end":{"line":89,"column":66}},"33":{"start":{"line":90,"column":21},"end":{"line":97,"column":null}},"34":{"start":{"line":92,"column":8},"end":{"line":96,"column":10}},"35":{"start":{"line":100,"column":4},"end":{"line":100,"column":54}},"36":{"start":{"line":107,"column":21},"end":{"line":107,"column":60}},"37":{"start":{"line":108,"column":4},"end":{"line":112,"column":5}},"38":{"start":{"line":109,"column":6},"end":{"line":111,"column":16}},"39":{"start":{"line":110,"column":8},"end":{"line":110,"column":23}},"40":{"start":{"line":113,"column":4},"end":{"line":113,"column":47}},"41":{"start":{"line":120,"column":4},"end":{"line":120,"column":35}},"42":{"start":{"line":120,"column":28},"end":{"line":120,"column":35}},"43":{"start":{"line":123,"column":4},"end":{"line":126,"column":5}},"44":{"start":{"line":124,"column":6},"end":{"line":124,"column":40}},"45":{"start":{"line":125,"column":6},"end":{"line":125,"column":41}},"46":{"start":{"line":129,"column":4},"end":{"line":131,"column":5}},"47":{"start":{"line":130,"column":6},"end":{"line":130,"column":21}},"48":{"start":{"line":132,"column":4},"end":{"line":132,"column":39}},"49":{"start":{"line":134,"column":4},"end":{"line":134,"column":30}},"50":{"start":{"line":135,"column":4},"end":{"line":135,"column":37}},"51":{"start":{"line":143,"column":4},"end":{"line":229,"column":5}},"52":{"start":{"line":144,"column":22},"end":{"line":144,"column":45}},"53":{"start":{"line":145,"column":63},"end":{"line":145,"column":70}},"54":{"start":{"line":146,"column":29},"end":{"line":146,"column":48}},"55":{"start":{"line":149,"column":6},"end":{"line":151,"column":7}},"56":{"start":{"line":150,"column":8},"end":{"line":150,"column":15}},"57":{"start":{"line":153,"column":6},"end":{"line":155,"column":7}},"58":{"start":{"line":154,"column":8},"end":{"line":154,"column":15}},"59":{"start":{"line":156,"column":6},"end":{"line":156,"column":58}},"60":{"start":{"line":158,"column":24},"end":{"line":158,"column":69}},"61":{"start":{"line":159,"column":6},"end":{"line":165,"column":7}},"62":{"start":{"line":160,"column":8},"end":{"line":162,"column":10}},"63":{"start":{"line":163,"column":8},"end":{"line":163,"column":51}},"64":{"start":{"line":164,"column":8},"end":{"line":164,"column":15}},"65":{"start":{"line":168,"column":23},"end":{"line":171,"column":null}},"66":{"start":{"line":174,"column":6},"end":{"line":180,"column":7}},"67":{"start":{"line":175,"column":8},"end":{"line":177,"column":10}},"68":{"start":{"line":178,"column":8},"end":{"line":178,"column":51}},"69":{"start":{"line":179,"column":8},"end":{"line":179,"column":15}},"70":{"start":{"line":183,"column":31},"end":{"line":185,"column":null}},"71":{"start":{"line":190,"column":6},"end":{"line":198,"column":7}},"72":{"start":{"line":191,"column":8},"end":{"line":195,"column":9}},"73":{"start":{"line":192,"column":10},"end":{"line":192,"column":59}},"74":{"start":{"line":194,"column":10},"end":{"line":194,"column":67}},"75":{"start":{"line":197,"column":8},"end":{"line":197,"column":57}},"76":{"start":{"line":201,"column":22},"end":{"line":204,"column":null}},"77":{"start":{"line":206,"column":6},"end":{"line":212,"column":7}},"78":{"start":{"line":207,"column":8},"end":{"line":209,"column":10}},"79":{"start":{"line":210,"column":8},"end":{"line":210,"column":51}},"80":{"start":{"line":211,"column":8},"end":{"line":211,"column":15}},"81":{"start":{"line":214,"column":44},"end":{"line":221,"column":8}},"82":{"start":{"line":223,"column":6},"end":{"line":223,"column":78}},"83":{"start":{"line":223,"column":50},"end":{"line":223,"column":76}},"84":{"start":{"line":224,"column":6},"end":{"line":226,"column":8}},"85":{"start":{"line":225,"column":8},"end":{"line":225,"column":41}},"86":{"start":{"line":228,"column":6},"end":{"line":228,"column":49}},"87":{"start":{"line":233,"column":4},"end":{"line":235,"column":5}},"88":{"start":{"line":234,"column":6},"end":{"line":234,"column":13}},"89":{"start":{"line":236,"column":4},"end":{"line":236,"column":54}},"90":{"start":{"line":249,"column":4},"end":{"line":255,"column":5}},"91":{"start":{"line":254,"column":6},"end":{"line":254,"column":13}},"92":{"start":{"line":258,"column":4},"end":{"line":263,"column":5}},"93":{"start":{"line":259,"column":6},"end":{"line":261,"column":8}},"94":{"start":{"line":262,"column":6},"end":{"line":262,"column":13}},"95":{"start":{"line":265,"column":4},"end":{"line":265,"column":36}},"96":{"start":{"line":266,"column":4},"end":{"line":266,"column":56}},"97":{"start":{"line":268,"column":4},"end":{"line":357,"column":5}},"98":{"start":{"line":270,"column":31},"end":{"line":273,"column":null}},"99":{"start":{"line":277,"column":6},"end":{"line":321,"column":7}},"100":{"start":{"line":279,"column":29},"end":{"line":285,"column":null}},"101":{"start":{"line":288,"column":8},"end":{"line":290,"column":10}},"102":{"start":{"line":291,"column":8},"end":{"line":291,"column":77}},"103":{"start":{"line":292,"column":8},"end":{"line":294,"column":10}},"104":{"start":{"line":295,"column":8},"end":{"line":297,"column":10}},"105":{"start":{"line":299,"column":24},"end":{"line":302,"column":null}},"106":{"start":{"line":305,"column":8},"end":{"line":315,"column":9}},"107":{"start":{"line":306,"column":10},"end":{"line":308,"column":12}},"108":{"start":{"line":309,"column":10},"end":{"line":309,"column":53}},"109":{"start":{"line":310,"column":10},"end":{"line":310,"column":17}},"110":{"start":{"line":312,"column":10},"end":{"line":314,"column":12}},"111":{"start":{"line":318,"column":8},"end":{"line":320,"column":10}},"112":{"start":{"line":324,"column":6},"end":{"line":330,"column":7}},"113":{"start":{"line":325,"column":8},"end":{"line":327,"column":10}},"114":{"start":{"line":328,"column":8},"end":{"line":328,"column":51}},"115":{"start":{"line":329,"column":8},"end":{"line":329,"column":15}},"116":{"start":{"line":333,"column":6},"end":{"line":354,"column":7}},"117":{"start":{"line":334,"column":8},"end":{"line":336,"column":10}},"118":{"start":{"line":337,"column":8},"end":{"line":349,"column":11}},"119":{"start":{"line":338,"column":10},"end":{"line":348,"column":11}},"120":{"start":{"line":339,"column":12},"end":{"line":339,"column":39}},"121":{"start":{"line":340,"column":12},"end":{"line":342,"column":14}},"122":{"start":{"line":344,"column":12},"end":{"line":347,"column":14}},"123":{"start":{"line":351,"column":8},"end":{"line":353,"column":10}},"124":{"start":{"line":356,"column":6},"end":{"line":356,"column":49}},"125":{"start":{"line":365,"column":4},"end":{"line":365,"column":70}},"126":{"start":{"line":366,"column":4},"end":{"line":366,"column":72}},"127":{"start":{"line":373,"column":4},"end":{"line":375,"column":5}},"128":{"start":{"line":374,"column":6},"end":{"line":374,"column":13}},"129":{"start":{"line":377,"column":4},"end":{"line":377,"column":41}},"130":{"start":{"line":386,"column":4},"end":{"line":391,"column":5}},"131":{"start":{"line":387,"column":6},"end":{"line":390,"column":8}},"132":{"start":{"line":393,"column":4},"end":{"line":398,"column":5}},"133":{"start":{"line":394,"column":6},"end":{"line":397,"column":8}},"134":{"start":{"line":400,"column":4},"end":{"line":497,"column":5}},"135":{"start":{"line":401,"column":31},"end":{"line":401,"column":63}},"136":{"start":{"line":402,"column":6},"end":{"line":407,"column":7}},"137":{"start":{"line":403,"column":8},"end":{"line":406,"column":10}},"138":{"start":{"line":409,"column":29},"end":{"line":409,"column":48}},"139":{"start":{"line":412,"column":29},"end":{"line":414,"column":null}},"140":{"start":{"line":418,"column":6},"end":{"line":418,"column":52}},"141":{"start":{"line":421,"column":29},"end":{"line":421,"column":59}},"142":{"start":{"line":422,"column":32},"end":{"line":422,"column":60}},"143":{"start":{"line":425,"column":6},"end":{"line":448,"column":9}},"144":{"start":{"line":426,"column":8},"end":{"line":447,"column":9}},"145":{"start":{"line":427,"column":29},"end":{"line":427,"column":65}},"146":{"start":{"line":428,"column":10},"end":{"line":443,"column":13}},"147":{"start":{"line":429,"column":12},"end":{"line":442,"column":13}},"148":{"start":{"line":434,"column":14},"end":{"line":441,"column":17}},"149":{"start":{"line":435,"column":16},"end":{"line":440,"column":17}},"150":{"start":{"line":436,"column":18},"end":{"line":439,"column":20}},"151":{"start":{"line":444,"column":10},"end":{"line":444,"column":20}},"152":{"start":{"line":446,"column":10},"end":{"line":446,"column":24}},"153":{"start":{"line":451,"column":6},"end":{"line":474,"column":9}},"154":{"start":{"line":452,"column":8},"end":{"line":473,"column":9}},"155":{"start":{"line":453,"column":32},"end":{"line":453,"column":71}},"156":{"start":{"line":454,"column":10},"end":{"line":469,"column":13}},"157":{"start":{"line":455,"column":12},"end":{"line":468,"column":13}},"158":{"start":{"line":460,"column":14},"end":{"line":467,"column":17}},"159":{"start":{"line":461,"column":16},"end":{"line":466,"column":17}},"160":{"start":{"line":462,"column":18},"end":{"line":465,"column":20}},"161":{"start":{"line":470,"column":10},"end":{"line":470,"column":20}},"162":{"start":{"line":472,"column":10},"end":{"line":472,"column":24}},"163":{"start":{"line":477,"column":6},"end":{"line":479,"column":7}},"164":{"start":{"line":478,"column":8},"end":{"line":478,"column":51}},"165":{"start":{"line":481,"column":6},"end":{"line":483,"column":8}},"166":{"start":{"line":485,"column":6},"end":{"line":485,"column":31}},"167":{"start":{"line":487,"column":6},"end":{"line":490,"column":8}},"168":{"start":{"line":491,"column":6},"end":{"line":496,"column":8}},"169":{"start":{"line":504,"column":19},"end":{"line":504,"column":40}},"170":{"start":{"line":505,"column":4},"end":{"line":505,"column":39}},"171":{"start":{"line":512,"column":27},"end":{"line":512,"column":62}},"172":{"start":{"line":513,"column":4},"end":{"line":513,"column":57}},"173":{"start":{"line":520,"column":26},"end":{"line":520,"column":56}},"174":{"start":{"line":521,"column":4},"end":{"line":521,"column":38}},"175":{"start":{"line":522,"column":4},"end":{"line":524,"column":6}},"176":{"start":{"line":531,"column":4},"end":{"line":531,"column":29}},"177":{"start":{"line":538,"column":4},"end":{"line":538,"column":40}},"178":{"start":{"line":545,"column":4},"end":{"line":545,"column":41}},"179":{"start":{"line":552,"column":4},"end":{"line":552,"column":42}},"180":{"start":{"line":10,"column":0},"end":{"line":10,"column":13}}},"fnMap":{"0":{"name":"(anonymous_0)","decl":{"start":{"line":28,"column":2},"end":{"line":28,"column":null}},"loc":{"start":{"line":31,"column":30},"end":{"line":36,"column":3}}},"1":{"name":"(anonymous_1)","decl":{"start":{"line":41,"column":9},"end":{"line":41,"column":14}},"loc":{"start":{"line":41,"column":29},"end":{"line":72,"column":3}}},"2":{"name":"(anonymous_2)","decl":{"start":{"line":61,"column":6},"end":{"line":61,"column":11}},"loc":{"start":{"line":61,"column":52},"end":{"line":68,"column":7}}},"3":{"name":"(anonymous_3)","decl":{"start":{"line":77,"column":9},"end":{"line":77,"column":25}},"loc":{"start":{"line":77,"column":41},"end":{"line":101,"column":3}}},"4":{"name":"(anonymous_4)","decl":{"start":{"line":91,"column":6},"end":{"line":91,"column":11}},"loc":{"start":{"line":91,"column":52},"end":{"line":97,"column":7}}},"5":{"name":"(anonymous_5)","decl":{"start":{"line":106,"column":9},"end":{"line":106,"column":28}},"loc":{"start":{"line":106,"column":44},"end":{"line":114,"column":3}}},"6":{"name":"(anonymous_6)","decl":{"start":{"line":119,"column":9},"end":{"line":119,"column":22}},"loc":{"start":{"line":119,"column":22},"end":{"line":136,"column":3}}},"7":{"name":"(anonymous_7)","decl":{"start":{"line":138,"column":9},"end":{"line":138,"column":14}},"loc":{"start":{"line":141,"column":24},"end":{"line":230,"column":3}}},"8":{"name":"(anonymous_8)","decl":{"start":{"line":223,"column":36},"end":{"line":223,"column":37}},"loc":{"start":{"line":223,"column":50},"end":{"line":223,"column":76}}},"9":{"name":"(anonymous_9)","decl":{"start":{"line":224,"column":49},"end":{"line":224,"column":50}},"loc":{"start":{"line":225,"column":8},"end":{"line":225,"column":41}}},"10":{"name":"(anonymous_10)","decl":{"start":{"line":232,"column":9},"end":{"line":232,"column":23}},"loc":{"start":{"line":232,"column":54},"end":{"line":237,"column":3}}},"11":{"name":"(anonymous_11)","decl":{"start":{"line":242,"column":10},"end":{"line":242,"column":15}},"loc":{"start":{"line":246,"column":26},"end":{"line":358,"column":3}}},"12":{"name":"(anonymous_12)","decl":{"start":{"line":337,"column":38},"end":{"line":337,"column":39}},"loc":{"start":{"line":337,"column":58},"end":{"line":349,"column":9}}},"13":{"name":"(anonymous_13)","decl":{"start":{"line":363,"column":10},"end":{"line":363,"column":34}},"loc":{"start":{"line":363,"column":34},"end":{"line":367,"column":3}}},"14":{"name":"(anonymous_14)","decl":{"start":{"line":372,"column":9},"end":{"line":372,"column":18}},"loc":{"start":{"line":372,"column":44},"end":{"line":378,"column":3}}},"15":{"name":"(anonymous_15)","decl":{"start":{"line":383,"column":9},"end":{"line":383,"column":14}},"loc":{"start":{"line":384,"column":24},"end":{"line":498,"column":3}}},"16":{"name":"(anonymous_16)","decl":{"start":{"line":425,"column":30},"end":{"line":425,"column":31}},"loc":{"start":{"line":425,"column":50},"end":{"line":448,"column":7}}},"17":{"name":"(anonymous_17)","decl":{"start":{"line":428,"column":32},"end":{"line":428,"column":33}},"loc":{"start":{"line":428,"column":72},"end":{"line":443,"column":11}}},"18":{"name":"(anonymous_18)","decl":{"start":{"line":434,"column":50},"end":{"line":434,"column":51}},"loc":{"start":{"line":434,"column":63},"end":{"line":441,"column":15}}},"19":{"name":"(anonymous_19)","decl":{"start":{"line":451,"column":30},"end":{"line":451,"column":31}},"loc":{"start":{"line":451,"column":50},"end":{"line":474,"column":7}}},"20":{"name":"(anonymous_20)","decl":{"start":{"line":454,"column":35},"end":{"line":454,"column":36}},"loc":{"start":{"line":454,"column":75},"end":{"line":469,"column":11}}},"21":{"name":"(anonymous_21)","decl":{"start":{"line":460,"column":53},"end":{"line":460,"column":54}},"loc":{"start":{"line":460,"column":66},"end":{"line":467,"column":15}}},"22":{"name":"(anonymous_22)","decl":{"start":{"line":503,"column":10},"end":{"line":503,"column":30}},"loc":{"start":{"line":503,"column":59},"end":{"line":506,"column":3}}},"23":{"name":"(anonymous_23)","decl":{"start":{"line":511,"column":10},"end":{"line":511,"column":31}},"loc":{"start":{"line":511,"column":56},"end":{"line":514,"column":3}}},"24":{"name":"(anonymous_24)","decl":{"start":{"line":519,"column":9},"end":{"line":519,"column":34}},"loc":{"start":{"line":519,"column":34},"end":{"line":525,"column":3}}},"25":{"name":"(anonymous_25)","decl":{"start":{"line":530,"column":9},"end":{"line":530,"column":20}},"loc":{"start":{"line":530,"column":20},"end":{"line":532,"column":3}}},"26":{"name":"(anonymous_26)","decl":{"start":{"line":537,"column":9},"end":{"line":537,"column":33}},"loc":{"start":{"line":537,"column":33},"end":{"line":539,"column":3}}},"27":{"name":"(anonymous_27)","decl":{"start":{"line":544,"column":9},"end":{"line":544,"column":34}},"loc":{"start":{"line":544,"column":34},"end":{"line":546,"column":3}}},"28":{"name":"(anonymous_28)","decl":{"start":{"line":551,"column":9},"end":{"line":551,"column":37}},"loc":{"start":{"line":551,"column":37},"end":{"line":553,"column":3}}}},"branchMap":{"0":{"loc":{"start":{"line":42,"column":4},"end":{"line":44,"column":5}},"type":"if","locations":[{"start":{"line":42,"column":4},"end":{"line":44,"column":5}}]},"1":{"loc":{"start":{"line":42,"column":8},"end":{"line":42,"column":74}},"type":"binary-expr","locations":[{"start":{"line":42,"column":8},"end":{"line":42,"column":31}},{"start":{"line":42,"column":35},"end":{"line":42,"column":52}},{"start":{"line":42,"column":56},"end":{"line":42,"column":74}}]},"2":{"loc":{"start":{"line":47,"column":4},"end":{"line":52,"column":5}},"type":"if","locations":[{"start":{"line":47,"column":4},"end":{"line":52,"column":5}}]},"3":{"loc":{"start":{"line":78,"column":4},"end":{"line":78,"column":68}},"type":"if","locations":[{"start":{"line":78,"column":4},"end":{"line":78,"column":68}}]},"4":{"loc":{"start":{"line":78,"column":8},"end":{"line":78,"column":59}},"type":"binary-expr","locations":[{"start":{"line":78,"column":8},"end":{"line":78,"column":16}},{"start":{"line":78,"column":20},"end":{"line":78,"column":59}}]},"5":{"loc":{"start":{"line":81,"column":4},"end":{"line":86,"column":5}},"type":"if","locations":[{"start":{"line":81,"column":4},"end":{"line":86,
[...]
3,"87":3,"88":3,"89":0,"90":0,"91":0,"92":0,"93":0,"94":0,"95":0,"96":0,"97":0,"98":0,"99":3,"100":3,"101":3,"102":3,"103":3,"104":1,"105":1,"106":1,"107":8,"108":1,"109":7,"110":3,"111":4,"112":4,"113":4,"114":4,"115":0,"116":4,"117":4,"118":4,"119":4,"120":4,"121":4,"122":4,"123":4,"124":4,"125":4,"126":4,"127":4,"128":4,"129":4,"130":4,"131":4,"132":0,"133":4,"134":4,"135":0,"136":0,"137":0,"138":6,"139":6,"140":6,"141":6,"142":0,"143":0,"144":6,"145":5,"146":5,"147":5,"148":5,"149":4,"150":4,"151":1,"152":1,"153":1,"154":1,"155":1,"156":6,"157":6,"158":6,"159":0,"160":6,"161":6,"162":6,"163":6,"164":6,"165":6,"166":6,"167":10,"168":10,"169":10,"170":4,"171":4,"172":0,"173":6,"174":6,"175":2,"176":2,"177":2,"178":4,"179":4,"180":4,"181":4,"182":4,"183":0,"184":0,"185":0,"186":4,"187":4,"188":4,"189":3,"190":3,"191":3,"192":3,"193":1,"194":1,"195":1,"196":1,"197":1,"198":1,"199":1,"200":1,"201":1,"202":0,"203":0,"204":1,"205":1,"206":1,"207":1,"208":1,"209":0,"210":0,"211":0,"212":0,"213":0,"214":0,"215":0,"216":0,"217":0,"218":1,"219":1,"220":1,"221":1,"222":1,"223":1,"224":1,"225":1,"226":1,"227":0,"228":0,"229":0,"230":0,"231":0,"232":0,"233":0,"234":0,"235":0,"236":0,"237":1,"238":0,"239":0,"240":0,"241":1,"242":1,"243":1,"244":1,"245":1,"246":1,"247":1,"248":0,"249":1,"250":1,"251":1,"252":1,"253":0,"254":1,"255":0,"256":1,"257":1,"258":1,"259":1,"260":1,"261":0,"262":0,"263":1,"264":1,"265":1,"266":0,"267":0,"268":0,"269":5,"270":1,"271":1,"272":4,"273":4,"274":0,"275":0,"276":4,"277":4,"278":4,"279":4,"280":4,"281":4,"282":4,"283":4,"284":0,"285":0,"286":0,"287":0,"288":0,"289":4,"290":0,"291":0,"292":0,"293":0,"294":0,"295":0,"296":0,"297":0,"298":4,"299":7,"300":5,"301":2,"302":2,"303":2,"304":2,"305":2,"306":0,"307":2,"308":2,"309":2,"310":2,"311":0,"312":0,"313":0,"314":0,"315":0,"316":0,"317":2,"318":2,"319":2,"320":2,"321":2,"322":5,"323":5,"324":5,"325":0,"326":5,"327":5,"328":2,"329":2,"330":3,"331":1,"332":1,"333":1,"334":2,"335":2,"336":2,"337":2,"338":2,"339":2,"340":0,"341":0,"342":0,"343":0,"344":2,"345":0,"346":0,"347":0,"348":0,"349":2,"350":2,"351":2,"352":2,"353":2,"354":2,"355":2,"356":2,"357":2,"358":0,"359":0,"360":0,"361":0,"362":0,"363":2,"364":2,"365":2,"366":2,"367":2,"368":0,"369":2,"370":2,"371":2,"372":2,"373":2,"374":0,"375":0,"376":2,"377":0,"378":0,"379":0,"380":2,"381":2,"382":2,"383":2,"384":0,"385":0,"386":2,"387":0,"388":0,"389":0,"390":2,"391":2,"392":0,"393":0,"394":0,"395":0,"396":0,"397":0,"398":2,"399":0,"400":4,"401":0,"402":4,"403":0,"404":4,"405":4,"406":0,"407":4,"408":4,"409":4,"410":4,"411":4,"412":4,"413":0,"414":0,"415":4,"416":4,"417":0,"418":0,"419":1,"420":1,"421":1,"422":1,"423":1,"424":1,"425":1,"426":0,"427":1,"428":0,"429":0,"430":0,"431":0,"432":0,"433":0,"434":0,"435":0,"436":0,"437":0,"438":0,"439":0,"440":0,"441":0,"442":0,"443":0,"444":0,"445":1,"446":11,"447":3,"448":8,"449":2,"450":2,"451":2,"452":2,"453":1,"454":1,"455":1,"456":4,"457":7,"458":1,"459":1,"460":1,"461":1,"462":0,"463":1,"464":1,"465":1,"466":1,"467":1,"468":0,"469":1,"470":1,"471":1,"472":1,"473":3},"f":{"0":77,"1":48,"2":7,"3":3,"4":0,"5":3,"6":0,"7":3,"8":0,"9":3,"10":0,"11":8,"12":6,"13":6,"14":0,"15":5,"16":6,"17":4,"18":1,"19":0,"20":1,"21":0,"22":0,"23":1,"24":0,"25":1,"26":5,"27":0,"28":0,"29":7,"30":0,"31":5,"32":0,"33":5,"34":2,"35":2,"36":0,"37":0,"38":0,"39":4,"40":4,"41":4,"42":1,"43":1,"44":0,"45":0,"46":0,"47":0,"48":0,"49":11,"50":2,"51":1,"52":1,"53":4,"54":7,"55":1,"56":1,"57":1,"58":1,"59":1,"60":1},"b":{"0":[40],"1":[77,0],"2":[0,77],"3":[0,77],"4":[38],"5":[1],"6":[7,6],"7":[1],"8":[6,5],"9":[1],"10":[2],"11":[1],"12":[0,3],"13":[3,3],"14":[0],"15":[0,3],"16":[3,3],"17":[0],"18":[1,0],"19":[1,0],"20":[1],"21":[8,7],"22":[3],"23":[7,7,6],"24":[0],"25":[4,4],"26":[4],"27":[4,4],"28":[0,0],"29":[0,0],"30":[4],"31":[5,4,1],"32":[1,0],"33":[0],"34":[4],"35":[2],"36":[0],"37":[3],"38":[4,4,3],"39":[2,2],"40":[0],"41":[2,2],"42":[0],"43":[0],"44":[0,1],"45":[1,1],"46":[1,0],"47":[1],"48":[5,5,4],"49":[0],"50":[0],"51":[0,0,0],"52":[0],"53":[0],"54":[0],"55":[5],"56":[2],"57":[0],"58":[0,0],"59":[2],"60":[5,3,3,3],"61":[1],"62":[0],"63":[2,2],"64":[0],"65":[0],"66":[2,0],"67":[2,0],"68":[2,0],"69":[2,0],"70":[0],"71":[2,0],"72":[2],"73":[0],"74":[2,0],"75":[0],"76":[0],"77":[0],"78":[0],"79":[0,4],"80":[0,4],"81":[4,0],"82":[0,4],"83":[1,0],"84":[0],"85":[0,0],"86":[0,0],"87":[3],"88":[2],"89":[0],"90":[1,1],"91":[0],"92":[1,0]}}
,"C:\\Users\\dev\\source\\repos\\shogun\\shogun-message-plugin\\src\\types.ts": {"path":"C:\\Users\\dev\\source\\repos\\shogun\\shogun-message-plugin\\src\\types.ts","statementMap":{"0":{"start":{"line":166,"column":0},"end":{"line":166,"column":null}},"1":{"start":{"line":167,"column":2},"end":{"line":167,"column":null}},"2":{"start":{"line":168,"column":2},"end":{"line":168,"column":null}},"3":{"start":{"line":169,"column":2},"end":{"line":169,"column":null}},"4":{"start":{"line":170,"column":2},"end":{"line":170,"column":null}}},"fnMap":{"0":{"name":"(anonymous_0)","decl":{"start":{"line":166,"column":0},"end":{"line":166,"column":12}},"loc":{"start":{"line":166,"column":28},"end":{"line":171,"column":1}}}},"branchMap":{"0":{"loc":{"start":{"line":166,"column":12},"end":{"line":166,"column":null}},"type":"binary-expr","locations":[{"start":{"line":166,"column":12},"end":{"line":166,"column":28}},{"start":{"line":166,"column":28},"end":{"line":166,"column":null}}]}},"s":{"0":1,"1":1,"2":1,"3":1,"4":1},"f":{"0":1},"b":{"0":[1,1]}}
,"C:\\Users\\dev\\source\\repos\\shogun\\shogun-message-plugin\\src\\utils.ts": {"path":"C:\\Users\\dev\\source\\repos\\shogun\\shogun-message-plugin\\src\\utils.ts","statementMap":{"0":{"start":{"line":27,"column":0},"end":{"line":27,"column":16}},"1":{"start":{"line":36,"column":0},"end":{"line":36,"column":16}},"2":{"start":{"line":45,"column":0},"end":{"line":45,"column":16}},"3":{"start":{"line":58,"column":0},"end":{"line":58,"column":16}},"4":{"start":{"line":71,"column":0},"end":{"line":71,"column":16}},"5":{"start":{"line":80,"column":0},"end":{"line":80,"column":16}},"6":{"start":{"line":91,"column":0},"end":{"line":91,"column":16}},"7":{"start":{"line":110,"column":0},"end":{"line":110,"column":16}},"8":{"start":{"line":144,"column":0},"end":{"line":144,"column":16}},"9":{"start":{"line":155,"column":0},"end":{"line":155,"column":16}},"10":{"start":{"line":164,"column":0},"end":{"line":164,"column":7}},"11":{"start":{"line":11,"column":16},"end":{"line":11,"column":42}},"12":{"start":{"line":13,"column":2},"end":{"line":20,"column":3}},"13":{"start":{"line":14,"column":5},"end":{"line":14,"column":54}},"14":{"start":{"line":17,"column":4},"end":{"line":19,"column":5}},"15":{"start":{"line":17,"column":17},"end":{"line":17,"column":18}},"16":{"start":{"line":18,"column":6},"end":{"line":18,"column":41}},"17":{"start":{"line":21,"column":2},"end":{"line":21,"column":76}},"18":{"start":{"line":21,"column":34},"end":{"line":21,"column":65}},"19":{"start":{"line":28,"column":20},"end":{"line":28,"column":30}},"20":{"start":{"line":29,"column":17},"end":{"line":29,"column":29}},"21":{"start":{"line":30,"column":2},"end":{"line":30,"column":38}},"22":{"start":{"line":37,"column":20},"end":{"line":37,"column":30}},"23":{"start":{"line":38,"column":17},"end":{"line":38,"column":29}},"24":{"start":{"line":39,"column":2},"end":{"line":39,"column":34}},"25":{"start":{"line":46,"column":2},"end":{"line":48,"column":3}},"26":{"start":{"line":47,"column":4},"end":{"line":47,"column":60}},"27":{"start":{"line":51,"column":15},"end":{"line":51,"column":33}},"28":{"start":{"line":52,"column":2},"end":{"line":52,"column":29}},"29":{"start":{"line":59,"column":13},"end":{"line":59,"column":14}},"30":{"start":{"line":60,"column":2},"end":{"line":64,"column":3}},"31":{"start":{"line":60,"column":15},"end":{"line":60,"column":16}},"32":{"start":{"line":61,"column":17},"end":{"line":61,"column":34}},"33":{"start":{"line":62,"column":4},"end":{"line":62,"column":37}},"34":{"start":{"line":63,"column":4},"end":{"line":63,"column":23}},"35":{"start":{"line":65,"column":2},"end":{"line":65,"column":37}},"36":{"start":{"line":73,"column":17},"end":{"line":73,"column":38}},"37":{"start":{"line":74,"column":2},"end":{"line":74,"column":37}},"38":{"start":{"line":81,"column":2},"end":{"line":85,"column":3}},"39":{"start":{"line":82,"column":20},"end":{"line":82,"column":45}},"40":{"start":{"line":83,"column":21},"end":{"line":83,"column":57}},"41":{"start":{"line":84,"column":4},"end":{"line":84,"column":49}},"42":{"start":{"line":84,"column":32},"end":{"line":84,"column":47}},"43":{"start":{"line":95,"column":14},"end":{"line":95,"column":24}},"44":{"start":{"line":96,"column":31},"end":{"line":96,"column":33}},"45":{"start":{"line":98,"column":2},"end":{"line":102,"column":3}},"46":{"start":{"line":99,"column":4},"end":{"line":101,"column":5}},"47":{"start":{"line":100,"column":6},"end":{"line":100,"column":27}},"48":{"start":{"line":104,"column":2},"end":{"line":104,"column":45}},"49":{"start":{"line":104,"column":29},"end":{"line":104,"column":43}},"50":{"start":{"line":118,"column":4},"end":{"line":121,"column":11}},"51":{"start":{"line":122,"column":22},"end":{"line":122,"column":50}},"52":{"start":{"line":123,"column":20},"end":{"line":123,"column":46}},"53":{"start":{"line":124,"column":22},"end":{"line":124,"column":66}},"54":{"start":{"line":125,"column":23},"end":{"line":125,"column":61}},"55":{"start":{"line":127,"column":12},"end":{"line":127,"column":64}},"56":{"start":{"line":129,"column":17},"end":{"line":129,"column":38}},"57":{"start":{"line":130,"column":2},"end":{"line":130,"column":54}},"58":{"start":{"line":130,"column":19},"end":{"line":130,"column":54}},"59":{"start":{"line":131,"column":2},"end":{"line":131,"column":57}},"60":{"start":{"line":131,"column":20},"end":{"line":131,"column":57}},"61":{"start":{"line":133,"column":22},"end":{"line":133,"column":39}},"62":{"start":{"line":134,"column":2},"end":{"line":136,"column":3}},"63":{"start":{"line":135,"column":4},"end":{"line":135,"column":29}},"64":{"start":{"line":138,"column":2},"end":{"line":138,"column":13}},"65":{"start":{"line":145,"column":16},"end":{"line":145,"column":34}},"66":{"start":{"line":146,"column":2},"end":{"line":146,"column":32}},"67":{"start":{"line":147,"column":2},"end":{"line":149,"column":4}},"68":{"start":{"line":147,"column":37},"end":{"line":147,"column":71}},"69":{"start":{"line":156,"column":20},"end":{"line":156,"column":30}},"70":{"start":{"line":157,"column":17},"end":{"line":157,"column":29}},"71":{"start":{"line":158,"column":2},"end":{"line":158,"column":37}},"72":{"start":{"line":171,"column":2},"end":{"line":173,"column":3}},"73":{"start":{"line":172,"column":4},"end":{"line":172,"column":61}},"74":{"start":{"line":177,"column":2},"end":{"line":183,"column":3}},"75":{"start":{"line":178,"column":4},"end":{"line":178,"column":30}},"76":{"start":{"line":179,"column":9},"end":{"line":183,"column":3}},"77":{"start":{"line":180,"column":4},"end":{"line":180,"column":20}},"78":{"start":{"line":182,"column":4},"end":{"line":182,"column":36}},"79":{"start":{"line":185,"column":22},"end":{"line":185,"column":47}},"80":{"start":{"line":187,"column":2},"end":{"line":199,"column":5}},"81":{"start":{"line":188,"column":4},"end":{"line":198,"column":5}},"82":{"start":{"line":189,"column":6},"end":{"line":195,"column":9}},"83":{"start":{"line":190,"column":8},"end":{"line":194,"column":9}},"84":{"start":{"line":191,"column":10},"end":{"line":191,"column":37}},"85":{"start":{"line":193,"column":10},"end":{"line":193,"column":20}},"86":{"start":{"line":197,"column":6},"end":{"line":197,"column":20}}},"fnMap":{"0":{"name":"randomHex","decl":{"start":{"line":10,"column":9},"end":{"line":10,"column":18}},"loc":{"start":{"line":10,"column":41},"end":{"line":22,"column":1}}},"1":{"name":"(anonymous_1)","decl":{"start":{"line":21,"column":27},"end":{"line":21,"column":28}},"loc":{"start":{"line":21,"column":34},"end":{"line":21,"column":65}}},"2":{"name":"generateMessageId","decl":{"start":{"line":27,"column":16},"end":{"line":27,"column":33}},"loc":{"start":{"line":27,"column":33},"end":{"line":31,"column":1}}},"3":{"name":"generateGroupId","decl":{"start":{"line":36,"column":16},"end":{"line":36,"column":31}},"loc":{"start":{"line":36,"column":31},"end":{"line":40,"column":1}}},"4":{"name":"createSafePath","decl":{"start":{"line":45,"column":16},"end":{"line":45,"column":30}},"loc":{"start":{"line":45,"column":69},"end":{"line":53,"column":1}}},"5":{"name":"simpleHash","decl":{"start":{"line":58,"column":16},"end":{"line":58,"column":26}},"loc":{"start":{"line":58,"column":38},"end":{"line":66,"column":1}}},"6":{"name":"createConversationId","decl":{"start":{"line":71,"column":16},"end":{"line":71,"column":36}},"loc":{"start":{"line":71,"column":65},"end":{"line":75,"column":1}}},"7":{"name":"limitMapSize","decl":{"start":{"line":80,"column":16},"end":{"line":80,"column":28}},"loc":{"start":{"line":80,"column":68},"end":{"line":86,"column":1}}},"8":{"name":"(anonymous_8)","decl":{"start":{"line":84,"column":21},"end":{"line":84,"column":22}},"loc":{"start":{"line":84,"column":32},"end":{"line":84,"column":47}}},"9":{"name":"cleanupExpiredEntries","decl":{"start":{"line":91,"column":16},"end":{"line":91,"column":37}},"loc":{"start":{"line":93,"column":13},"end":{"line":105,"column":1}}},"10":{"name":"(anonymous_10)","decl":{"start":{"line":104,"column":21},"end":{"line":104,"column":22}},"loc":{"start":{"line":104,"column":29},"end":{"line":104,"column":43}}},"11":{"name":"generateInviteLink","decl":{"start":{"line":110,"column":16},"end":{"line":110,"column":34}},"loc":{"start":{"line":115,"column":26},"end":{"line":139,"column":1}}},"12":{"name":"generateSecureToken","decl":{"start":{"line":144,"column":16},"end":{"line":144,"column":35}},"loc":{"start":{"line":144,"column":35},"end":{"line":150,"column":1}}},"13":{"name":"(anonymous_13)","decl":{"start":{"line":147,"column":27},"end":{"line":147,"column":28}},"loc":{"start":{"line":147,"column":37},"end":{"line":147,"column":71}}},"14":{"name":"generateTokenRoomId","decl":{"start":{"line":155,"column":16},"end":{"line":155,"column":35}},"loc":{"start":{"line":155,"column":35},"end":{"line":159,"column":1}}},"15":{"name":"sendToGunDB","decl":{"start":{"line":164,"column":22},"end":{"line":164,"column":33}},"loc":{"start":{"line":169,"column":38},"end":{"line":200,"column":1}}},"16":{"name":"(anonymous_16)","decl":{"start":{"line":187,"column":27},"end":{"line":187,"column":28}},"loc":{"start":{"line":187,"column":47},"end":{"line":199,"column":3}}},"17":{"name":"(anonymous_17)","decl":{"start":{"line":189,"column":50},"end":{"line":189,"column":51}},"loc":{"start":{"line":189,"column":63},"end":{"line":195,"column":7}}}},"branchMap":{"0":{"loc":{"start":{"line":10,"column":19},"end":{"line":10,"column":41}},"type":"default-arg","locations":[{"start":{"line":10,"column":40},"end":{"line":10,"column":41}}]},"1":{"loc":{"start":{"line":13,"column":2},"end":{"line":20,"column":3}},"type":"if","locations":[{"start":{"line":13,"column":2},"end":{"line":20,"column":3}},{"start":{"line":15,"column":9},"end":{"line":20,"column":3}}]},"2":{"loc":{"start":{"line":45,"column":47},"end":{"line":45,"column":69}},"type":"default-arg","locations":[{"start":{"line":45,"column":64},"end":{"line":45,"column":69}}]},"3":{"loc":{"start":{"line":46,"column":2},"end":{"line":48,"column":3}},"type":"if","locations":[{"start":{"line":46,"column":2},"end":{"line":48,"column":3}}]},"4":{"loc":{"start":{"line":46,"column":6},"end":{"line":46,"column":43}},"type":"binary-expr","locations":[{"start":{"line":46,"column":6},"end":{"line":46,"column":13}},{"start":{"line":46,"column":17},"end":{"line":46,"column":43}}]},"5":{"loc":{"start":{"line":81,"column":2},"end":{"line":85,"column":3}},"type":"if","locations":[{"start":{"line":81,"column":2},"end":{"line":85,"column":3}}]},"6":{"loc":{"start":{"line":99,"column":4},"end":{"line":101,"column":5}},"type":"if","locations":[{"start":{"line":99,"column":4},"end":{"line":101,"column":5}}]},"7":{"loc":{"start":{"line":118,"column":4},"end":{"line":121,"column":11}},"type":"binary-expr","locations":[{"start":{"line":118,"column":4},"end":{"line":118,"column":19}},{"start":{"line":119,"column":5},"end":{"line":121,"column":10}}]},"8":{"loc":{"start":{"line":119,"column":5},"end":{"line":121,"column":10}},"type":"cond-expr","locations":[{"start":{"line":120,"column":9},"end":{"line":120,"column":39}},{"start":{"line":121,"column":8},"end":{"line":121,"column":10}}]},"9":{"loc":{"start":{"line":119,"column":5},"end":{"line":119,"column":71}},"type":"binary-expr","locations":[{"start":{"line":119,"column":5},"end":{"line":119,"column":34}},{"start":{"line":119,"column":39},"end":{"line":119,"column":71}}]},"10":{"loc":{"start":{"line":124,"column":22},"end":{"line":124,"column":66}},"type":"cond-expr","locations":[{"start":{"line":124,"column":33},"end":{"line":124,"column":61}},{"start":{"line":124,"column":64},"end":{"line":124,"column":66}}]},"11":{"loc":{"start":{"line":125,"column":23},"end":{"line":125,"column":61}},"type":"cond-expr","locations":[{"start":{"line":125,"column":31},"end":{"line":125,"column":56}},{"start":{"line":125,"column":59},"end":{"line":125,"column":61}}]},"12":{"loc":{"start":{"line":130,"column":2},"end":{"line":130,"column":54}},"type":"if","locations":[{"start":{"line":130,"column":2},"end":{"line":130,"column":54}}]},"13":{"loc":{"start":{"line":131,"column":2},"end":{"line":131,"column":57}},"type":"if","locations":[{"start":{"line":131,"column":2},"end":{"line":131,"column":57}}]},"14":{"loc":{"start":{"line":134,"column":2},"end":{"line":136,"column":3}},"type":"if","locations":[{"start":{"line":134,"column":2},"end":{"line":136,"column":3}}]},"15":{"loc":{"start":{"line":171,"column":2},"end":{"line":173,"column":3}},"type":"if","locations":[{"start":{"line":171,"column":2},"end":{"line":173,"column":3}}]},"16":{"loc":{"start":{"line":171,"column":6},"end":{"line":171,"column":39}},"type":"binary-expr","locations":[{"start":{"line":171,"column":6},"end":{"line":171,"column":11}},{"start":{"line":171,"column":15},"end":{"line":171,"column":23}},{"start":{"line":171,"column":27},"end":{"line":171,"column":39}}]},"17":{"loc":{"start":{"line":177,"column":2},"end":{"line":183,"column":3}},"type":"if","locations":[{"start":{"line":177,"column":2},"end":{"line":183,"column":3}},{"start":{"line":179,"column":9},"end":{"line":183,"column":3}}]},"18":{"loc":{"start":{"line":179,"column":9},"end":{"line":183,"column":3}},"type":"if","locations":[{"start":{"line":179,"column":9},"end":{"line":183,"column":3}},{"start":{"line":181,"column":9},"end":{"line":183,"column":3}}]},"19":{"loc":{"start":{"line":190,"column":8},"end":{"line":194,"column":9}},"type":"if","locations":[{"start":{"line":190,"column":8},"end":{"line":194,"column":9}},{"start":{"line":192,"column":15},"end":{"line":194,"column":9}}]}},"s":{"0":7,"1":7,"2":7,"3":7,"4":7,"5":7,"6":7,"7":7,"8":7,"9":7,"10":7,"11":15,"12":15,"13":14,"14":1,"15":1,"16":8,"17":15,"18":120,"19":10,"20":10,"21":10,"22":1,"23":1,"24":1,"25":18,"26":1,"27":17,"28":17,"29":21,"30":21,"31":21,"32":295,"33":295,"34":295,"35":21,"36":2,"37":2,"38":1,"39":1,"40":1,"41":1,"42":5,"43":1,"44":1,"45":1,"46":2,"47":1,"48":1,"49":1,"50":1,"51":1,"52":1,"53":1,"54":1,"55":1,"56":1,"57":1,"58":1,"59":1,"60":1,"61":1,"62":1,"63":1,"64":1,"65":5,"66":5,"67":4,"68":128,"69":4,"70":4,"71":4,"72":8,"73":1,"74":7,"75":1,"76":6,"77":0,"78":6,"79":7,"80":7,"81":7,"82":7,"83":6,"84":1,"85":5,"86":1},"f":{"0":15,"1":120,"2":10,"3":1,"4":18,"5":21,"6":2,"7":1,"8":5,"9":1,"10":1,"11":1,"12":5,"13":128,"14":4,"15":8,"16":7,"17":6},"b":{"0":[0],"1":[14,1],"2":[17],"3":[1],"4":[18,17],"5":[1],"6":[1],"7":[1,1],"8":[1,0],"9":[1,1],"10":[1,0],"11":[1,0],"12":[1],"13":[1],"14":[1],"15":[1],"16":[8,8,7],"17":[1,6],"18":[0,6],"19":[1,5]}}
}
