TN:
SF:src\base.ts
FN:6,(anonymous_0)
FN:19,(anonymous_1)
FN:27,(anonymous_2)
FN:35,(anonymous_3)
FN:42,(anonymous_4)
FNF:5
FNH:5
FNDA:61,(anonymous_0)
FNDA:54,(anonymous_1)
FNDA:6,(anonymous_2)
FNDA:15,(anonymous_3)
FNDA:3,(anonymous_4)
DA:6,3
DA:7,61
DA:8,61
DA:20,54
DA:21,54
DA:28,6
DA:29,6
DA:36,15
DA:43,3
DA:44,2
LF:10
LH:10
BRDA:43,0,0,2
BRF:1
BRH:1
end_of_record
TN:
SF:src\encryption.ts
FN:10,(anonymous_0)
FN:17,(anonymous_1)
FN:35,(anonymous_2)
FN:36,(anonymous_3)
FN:40,(anonymous_4)
FN:56,(anonymous_5)
FN:57,(anonymous_6)
FN:61,(anonymous_7)
FN:77,(anonymous_8)
FN:78,(anonymous_9)
FN:82,(anonymous_10)
FN:98,(anonymous_11)
FN:99,(anonymous_12)
FN:103,(anonymous_13)
FN:119,(anonymous_14)
FN:120,(anonymous_15)
FN:124,(anonymous_16)
FN:171,(anonymous_17)
FN:208,(anonymous_18)
FN:253,(anonymous_19)
FN:302,(anonymous_20)
FNF:21
FNH:16
FNDA:61,(anonymous_0)
FNDA:21,(anonymous_1)
FNDA:14,(anonymous_2)
FNDA:0,(anonymous_3)
FNDA:13,(anonymous_4)
FNDA:2,(anonymous_5)
FNDA:0,(anonymous_6)
FNDA:2,(anonymous_7)
FNDA:1,(anonymous_8)
FNDA:0,(anonymous_9)
FNDA:1,(anonymous_10)
FNDA:1,(anonymous_11)
FNDA:0,(anonymous_12)
FNDA:1,(anonymous_13)
FNDA:1,(anonymous_14)
FNDA:0,(anonymous_15)
FNDA:1,(anonymous_16)
FNDA:3,(anonymous_17)
FNDA:4,(anonymous_18)
FNDA:5,(anonymous_19)
FNDA:5,(anonymous_20)
DA:7,3
DA:11,61
DA:18,21
DA:22,21
DA:24,21
DA:25,21
DA:26,7
DA:29,7
DA:33,14
DA:35,14
DA:36,14
DA:37,0
DA:40,14
DA:41,13
DA:42,13
DA:43,13
DA:47,13
DA:48,11
DA:51,11
DA:55,2
DA:56,2
DA:57,2
DA:58,0
DA:61,2
DA:62,2
DA:63,2
DA:64,2
DA:68,2
DA:69,1
DA:72,1
DA:76,1
DA:77,1
DA:78,1
DA:79,0
DA:82,1
DA:83,1
DA:84,1
DA:85,1
DA:89,1
DA:90,0
DA:93,0
DA:97,1
DA:98,1
DA:99,1
DA:100,0
DA:103,1
DA:104,1
DA:105,1
DA:106,1
DA:110,1
DA:111,0
DA:114,0
DA:118,1
DA:119,1
DA:120,1
DA:121,0
DA:124,1
DA:125,1
DA:126,1
DA:127,1
DA:131,1
DA:132,0
DA:135,0
DA:139,1
DA:142,1
DA:146,1
DA:150,1
DA:156,1
DA:157,1
DA:158,0
DA:161,0
DA:164,1
DA:175,3
DA:176,3
DA:177,1
DA:181,2
DA:184,2
DA:189,2
DA:190,1
DA:193,1
DA:198,1
DA:199,0
DA:202,1
DA:214,4
DA:217,4
DA:221,4
DA:222,1
DA:226,3
DA:233,3
DA:235,2
DA:236,2
DA:238,0
DA:240,1
DA:242,0
DA:244,1
DA:247,2
DA:258,5
DA:259,5
DA:260,5
DA:261,5
DA:262,5
DA:265,5
DA:267,4
DA:268,4
DA:272,4
DA:273,2
DA:274,2
DA:275,2
DA:278,2
DA:279,1
DA:280,1
DA:281,1
DA:282,1
DA:283,1
DA:284,1
DA:286,0
DA:287,0
DA:291,1
DA:292,1
DA:294,1
DA:295,1
DA:303,5
DA:304,1
DA:307,4
DA:308,4
DA:309,4
DA:310,1
DA:313,1
DA:316,3
DA:319,3
DA:322,3
DA:330,1
DA:337,1
DA:339,2
LF:134
LH:116
BRDA:25,0,0,7
BRDA:25,1,0,21
BRDA:25,1,1,21
BRDA:47,2,0,11
BRDA:47,3,0,13
BRDA:47,3,1,11
BRDA:68,4,0,1
BRDA:68,5,0,2
BRDA:68,5,1,1
BRDA:89,6,0,0
BRDA:89,7,0,1
BRDA:89,7,1,0
BRDA:110,8,0,0
BRDA:110,9,0,1
BRDA:110,9,1,0
BRDA:131,10,0,0
BRDA:131,11,0,1
BRDA:131,11,1,0
BRDA:157,12,0,0
BRDA:157,13,0,1
BRDA:157,13,1,1
BRDA:176,14,0,1
BRDA:189,15,0,1
BRDA:198,16,0,0
BRDA:198,17,0,1
BRDA:198,17,1,1
BRDA:221,18,0,1
BRDA:233,19,0,2
BRDA:233,19,1,1
BRDA:240,20,0,0
BRDA:240,20,1,1
BRDA:240,21,0,1
BRDA:240,21,1,1
BRDA:272,22,0,2
BRDA:278,23,0,1
BRDA:278,24,0,2
BRDA:278,24,1,1
BRDA:303,25,0,1
BRDA:303,26,0,5
BRDA:303,26,1,4
BRDA:309,27,0,1
BRDA:309,28,0,4
BRDA:309,28,1,3
BRDA:326,29,0,3
BRDA:326,29,1,0
BRDA:334,30,0,1
BRDA:334,30,1,0
BRF:47
BRH:36
end_of_record
TN:
SF:src\groupManager.ts
FN:12,(anonymous_0)
FN:20,(anonymous_1)
FN:51,(anonymous_2)
FN:114,(anonymous_3)
FN:116,(anonymous_4)
FN:142,(anonymous_5)
FN:143,(anonymous_6)
FN:157,(anonymous_7)
FN:158,(anonymous_8)
FN:163,(anonymous_9)
FN:172,(anonymous_10)
FN:173,(anonymous_11)
FN:178,(anonymous_12)
FN:200,(anonymous_13)
FN:258,(anonymous_14)
FN:260,(anonymous_15)
FN:297,(anonymous_16)
FN:299,(anonymous_17)
FN:300,(anonymous_18)
FN:315,(anonymous_19)
FN:317,(anonymous_20)
FN:324,(anonymous_21)
FN:339,(anonymous_22)
FN:341,(anonymous_23)
FN:347,(anonymous_24)
FN:388,(anonymous_25)
FN:392,(anonymous_26)
FN:404,(anonymous_27)
FN:414,(anonymous_28)
FN:423,(anonymous_29)
FN:428,(anonymous_30)
FN:448,(anonymous_31)
FN:461,(anonymous_32)
FN:462,(anonymous_33)
FN:465,(anonymous_34)
FN:483,(anonymous_35)
FN:488,(anonymous_36)
FN:532,(anonymous_37)
FN:536,(anonymous_38)
FN:579,(anonymous_39)
FN:584,(anonymous_40)
FNF:41
FNH:35
FNDA:64,(anonymous_0)
FNDA:8,(anonymous_1)
FNDA:160,(anonymous_2)
FNDA:32,(anonymous_3)
FNDA:32,(anonymous_4)
FNDA:4,(anonymous_5)
FNDA:4,(anonymous_6)
FNDA:10,(anonymous_7)
FNDA:10,(anonymous_8)
FNDA:5,(anonymous_9)
FNDA:10,(anonymous_10)
FNDA:10,(anonymous_11)
FNDA:5,(anonymous_12)
FNDA:8,(anonymous_13)
FNDA:8,(anonymous_14)
FNDA:8,(anonymous_15)
FNDA:7,(anonymous_16)
FNDA:7,(anonymous_17)
FNDA:6,(anonymous_18)
FNDA:5,(anonymous_19)
FNDA:2,(anonymous_20)
FNDA:1,(anonymous_21)
FNDA:1,(anonymous_22)
FNDA:2,(anonymous_23)
FNDA:1,(anonymous_24)
FNDA:7,(anonymous_25)
FNDA:20,(anonymous_26)
FNDA:3,(anonymous_27)
FNDA:3,(anonymous_28)
FNDA:6,(anonymous_29)
FNDA:15,(anonymous_30)
FNDA:3,(anonymous_31)
FNDA:0,(anonymous_32)
FNDA:0,(anonymous_33)
FNDA:0,(anonymous_34)
FNDA:0,(anonymous_35)
FNDA:0,(anonymous_36)
FNDA:4,(anonymous_37)
FNDA:9,(anonymous_38)
FNDA:4,(anonymous_39)
FNDA:0,(anonymous_40)
DA:8,3
DA:13,64
DA:14,64
DA:24,8
DA:25,1
DA:31,7
DA:32,7
DA:33,1
DA:38,6
DA:41,6
DA:42,6
DA:43,1
DA:48,5
DA:49,5
DA:50,5
DA:51,160
DA:54,5
DA:55,0
DA:61,5
DA:62,5
DA:68,5
DA:69,5
DA:70,12
DA:71,12
DA:73,5
DA:74,5
DA:77,5
DA:78,12
DA:80,12
DA:81,10
DA:85,10
DA:86,0
DA:88,10
DA:92,10
DA:93,10
DA:95,0
DA:98,2
DA:102,2
DA:106,5
DA:107,1
DA:113,4
DA:114,32
DA:117,32
DA:118,32
DA:119,32
DA:122,4
DA:132,4
DA:142,4
DA:143,4
DA:144,4
DA:145,0
DA:147,4
DA:154,4
DA:156,4
DA:158,10
DA:159,10
DA:164,5
DA:165,5
DA:171,4
DA:173,10
DA:174,10
DA:179,5
DA:180,5
DA:185,4
DA:188,2
DA:194,4
DA:204,8
DA:205,1
DA:211,7
DA:212,7
DA:213,0
DA:218,7
DA:220,7
DA:221,7
DA:222,4
DA:226,3
DA:227,3
DA:228,0
DA:231,3
DA:233,3
DA:238,3
DA:239,2
DA:246,1
DA:252,1
DA:257,1
DA:258,8
DA:261,8
DA:262,8
DA:263,8
DA:266,1
DA:276,1
DA:277,1
DA:282,0
DA:284,1
DA:285,1
DA:298,7
DA:299,7
DA:300,7
DA:301,6
DA:302,5
DA:304,1
DA:309,6
DA:310,5
DA:312,5
DA:314,5
DA:315,5
DA:316,5
DA:317,5
DA:318,2
DA:320,2
DA:324,1
DA:325,1
DA:326,1
DA:329,1
DA:334,1
DA:336,1
DA:339,1
DA:340,1
DA:341,1
DA:342,2
DA:343,0
DA:347,1
DA:348,1
DA:349,1
DA:352,1
DA:357,1
DA:365,1
DA:373,1
DA:375,1
DA:377,5
DA:381,5
DA:392,7
DA:393,20
DA:394,7
DA:395,7
DA:398,7
DA:399,4
DA:403,3
DA:404,3
DA:405,3
DA:406,3
DA:408,3
DA:409,1
DA:413,2
DA:414,2
DA:415,3
DA:416,3
DA:428,6
DA:429,15
DA:430,6
DA:431,6
DA:433,6
DA:436,6
DA:443,6
DA:444,6
DA:446,2
DA:447,2
DA:448,3
DA:450,2
DA:454,6
DA:455,2
DA:456,2
DA:457,2
DA:458,2
DA:459,2
DA:461,0
DA:462,0
DA:463,0
DA:465,0
DA:471,6
DA:472,2
DA:475,2
DA:479,2
DA:480,0
DA:482,0
DA:483,0
DA:484,0
DA:489,0
DA:490,0
DA:493,0
DA:497,0
DA:505,6
DA:506,2
DA:510,4
DA:513,4
DA:517,4
DA:518,1
DA:521,3
DA:526,3
DA:536,4
DA:537,9
DA:538,4
DA:541,4
DA:544,5
DA:545,5
DA:547,5
DA:550,5
DA:551,5
DA:555,5
DA:557,5
DA:561,5
DA:564,4
DA:567,4
DA:571,4
DA:573,4
DA:577,4
DA:579,4
DA:580,4
DA:585,0
DA:586,0
DA:589,0
DA:593,4
LF:212
LH:189
BRDA:24,0,0,1
BRDA:24,1,0,8
BRDA:24,1,1,7
BRDA:32,2,0,1
BRDA:42,3,0,1
BRDA:54,4,0,0
BRDA:85,5,0,0
BRDA:92,6,0,10
BRDA:92,6,1,0
BRDA:106,7,0,1
BRDA:144,8,0,0
BRDA:144,8,1,4
BRDA:164,9,0,0
BRDA:164,9,1,5
BRDA:164,10,0,5
BRDA:164,10,1,5
BRDA:179,11,0,0
BRDA:179,11,1,5
BRDA:179,12,0,5
BRDA:179,12,1,5
BRDA:204,13,0,1
BRDA:204,14,0,8
BRDA:204,14,1,7
BRDA:212,15,0,0
BRDA:221,16,0,4
BRDA:227,17,0,0
BRDA:238,18,0,2
BRDA:288,19,0,1
BRDA:288,19,1,0
BRDA:301,20,0,5
BRDA:301,20,1,1
BRDA:309,21,0,5
BRDA:318,22,0,2
BRDA:342,23,0,0
BRDA:393,24,0,20
BRDA:393,24,1,0
BRDA:398,25,0,4
BRDA:398,26,0,7
BRDA:398,26,1,3
BRDA:403,27,0,3
BRDA:403,27,1,0
BRDA:406,28,0,3
BRDA:406,28,1,2
BRDA:408,29,0,1
BRDA:413,30,0,2
BRDA:413,30,1,0
BRDA:416,31,0,3
BRDA:416,31,1,2
BRDA:429,32,0,15
BRDA:429,32,1,0
BRDA:438,33,0,6
BRDA:438,33,1,0
BRDA:444,34,0,2
BRDA:446,35,0,2
BRDA:446,35,1,0
BRDA:450,36,0,0
BRDA:454,37,0,2
BRDA:463,38,0,0
BRDA:463,38,1,0
BRDA:471,39,0,2
BRDA:471,40,0,6
BRDA:471,40,1,2
BRDA:479,41,0,0
BRDA:489,42,0,0
BRDA:489,42,1,0
BRDA:505,43,0,2
BRDA:517,44,0,1
BRDA:526,45,0,3
BRDA:526,45,1,1
BRDA:537,46,0,9
BRDA:537,46,1,0
BRDA:542,47,0,4
BRDA:542,47,1,0
BRDA:545,48,0,0
BRDA:545,49,0,5
BRDA:545,49,1,5
BRDA:555,50,0,0
BRDA:561,51,0,1
BRDA:571,52,0,0
BRDA:577,53,0,4
BRDA:585,54,0,0
BRDA:585,54,1,0
BRDA:585,55,0,0
BRDA:585,55,1,0
BRF:84
BRH:53
end_of_record
TN:
SF:src\index.ts
FN:19,(anonymous_0)
FN:20,(anonymous_1)
FNF:2
FNH:0
FNDA:0,(anonymous_0)
FNDA:0,(anonymous_1)
DA:19,0
DA:20,0
LF:2
LH:0
BRF:0
BRH:0
end_of_record
TN:
SF:src\messageProcessor.ts
FN:28,(anonymous_0)
FN:41,(anonymous_1)
FN:61,(anonymous_2)
FN:77,(anonymous_3)
FN:91,(anonymous_4)
FN:106,(anonymous_5)
FN:119,(anonymous_6)
FN:138,(anonymous_7)
FN:223,(anonymous_8)
FN:224,(anonymous_9)
FN:232,(anonymous_10)
FN:242,(anonymous_11)
FN:337,(anonymous_12)
FN:363,(anonymous_13)
FN:372,(anonymous_14)
FN:383,(anonymous_15)
FN:425,(anonymous_16)
FN:428,(anonymous_17)
FN:434,(anonymous_18)
FN:451,(anonymous_19)
FN:454,(anonymous_20)
FN:460,(anonymous_21)
FN:503,(anonymous_22)
FN:511,(anonymous_23)
FN:519,(anonymous_24)
FN:530,(anonymous_25)
FN:537,(anonymous_26)
FN:544,(anonymous_27)
FN:551,(anonymous_28)
FNF:29
FNH:17
FNDA:69,(anonymous_0)
FNDA:10,(anonymous_1)
FNDA:0,(anonymous_2)
FNDA:8,(anonymous_3)
FNDA:0,(anonymous_4)
FNDA:3,(anonymous_5)
FNDA:5,(anonymous_6)
FNDA:9,(anonymous_7)
FNDA:0,(anonymous_8)
FNDA:4,(anonymous_9)
FNDA:13,(anonymous_10)
FNDA:0,(anonymous_11)
FNDA:0,(anonymous_12)
FNDA:0,(anonymous_13)
FNDA:7,(anonymous_14)
FNDA:4,(anonymous_15)
FNDA:1,(anonymous_16)
FNDA:0,(anonymous_17)
FNDA:0,(anonymous_18)
FNDA:0,(anonymous_19)
FNDA:0,(anonymous_20)
FNDA:0,(anonymous_21)
FNDA:1,(anonymous_22)
FNDA:0,(anonymous_23)
FNDA:1,(anonymous_24)
FNDA:23,(anonymous_25)
FNDA:11,(anonymous_26)
FNDA:9,(anonymous_27)
FNDA:3,(anonymous_28)
DA:3,3
DA:10,3
DA:16,69
DA:17,69
DA:18,69
DA:19,69
DA:20,69
DA:21,69
DA:24,69
DA:25,69
DA:26,69
DA:33,69
DA:34,69
DA:35,69
DA:42,10
DA:43,2
DA:46,8
DA:47,8
DA:48,1
DA:51,1
DA:54,7
DA:55,7
DA:58,7
DA:59,7
DA:60,7
DA:62,0
DA:78,8
DA:80,7
DA:81,7
DA:82,1
DA:85,1
DA:88,6
DA:89,6
DA:90,6
DA:92,0
DA:100,6
DA:107,3
DA:108,3
DA:109,2
DA:110,2
DA:113,3
DA:120,5
DA:123,4
DA:124,4
DA:125,4
DA:129,4
DA:130,1
DA:132,4
DA:134,4
DA:135,4
DA:143,9
DA:144,9
DA:145,8
DA:146,8
DA:149,8
DA:150,0
DA:153,8
DA:154,1
DA:156,7
DA:158,7
DA:159,7
DA:160,1
DA:163,1
DA:164,1
DA:168,6
DA:174,6
DA:175,1
DA:178,1
DA:179,1
DA:183,5
DA:190,5
DA:191,0
DA:192,0
DA:194,0
DA:197,5
DA:201,5
DA:206,5
DA:207,1
DA:210,1
DA:211,1
DA:214,4
DA:223,4
DA:224,4
DA:225,4
DA:228,1
DA:233,13
DA:234,3
DA:236,10
DA:249,0
DA:254,0
DA:258,0
DA:259,0
DA:262,0
DA:265,0
DA:266,0
DA:268,0
DA:270,0
DA:277,0
DA:279,0
DA:288,0
DA:291,0
DA:292,0
DA:295,0
DA:299,0
DA:305,0
DA:306,0
DA:309,0
DA:310,0
DA:312,0
DA:318,0
DA:324,0
DA:325,0
DA:328,0
DA:329,0
DA:333,0
DA:334,0
DA:337,0
DA:338,0
DA:339,0
DA:340,0
DA:344,0
DA:351,0
DA:356,0
DA:365,0
DA:366,0
DA:373,7
DA:374,3
DA:377,4
DA:386,4
DA:387,1
DA:393,3
DA:394,1
DA:400,2
DA:401,2
DA:402,2
DA:403,1
DA:409,1
DA:412,1
DA:418,1
DA:421,1
DA:422,1
DA:425,1
DA:426,1
DA:427,1
DA:428,1
DA:429,0
DA:434,0
DA:435,0
DA:436,0
DA:444,0
DA:446,1
DA:451,0
DA:452,0
DA:453,0
DA:454,0
DA:455,0
DA:460,0
DA:461,0
DA:462,0
DA:470,0
DA:472,0
DA:477,0
DA:478,0
DA:481,0
DA:485,0
DA:487,1
DA:491,1
DA:504,1
DA:505,1
DA:512,0
DA:513,0
DA:520,1
DA:521,1
DA:522,1
DA:531,23
DA:538,11
DA:545,9
DA:552,3
LF:178
LH:114
BRDA:42,0,0,2
BRDA:42,1,0,10
BRDA:42,1,1,9
BRDA:42,1,2,8
BRDA:47,2,0,1
BRDA:78,3,0,1
BRDA:78,4,0,8
BRDA:78,4,1,8
BRDA:81,5,0,1
BRDA:108,6,0,2
BRDA:108,7,0,3
BRDA:108,7,1,2
BRDA:120,8,0,1
BRDA:123,9,0,4
BRDA:149,10,0,0
BRDA:149,11,0,8
BRDA:149,11,1,8
BRDA:153,12,0,1
BRDA:159,13,0,1
BRDA:174,14,0,1
BRDA:190,15,0,0
BRDA:190,15,1,5
BRDA:190,16,0,5
BRDA:190,16,1,0
BRDA:191,17,0,0
BRDA:191,17,1,0
BRDA:206,18,0,1
BRDA:233,19,0,3
BRDA:249,20,0,0
BRDA:250,21,0,0
BRDA:250,21,1,0
BRDA:250,21,2,0
BRDA:258,22,0,0
BRDA:277,23,0,0
BRDA:277,23,1,0
BRDA:305,24,0,0
BRDA:305,24,1,0
BRDA:324,25,0,0
BRDA:333,26,0,0
BRDA:333,26,1,0
BRDA:373,27,0,3
BRDA:386,28,0,1
BRDA:386,29,0,4
BRDA:386,29,1,3
BRDA:393,30,0,1
BRDA:393,31,0,3
BRDA:393,31,1,2
BRDA:402,32,0,1
BRDA:429,33,0,0
BRDA:430,34,0,0
BRDA:430,34,1,0
BRDA:430,34,2,0
BRDA:435,35,0,0
BRDA:455,36,0,0
BRDA:456,37,0,0
BRDA:456,37,1,0
BRDA:456,37,2,0
BRDA:461,38,0,0
BRDA:494,39,0,1
BRDA:494,39,1,0
BRF:60
BRH:32
end_of_record
TN:
SF:src\messagingPlugin.ts
FN:28,(anonymous_0)
FN:41,(anonymous_1)
FN:69,(anonymous_2)
FN:97,(anonymous_3)
FN:100,(anonymous_4)
FN:187,(anonymous_5)
FN:197,(anonymous_6)
FN:212,(anonymous_7)
FN:226,(anonymous_8)
FN:235,(anonymous_9)
FN:244,(anonymous_10)
FN:253,(anonymous_11)
FN:296,(anonymous_12)
FN:324,(anonymous_13)
FN:334,(anonymous_14)
FN:349,(anonymous_15)
FN:356,(anonymous_16)
FN:363,(anonymous_17)
FN:373,(anonymous_18)
FN:380,(anonymous_19)
FN:399,(anonymous_20)
FN:418,(anonymous_21)
FN:433,(anonymous_22)
FN:440,(anonymous_23)
FN:447,(anonymous_24)
FN:454,(anonymous_25)
FN:461,(anonymous_26)
FN:468,(anonymous_27)
FN:475,(anonymous_28)
FN:482,(anonymous_29)
FN:489,(anonymous_30)
FN:496,(anonymous_31)
FN:503,(anonymous_32)
FN:510,(anonymous_33)
FN:517,(anonymous_34)
FN:524,(anonymous_35)
FN:531,(anonymous_36)
FNF:37
FNH:35
FNDA:41,(anonymous_0)
FNDA:40,(anonymous_1)
FNDA:10,(anonymous_2)
FNDA:4,(anonymous_3)
FNDA:32,(anonymous_4)
FNDA:3,(anonymous_5)
FNDA:2,(anonymous_6)
FNDA:2,(anonymous_7)
FNDA:2,(anonymous_8)
FNDA:2,(anonymous_9)
FNDA:2,(anonymous_10)
FNDA:5,(anonymous_11)
FNDA:7,(anonymous_12)
FNDA:2,(anonymous_13)
FNDA:1,(anonymous_14)
FNDA:0,(anonymous_15)
FNDA:0,(anonymous_16)
FNDA:1,(anonymous_17)
FNDA:1,(anonymous_18)
FNDA:1,(anonymous_19)
FNDA:1,(anonymous_20)
FNDA:1,(anonymous_21)
FNDA:1,(anonymous_22)
FNDA:2,(anonymous_23)
FNDA:1,(anonymous_24)
FNDA:1,(anonymous_25)
FNDA:1,(anonymous_26)
FNDA:1,(anonymous_27)
FNDA:1,(anonymous_28)
FNDA:1,(anonymous_29)
FNDA:1,(anonymous_30)
FNDA:1,(anonymous_31)
FNDA:1,(anonymous_32)
FNDA:2,(anonymous_33)
FNDA:1,(anonymous_34)
FNDA:9,(anonymous_35)
FNDA:1,(anonymous_36)
DA:3,2
DA:4,2
DA:5,2
DA:6,2
DA:7,2
DA:8,2
DA:9,2
DA:15,2
DA:16,41
DA:17,41
DA:18,41
DA:19,41
DA:29,41
DA:30,41
DA:31,41
DA:32,41
DA:33,41
DA:34,41
DA:35,41
DA:42,40
DA:43,40
DA:44,40
DA:45,40
DA:46,40
DA:50,40
DA:51,40
DA:57,40
DA:73,10
DA:74,2
DA:80,8
DA:81,3
DA:87,5
DA:88,5
DA:89,5
DA:90,1
DA:96,4
DA:97,4
DA:98,4
DA:99,4
DA:100,4
DA:101,32
DA:103,4
DA:107,4
DA:115,4
DA:124,4
DA:127,4
DA:128,4
DA:132,4
DA:137,4
DA:143,4
DA:144,4
DA:148,4
DA:154,4
DA:162,4
DA:170,3
DA:172,1
DA:176,1
DA:191,3
DA:202,2
DA:216,2
DA:227,2
DA:228,2
DA:236,2
DA:237,2
DA:245,2
DA:246,2
DA:257,5
DA:258,5
DA:259,0
DA:262,5
DA:264,1
DA:265,1
DA:271,4
DA:273,1
DA:274,1
DA:275,1
DA:282,3
DA:284,1
DA:287,2
DA:289,0
DA:302,7
DA:304,7
DA:306,7
DA:308,7
DA:309,7
DA:328,2
DA:339,1
DA:350,0
DA:357,0
DA:367,1
DA:374,1
DA:384,1
DA:385,1
DA:386,1
DA:388,0
DA:389,0
DA:404,1
DA:405,1
DA:406,1
DA:408,0
DA:419,1
DA:420,0
DA:422,1
DA:423,1
DA:434,1
DA:441,2
DA:448,1
DA:455,1
DA:462,1
DA:469,1
DA:476,1
DA:483,1
DA:490,1
DA:497,1
DA:504,1
DA:511,2
DA:518,1
DA:525,9
DA:537,1
LF:119
LH:111
BRDA:73,0,0,2
BRDA:73,1,0,10
BRDA:73,1,1,8
BRDA:80,2,0,3
BRDA:80,3,0,8
BRDA:80,3,1,6
BRDA:89,4,0,1
BRDA:150,5,0,4
BRDA:150,5,1,0
BRDA:179,6,0,1
BRDA:179,6,1,0
BRDA:258,7,0,0
BRDA:258,8,0,5
BRDA:258,8,1,5
BRDA:262,9,0,1
BRDA:271,10,0,1
BRDA:277,11,0,1
BRDA:277,11,1,1
BRDA:278,12,0,0
BRDA:278,12,1,1
BRDA:282,13,0,1
BRDA:289,14,0,0
BRDA:289,14,1,0
BRDA:302,15,0,7
BRDA:302,15,1,4
BRDA:304,16,0,7
BRDA:304,16,1,3
BRDA:306,17,0,7
BRDA:306,17,1,7
BRDA:308,18,0,7
BRDA:308,18,1,4
BRDA:391,19,0,0
BRDA:391,19,1,0
BRDA:410,20,0,0
BRDA:410,20,1,0
BRDA:419,21,0,0
BRDA:419,22,0,1
BRDA:419,22,1,1
BRDA:419,22,2,1
BRDA:423,23,0,1
BRDA:423,23,1,0
BRF:41
BRH:29
end_of_record
TN:
SF:src\publicRoomManager.ts
FN:19,(anonymous_0)
FN:27,(anonymous_1)
FN:111,(anonymous_2)
FN:139,(anonymous_3)
FN:153,(anonymous_4)
FN:164,(anonymous_5)
FN:180,(anonymous_6)
FN:224,(anonymous_7)
FN:251,(anonymous_8)
FN:265,(anonymous_9)
FN:271,(anonymous_10)
FN:277,(anonymous_11)
FN:284,(anonymous_12)
FN:306,(anonymous_13)
FN:308,(anonymous_14)
FN:335,(anonymous_15)
FN:346,(anonymous_16)
FN:353,(anonymous_17)
FN:360,(anonymous_18)
FNF:19
FNH:13
FNDA:69,(anonymous_0)
FNDA:9,(anonymous_1)
FNDA:7,(anonymous_2)
FNDA:0,(anonymous_3)
FNDA:5,(anonymous_4)
FNDA:3,(anonymous_5)
FNDA:108,(anonymous_6)
FNDA:0,(anonymous_7)
FNDA:0,(anonymous_8)
FNDA:0,(anonymous_9)
FNDA:0,(anonymous_10)
FNDA:0,(anonymous_11)
FNDA:7,(anonymous_12)
FNDA:7,(anonymous_13)
FNDA:1,(anonymous_14)
FNDA:16,(anonymous_15)
FNDA:5,(anonymous_16)
FNDA:8,(anonymous_17)
FNDA:3,(anonymous_18)
DA:3,3
DA:9,3
DA:12,69
DA:13,69
DA:14,69
DA:15,69
DA:16,69
DA:17,69
DA:20,69
DA:21,69
DA:31,9
DA:32,1
DA:38,8
DA:44,3
DA:51,5
DA:52,5
DA:53,5
DA:54,1
DA:60,4
DA:61,4
DA:63,4
DA:67,4
DA:77,4
DA:83,4
DA:89,4
DA:91,1
DA:93,1
DA:95,3
DA:99,3
DA:112,7
DA:117,1
DA:120,6
DA:121,6
DA:122,0
DA:125,0
DA:128,6
DA:129,6
DA:131,6
DA:136,6
DA:138,6
DA:140,0
DA:154,5
DA:155,5
DA:156,4
DA:157,4
DA:165,3
DA:167,2
DA:168,2
DA:169,2
DA:172,2
DA:173,2
DA:174,2
DA:187,108
DA:193,108
DA:197,0
DA:198,0
DA:201,0
DA:204,0
DA:205,0
DA:207,0
DA:209,0
DA:210,0
DA:215,0
DA:216,0
DA:223,0
DA:224,0
DA:225,0
DA:226,0
DA:228,0
DA:235,0
DA:240,0
DA:241,0
DA:252,0
DA:253,0
DA:256,0
DA:260,0
DA:261,0
DA:265,0
DA:268,0
DA:269,0
DA:271,0
DA:273,0
DA:277,0
DA:292,7
DA:293,7
DA:294,0
DA:295,0
DA:297,0
DA:300,7
DA:302,7
DA:306,7
DA:307,7
DA:308,7
DA:309,1
DA:310,0
DA:314,0
DA:316,1
DA:319,1
DA:323,6
DA:327,6
DA:336,16
DA:337,3
DA:340,13
DA:347,5
DA:354,8
DA:361,3
LF:106
LH:69
BRDA:31,0,0,1
BRDA:31,1,0,9
BRDA:31,1,1,8
BRDA:38,2,0,3
BRDA:39,3,0,8
BRDA:39,3,1,6
BRDA:39,3,2,5
BRDA:39,3,3,5
BRDA:53,4,0,1
BRDA:63,5,0,4
BRDA:63,5,1,4
BRDA:102,6,0,3
BRDA:102,6,1,0
BRDA:112,7,0,1
BRDA:113,8,0,7
BRDA:113,8,1,7
BRDA:113,8,2,6
BRDA:121,9,0,0
BRDA:155,10,0,4
BRDA:165,11,0,1
BRDA:167,12,0,2
BRDA:187,13,0,108
BRDA:188,14,0,108
BRDA:188,14,1,0
BRDA:188,14,2,0
BRDA:188,14,3,0
BRDA:197,15,0,0
BRDA:209,16,0,0
BRDA:215,17,0,0
BRDA:223,18,0,0
BRDA:223,18,1,0
BRDA:260,19,0,0
BRDA:268,20,0,0
BRDA:292,21,0,7
BRDA:292,21,1,0
BRDA:294,22,0,0
BRDA:294,22,1,0
BRDA:309,23,0,0
BRDA:309,23,1,1
BRDA:336,24,0,3
BRF:40
BRH:24
end_of_record
TN:
SF:src\tokenRoomManager.ts
FN:42,(anonymous_0)
FN:63,(anonymous_1)
FN:76,(anonymous_2)
FN:151,(anonymous_3)
FN:152,(anonymous_4)
FN:166,(anonymous_5)
FN:218,(anonymous_6)
FN:236,(anonymous_7)
FN:237,(anonymous_8)
FN:246,(anonymous_9)
FN:296,(anonymous_10)
FN:327,(anonymous_11)
FN:441,(anonymous_12)
FN:447,(anonymous_13)
FN:448,(anonymous_14)
FN:457,(anonymous_15)
FN:502,(anonymous_16)
FN:562,(anonymous_17)
FN:616,(anonymous_18)
FN:617,(anonymous_19)
FN:628,(anonymous_20)
FN:657,(anonymous_21)
FN:715,(anonymous_22)
FN:738,(anonymous_23)
FN:748,(anonymous_24)
FN:759,(anonymous_25)
FN:823,(anonymous_26)
FN:864,(anonymous_27)
FN:889,(anonymous_28)
FN:923,(anonymous_29)
FN:943,(anonymous_30)
FN:967,(anonymous_31)
FN:978,(anonymous_32)
FN:995,(anonymous_33)
FN:1152,(anonymous_34)
FN:1186,(anonymous_35)
FN:1204,(anonymous_36)
FN:1213,(anonymous_37)
FN:1219,(anonymous_38)
FN:1233,(anonymous_39)
FN:1257,(anonymous_40)
FN:1259,(anonymous_41)
FN:1287,(anonymous_42)
FN:1321,(anonymous_43)
FN:1322,(anonymous_44)
FN:1331,(anonymous_45)
FN:1350,(anonymous_46)
FN:1351,(anonymous_47)
FN:1360,(anonymous_48)
FN:1397,(anonymous_49)
FN:1408,(anonymous_50)
FN:1421,(anonymous_51)
FN:1425,(anonymous_52)
FN:1431,(anonymous_53)
FN:1438,(anonymous_54)
FN:1445,(anonymous_55)
FN:1452,(anonymous_56)
FN:1457,(anonymous_57)
FN:1462,(anonymous_58)
FN:1469,(anonymous_59)
FN:1484,(anonymous_60)
FNF:61
FNH:40
FNDA:77,(anonymous_0)
FNDA:48,(anonymous_1)
FNDA:7,(anonymous_2)
FNDA:3,(anonymous_3)
FNDA:0,(anonymous_4)
FNDA:3,(anonymous_5)
FNDA:0,(anonymous_6)
FNDA:3,(anonymous_7)
FNDA:0,(anonymous_8)
FNDA:3,(anonymous_9)
FNDA:0,(anonymous_10)
FNDA:8,(anonymous_11)
FNDA:6,(anonymous_12)
FNDA:6,(anonymous_13)
FNDA:0,(anonymous_14)
FNDA:5,(anonymous_15)
FNDA:6,(anonymous_16)
FNDA:4,(anonymous_17)
FNDA:1,(anonymous_18)
FNDA:0,(anonymous_19)
FNDA:1,(anonymous_20)
FNDA:0,(anonymous_21)
FNDA:0,(anonymous_22)
FNDA:1,(anonymous_23)
FNDA:0,(anonymous_24)
FNDA:1,(anonymous_25)
FNDA:5,(anonymous_26)
FNDA:0,(anonymous_27)
FNDA:0,(anonymous_28)
FNDA:7,(anonymous_29)
FNDA:0,(anonymous_30)
FNDA:5,(anonymous_31)
FNDA:0,(anonymous_32)
FNDA:5,(anonymous_33)
FNDA:2,(anonymous_34)
FNDA:2,(anonymous_35)
FNDA:0,(anonymous_36)
FNDA:0,(anonymous_37)
FNDA:0,(anonymous_38)
FNDA:4,(anonymous_39)
FNDA:4,(anonymous_40)
FNDA:4,(anonymous_41)
FNDA:1,(anonymous_42)
FNDA:1,(anonymous_43)
FNDA:0,(anonymous_44)
FNDA:0,(anonymous_45)
FNDA:0,(anonymous_46)
FNDA:0,(anonymous_47)
FNDA:0,(anonymous_48)
FNDA:11,(anonymous_49)
FNDA:2,(anonymous_50)
FNDA:1,(anonymous_51)
FNDA:1,(anonymous_52)
FNDA:4,(anonymous_53)
FNDA:7,(anonymous_54)
FNDA:1,(anonymous_55)
FNDA:1,(anonymous_56)
FNDA:1,(anonymous_57)
FNDA:1,(anonymous_58)
FNDA:1,(anonymous_59)
FNDA:1,(anonymous_60)
DA:8,3
DA:29,3
DA:32,77
DA:33,77
DA:34,77
DA:37,77
DA:38,77
DA:40,77
DA:47,77
DA:48,77
DA:49,77
DA:50,77
DA:54,77
DA:64,48
DA:65,48
DA:66,38
DA:81,7
DA:82,1
DA:88,6
DA:89,1
DA:95,5
DA:96,5
DA:97,5
DA:101,5
DA:102,5
DA:103,1
DA:106,1
DA:113,4
DA:114,4
DA:115,4
DA:118,3
DA:125,3
DA:126,2
DA:127,3
DA:128,1
DA:129,3
DA:132,3
DA:133,3
DA:134,3
DA:136,3
DA:140,3
DA:141,3
DA:142,3
DA:147,3
DA:151,3
DA:152,3
DA:153,0
DA:156,0
DA:163,3
DA:166,3
DA:167,3
DA:168,3
DA:172,3
DA:173,0
DA:177,0
DA:179,3
DA:182,3
DA:187,3
DA:190,3
DA:192,0
DA:193,0
DA:194,0
DA:199,0
DA:204,0
DA:205,0
DA:208,0
DA:214,0
DA:215,0
DA:218,0
DA:223,3
DA:227,3
DA:228,3
DA:230,3
DA:231,3
DA:232,3
DA:236,3
DA:237,3
DA:238,0
DA:241,0
DA:246,3
DA:247,3
DA:248,3
DA:252,3
DA:253,0
DA:257,0
DA:259,3
DA:262,3
DA:267,3
DA:270,3
DA:272,0
DA:273,0
DA:278,0
DA:279,0
DA:283,0
DA:286,0
DA:289,0
DA:293,0
DA:296,0
DA:301,3
DA:303,3
DA:304,3
DA:307,3
DA:308,3
DA:310,1
DA:314,1
DA:315,1
DA:332,8
DA:333,1
DA:339,7
DA:340,3
DA:346,4
DA:347,4
DA:348,4
DA:349,4
DA:350,0
DA:356,4
DA:357,4
DA:359,4
DA:363,4
DA:369,4
DA:378,4
DA:388,4
DA:392,4
DA:395,4
DA:397,4
DA:399,4
DA:400,4
DA:401,4
DA:402,4
DA:403,4
DA:404,4
DA:412,0
DA:418,4
DA:419,4
DA:421,0
DA:426,0
DA:430,0
DA:442,6
DA:443,6
DA:447,6
DA:448,6
DA:449,0
DA:452,0
DA:457,6
DA:458,5
DA:459,5
DA:463,5
DA:467,5
DA:468,4
DA:472,4
DA:475,1
DA:485,1
DA:489,1
DA:491,1
DA:495,1
DA:506,6
DA:507,6
DA:509,6
DA:510,0
DA:513,6
DA:514,6
DA:518,6
DA:520,6
DA:521,6
DA:522,6
DA:524,6
DA:525,10
DA:526,10
DA:527,10
DA:528,4
DA:531,4
DA:534,0
DA:540,6
DA:541,6
DA:542,2
DA:545,2
DA:550,2
DA:558,4
DA:559,4
DA:562,4
DA:565,4
DA:566,0
DA:567,0
DA:572,0
DA:579,4
DA:580,4
DA:582,4
DA:587,3
DA:588,3
DA:594,3
DA:599,3
DA:606,1
DA:607,1
DA:610,1
DA:611,1
DA:612,1
DA:614,1
DA:615,1
DA:616,1
DA:617,1
DA:618,0
DA:621,0
DA:624,1
DA:629,1
DA:630,1
DA:633,1
DA:636,1
DA:638,0
DA:639,0
DA:644,0
DA:645,0
DA:650,0
DA:653,0
DA:654,0
DA:657,0
DA:662,1
DA:665,1
DA:666,1
DA:667,1
DA:669,1
DA:673,1
DA:674,1
DA:679,1
DA:682,1
DA:684,0
DA:685,0
DA:690,0
DA:691,0
DA:696,0
DA:701,0
DA:708,0
DA:712,0
DA:715,0
DA:719,1
DA:720,0
DA:723,0
DA:728,0
DA:735,1
DA:738,1
DA:741,1
DA:744,1
DA:747,1
DA:748,1
DA:749,0
DA:754,1
DA:759,1
DA:760,1
DA:761,1
DA:762,0
DA:766,1
DA:772,0
DA:779,1
DA:780,1
DA:781,1
DA:782,1
DA:788,1
DA:792,0
DA:797,0
DA:804,1
DA:805,1
DA:808,1
DA:810,0
DA:815,0
DA:816,0
DA:824,5
DA:829,1
DA:834,1
DA:837,4
DA:838,4
DA:839,0
DA:842,0
DA:846,4
DA:848,4
DA:849,4
DA:851,4
DA:852,4
DA:855,4
DA:858,4
DA:863,4
DA:865,0
DA:867,0
DA:868,0
DA:871,0
DA:874,0
DA:885,4
DA:886,0
DA:889,0
DA:890,0
DA:892,0
DA:893,0
DA:896,0
DA:899,0
DA:906,0
DA:914,4
DA:924,7
DA:926,2
DA:929,2
DA:930,2
DA:931,2
DA:932,2
DA:934,0
DA:936,2
DA:940,2
DA:941,2
DA:943,2
DA:944,0
DA:945,0
DA:946,0
DA:947,0
DA:948,0
DA:951,0
DA:956,2
DA:957,2
DA:959,2
DA:960,2
DA:961,2
DA:973,5
DA:975,5
DA:977,5
DA:979,0
DA:989,5
DA:1004,5
DA:1010,2
DA:1016,2
DA:1020,3
DA:1021,1
DA:1022,1
DA:1025,1
DA:1029,2
DA:1032,2
DA:1034,2
DA:1036,2
DA:1038,2
DA:1039,2
DA:1040,0
DA:1041,0
DA:1042,0
DA:1043,0
DA:1050,2
DA:1051,0
DA:1054,0
DA:1059,0
DA:1060,0
DA:1064,2
DA:1067,2
DA:1070,2
DA:1073,2
DA:1076,2
DA:1079,2
DA:1085,2
DA:1094,2
DA:1099,2
DA:1100,0
DA:1105,0
DA:1108,0
DA:1111,0
DA:1114,0
DA:1119,2
DA:1124,2
DA:1131,2
DA:1132,2
DA:1137,2
DA:1138,0
DA:1145,2
DA:1151,2
DA:1152,2
DA:1153,2
DA:1154,2
DA:1156,0
DA:1163,0
DA:1167,2
DA:1169,0
DA:1170,0
DA:1176,0
DA:1187,2
DA:1188,2
DA:1191,2
DA:1194,2
DA:1198,0
DA:1199,0
DA:1203,2
DA:1204,0
DA:1205,0
DA:1209,2
DA:1210,2
DA:1211,0
DA:1213,0
DA:1215,0
DA:1219,0
DA:1221,0
DA:1225,2
DA:1226,0
DA:1241,4
DA:1242,0
DA:1243,4
DA:1244,0
DA:1245,4
DA:1246,4
DA:1248,0
DA:1251,4
DA:1253,4
DA:1257,4
DA:1258,4
DA:1259,4
DA:1260,4
DA:1261,0
DA:1265,0
DA:1267,4
DA:1270,4
DA:1274,0
DA:1278,0
DA:1292,1
DA:1293,1
DA:1304,1
DA:1311,1
DA:1318,1
DA:1321,1
DA:1322,1
DA:1323,0
DA:1326,1
DA:1332,0
DA:1333,0
DA:1334,0
DA:1340,0
DA:1344,0
DA:1349,0
DA:1350,0
DA:1351,0
DA:1352,0
DA:1355,0
DA:1361,0
DA:1362,0
DA:1366,0
DA:1371,0
DA:1372,0
DA:1376,0
DA:1381,0
DA:1387,1
DA:1398,11
DA:1399,3
DA:1402,8
DA:1411,2
DA:1412,2
DA:1413,2
DA:1414,2
DA:1424,1
DA:1425,1
DA:1432,4
DA:1439,7
DA:1446,1
DA:1453,1
DA:1458,1
DA:1463,1
DA:1464,1
DA:1465,1
DA:1470,1
DA:1471,1
DA:1472,1
DA:1473,0
DA:1476,1
DA:1477,1
DA:1478,1
DA:1490,1
LF:463
LH:316
BRDA:45,0,0,40
BRDA:49,1,0,77
BRDA:49,1,1,0
BRDA:51,2,0,0
BRDA:51,2,1,77
BRDA:55,3,0,0
BRDA:55,3,1,77
BRDA:65,4,0,38
BRDA:81,5,0,1
BRDA:81,6,0,7
BRDA:81,6,1,6
BRDA:88,7,0,1
BRDA:88,8,0,6
BRDA:88,8,1,5
BRDA:102,9,0,1
BRDA:125,10,0,2
BRDA:127,11,0,1
BRDA:172,12,0,0
BRDA:172,12,1,3
BRDA:172,13,0,3
BRDA:172,13,1,3
BRDA:204,14,0,0
BRDA:252,15,0,0
BRDA:252,15,1,3
BRDA:252,16,0,3
BRDA:252,16,1,3
BRDA:278,17,0,0
BRDA:312,18,0,1
BRDA:312,18,1,0
BRDA:318,19,0,1
BRDA:318,19,1,0
BRDA:332,20,0,1
BRDA:332,21,0,8
BRDA:332,21,1,7
BRDA:339,22,0,3
BRDA:339,23,0,7
BRDA:339,23,1,7
BRDA:339,23,2,6
BRDA:349,24,0,0
BRDA:359,25,0,4
BRDA:359,25,1,4
BRDA:403,26,0,4
BRDA:403,27,0,4
BRDA:403,27,1,4
BRDA:424,28,0,0
BRDA:424,28,1,0
BRDA:433,29,0,0
BRDA:433,29,1,0
BRDA:467,30,0,4
BRDA:467,31,0,5
BRDA:467,31,1,4
BRDA:467,31,2,1
BRDA:476,32,0,1
BRDA:476,32,1,0
BRDA:509,33,0,0
BRDA:527,34,0,4
BRDA:541,35,0,2
BRDA:565,36,0,0
BRDA:582,37,0,3
BRDA:583,38,0,4
BRDA:583,38,1,4
BRDA:583,38,2,3
BRDA:614,39,0,2
BRDA:614,39,1,2
BRDA:644,40,0,0
BRDA:670,41,0,2
BRDA:670,41,1,2
BRDA:690,42,0,0
BRDA:719,43,0,0
BRDA:761,44,0,0
BRDA:761,44,1,1
BRDA:761,45,0,1
BRDA:761,45,1,1
BRDA:781,46,0,1
BRDA:781,46,1,0
BRDA:824,47,0,1
BRDA:825,48,0,5
BRDA:825,48,1,5
BRDA:825,48,2,4
BRDA:838,49,0,0
BRDA:865,50,0,0
BRDA:865,51,0,0
BRDA:865,51,1,0
BRDA:865,51,2,0
BRDA:867,52,0,0
BRDA:885,53,0,0
BRDA:892,54,0,0
BRDA:924,55,0,5
BRDA:929,56,0,2
BRDA:946,57,0,0
BRDA:946,58,0,0
BRDA:946,58,1,0
BRDA:1004,59,0,2
BRDA:1005,60,0,5
BRDA:1005,60,1,3
BRDA:1005,60,2,3
BRDA:1005,60,3,3
BRDA:1020,61,0,1
BRDA:1039,62,0,0
BRDA:1039,63,0,2
BRDA:1039,63,1,2
BRDA:1041,64,0,0
BRDA:1050,65,0,0
BRDA:1068,66,0,2
BRDA:1068,66,1,0
BRDA:1074,67,0,2
BRDA:1074,67,1,0
BRDA:1086,68,0,2
BRDA:1086,68,1,0
BRDA:1089,69,0,2
BRDA:1089,69,1,0
BRDA:1099,70,0,0
BRDA:1119,71,0,2
BRDA:1119,71,1,0
BRDA:1131,72,0,2
BRDA:1137,73,0,0
BRDA:1151,74,0,2
BRDA:1151,74,1,0
BRDA:1198,75,0,0
BRDA:1203,76,0,0
BRDA:1210,77,0,0
BRDA:1225,78,0,0
BRDA:1241,79,0,0
BRDA:1241,79,1,4
BRDA:1243,80,0,0
BRDA:1243,80,1,4
BRDA:1245,81,0,4
BRDA:1245,81,1,0
BRDA:1260,82,0,0
BRDA:1260,82,1,4
BRDA:1307,83,0,1
BRDA:1307,83,1,0
BRDA:1333,84,0,0
BRDA:1371,85,0,0
BRDA:1371,85,1,0
BRDA:1371,86,0,0
BRDA:1371,86,1,0
BRDA:1398,87,0,3
BRDA:1412,88,0,2
BRDA:1463,89,0,0
BRDA:1463,90,0,1
BRDA:1463,90,1,1
BRDA:1472,91,0,0
BRDA:1472,92,0,1
BRDA:1472,92,1,0
BRF:145
BRH:84
end_of_record
TN:
SF:src\types.ts
FN:166,(anonymous_0)
FNF:1
FNH:1
FNDA:1,(anonymous_0)
DA:166,1
DA:167,1
DA:168,1
DA:169,1
DA:170,1
LF:5
LH:5
BRDA:166,0,0,1
BRDA:166,0,1,1
BRF:2
BRH:2
end_of_record
TN:
SF:src\utils.ts
FN:10,randomHex
FN:21,(anonymous_1)
FN:27,generateMessageId
FN:36,generateGroupId
FN:45,createSafePath
FN:58,simpleHash
FN:71,createConversationId
FN:80,limitMapSize
FN:84,(anonymous_8)
FN:91,cleanupExpiredEntries
FN:104,(anonymous_10)
FN:110,generateInviteLink
FN:144,generateSecureToken
FN:147,(anonymous_13)
FN:155,generateTokenRoomId
FN:164,sendToGunDB
FN:187,(anonymous_16)
FN:189,(anonymous_17)
FNF:18
FNH:18
FNDA:15,randomHex
FNDA:120,(anonymous_1)
FNDA:10,generateMessageId
FNDA:1,generateGroupId
FNDA:18,createSafePath
FNDA:21,simpleHash
FNDA:2,createConversationId
FNDA:1,limitMapSize
FNDA:5,(anonymous_8)
FNDA:1,cleanupExpiredEntries
FNDA:1,(anonymous_10)
FNDA:1,generateInviteLink
FNDA:5,generateSecureToken
FNDA:128,(anonymous_13)
FNDA:4,generateTokenRoomId
FNDA:8,sendToGunDB
FNDA:7,(anonymous_16)
FNDA:6,(anonymous_17)
DA:11,15
DA:13,15
DA:14,14
DA:17,1
DA:18,8
DA:21,120
DA:27,7
DA:28,10
DA:29,10
DA:30,10
DA:36,7
DA:37,1
DA:38,1
DA:39,1
DA:45,7
DA:46,18
DA:47,1
DA:51,17
DA:52,17
DA:58,7
DA:59,21
DA:60,21
DA:61,295
DA:62,295
DA:63,295
DA:65,21
DA:71,7
DA:73,2
DA:74,2
DA:80,7
DA:81,1
DA:82,1
DA:83,1
DA:84,5
DA:91,7
DA:95,1
DA:96,1
DA:98,1
DA:99,2
DA:100,1
DA:104,1
DA:110,7
DA:118,1
DA:122,1
DA:123,1
DA:124,1
DA:125,1
DA:127,1
DA:129,1
DA:130,1
DA:131,1
DA:133,1
DA:134,1
DA:135,1
DA:138,1
DA:144,7
DA:145,5
DA:146,5
DA:147,128
DA:155,7
DA:156,4
DA:157,4
DA:158,4
DA:164,7
DA:171,8
DA:172,1
DA:177,7
DA:178,1
DA:179,6
DA:180,0
DA:182,6
DA:185,7
DA:187,7
DA:188,7
DA:189,7
DA:190,6
DA:191,1
DA:193,5
DA:197,1
LF:79
LH:78
BRDA:10,0,0,0
BRDA:13,1,0,14
BRDA:13,1,1,1
BRDA:45,2,0,17
BRDA:46,3,0,1
BRDA:46,4,0,18
BRDA:46,4,1,17
BRDA:81,5,0,1
BRDA:99,6,0,1
BRDA:118,7,0,1
BRDA:118,7,1,1
BRDA:119,8,0,1
BRDA:119,8,1,0
BRDA:119,9,0,1
BRDA:119,9,1,1
BRDA:124,10,0,1
BRDA:124,10,1,0
BRDA:125,11,0,1
BRDA:125,11,1,0
BRDA:130,12,0,1
BRDA:131,13,0,1
BRDA:134,14,0,1
BRDA:171,15,0,1
BRDA:171,16,0,8
BRDA:171,16,1,8
BRDA:171,16,2,7
BRDA:177,17,0,1
BRDA:177,17,1,6
BRDA:179,18,0,0
BRDA:179,18,1,6
BRDA:190,19,0,1
BRDA:190,19,1,5
BRF:32
BRH:27
end_of_record
